============================= test session starts ==============================
platform linux -- Python 3.8.0, pytest-6.1.1, py-1.9.0, pluggy-0.13.1
rootdir: /dc-app-performance-toolkit/app
plugins: apiritif-0.9.5
collected 14 items

selenium_ui/jira_ui.py first driver inits
1608131965957,999,selenium_login:open_login_page,Success,True
1608131968677,2720,selenium_login:login_and_view_dashboard,Success,True
1608131968677,3720,selenium_login,Success,True
.test_0_selenium_a_login,Total:1 Passed:1 Failed:0
1608131969459,770,selenium_browse_projects_list,Success,True
.test_1_selenium_browse_projects_list,Total:2 Passed:2 Failed:0
1608131971812,2351,selenium_browse_boards_list,Success,True
.test_1_selenium_browse_boards_list,Total:3 Passed:3 Failed:0
1608131972881,1059,selenium_create_issue:open_quick_create,Success,True
1608131974711,1127,selenium_create_issue:fill_and_submit_issue_form:submit_issue_form,Success,True
1608131974711,1829,selenium_create_issue:fill_and_submit_issue_form,Success,True
1608131974711,2889,selenium_create_issue,Success,True
.test_1_selenium_create_issue,Total:4 Passed:4 Failed:0
1608131975734,1009,selenium_edit_issue:open_edit_issue_form,Success,True
1608131976776,551,selenium_edit_issue:save_edit_issue_form,Success,True
1608131976777,2052,selenium_edit_issue,Success,True
.test_1_selenium_edit_issue,Total:5 Passed:5 Failed:0
1608131977137,359,selenium_save_comment:open_comment_form,Success,True
1608131980426,3107,selenium_save_comment:submit_form,Success,True
1608131980426,3648,selenium_save_comment,Success,True
.test_1_selenium_save_comment,Total:6 Passed:6 Failed:0
1608131982803,2376,selenium_search_jql,Success,True
.test_1_selenium_search_jql,Total:7 Passed:7 Failed:0
1608131986375,3570,selenium_view_scrum_board_backlog,Success,True
.test_1_selenium_view_backlog_for_scrum_board,Total:8 Passed:8 Failed:0
1608131988875,2498,selenium_view_scrum_board,Success,True
.test_1_selenium_view_scrum_board,Total:9 Passed:9 Failed:0
1608131989713,836,selenium_view_kanban_board,Success,True
.test_1_selenium_view_kanban_board,Total:10 Passed:10 Failed:0
1608131990084,370,selenium_view_dashboard,Success,True
.test_1_selenium_view_dashboard,Total:11 Passed:11 Failed:0
1608131991895,1808,selenium_view_issue,Success,True
.test_1_selenium_view_issue,Total:12 Passed:12 Failed:0
1608131994258,2361,selenium_project_summary,Success,True
.test_1_selenium_view_project_summary,Total:13 Passed:13 Failed:0
1608131994603,344,selenium_log_out,Success,True
.test_2_selenium_z_log_out,Total:14 Passed:14 Failed:0


=============================== warnings summary ===============================
../../usr/local/lib/python3.8/dist-packages/_pytest/config/__init__.py:1114
  /usr/local/lib/python3.8/dist-packages/_pytest/config/__init__.py:1114: PytestAssertRewriteWarning: Module already imported so cannot be rewritten: apiritif
    self._mark_plugins_for_rewrite(hook)

-- Docs: https://docs.pytest.org/en/stable/warnings.html
======================== 14 passed, 1 warning in 30.88s ========================
============================= test session starts ==============================
platform linux -- Python 3.8.0, pytest-6.1.1, py-1.9.0, pluggy-0.13.1
rootdir: /dc-app-performance-toolkit/app
plugins: apiritif-0.9.5
collected 14 items

selenium_ui/jira_ui.py get driver from global
1608131994782,114,selenium_login:open_login_page,Success,True
1608131996220,1438,selenium_login:login_and_view_dashboard,Success,True
1608131996221,1553,selenium_login,Success,True
.test_0_selenium_a_login,Total:15 Passed:15 Failed:0
1608131996632,301,selenium_browse_projects_list,Success,True
.test_1_selenium_browse_projects_list,Total:16 Passed:16 Failed:0
1608131996945,312,selenium_browse_boards_list,Success,True
.test_1_selenium_browse_boards_list,Total:17 Passed:17 Failed:0
1608131997661,706,selenium_create_issue:open_quick_create,Success,True
1608131998834,606,selenium_create_issue:fill_and_submit_issue_form:submit_issue_form,Success,True
1608131998834,1173,selenium_create_issue:fill_and_submit_issue_form,Success,True
1608131998834,1879,selenium_create_issue,Success,True
.test_1_selenium_create_issue,Total:18 Passed:18 Failed:0
1608131999433,586,selenium_edit_issue:open_edit_issue_form,Success,True
1608132000345,571,selenium_edit_issue:save_edit_issue_form,Success,True
1608132000346,1498,selenium_edit_issue,Success,True
.test_1_selenium_edit_issue,Total:19 Passed:19 Failed:0
1608132000674,327,selenium_save_comment:open_comment_form,Success,True
1608132001756,927,selenium_save_comment:submit_form,Success,True
1608132001756,1409,selenium_save_comment,Success,True
.test_1_selenium_save_comment,Total:20 Passed:20 Failed:0
1608132002979,1221,selenium_search_jql,Success,True
.test_1_selenium_search_jql,Total:21 Passed:21 Failed:0
1608132003699,718,selenium_view_scrum_board_backlog,Success,True
.test_1_selenium_view_backlog_for_scrum_board,Total:22 Passed:22 Failed:0
1608132004465,764,selenium_view_scrum_board,Success,True
.test_1_selenium_view_scrum_board,Total:23 Passed:23 Failed:0
1608132005387,920,selenium_view_kanban_board,Success,True
.test_1_selenium_view_kanban_board,Total:24 Passed:24 Failed:0
1608132005713,324,selenium_view_dashboard,Success,True
.test_1_selenium_view_dashboard,Total:25 Passed:25 Failed:0
1608132007503,1789,selenium_view_issue,Success,True
.test_1_selenium_view_issue,Total:26 Passed:26 Failed:0
1608132008047,542,selenium_project_summary,Success,True
.test_1_selenium_view_project_summary,Total:27 Passed:27 Failed:0
1608132008362,313,selenium_log_out,Success,True
.test_2_selenium_z_log_out,Total:28 Passed:28 Failed:0


=============================== warnings summary ===============================
../../usr/local/lib/python3.8/dist-packages/_pytest/config/__init__.py:1114
  /usr/local/lib/python3.8/dist-packages/_pytest/config/__init__.py:1114: PytestAssertRewriteWarning: Module already imported so cannot be rewritten: apiritif
    self._mark_plugins_for_rewrite(hook)

-- Docs: https://docs.pytest.org/en/stable/warnings.html
======================== 14 passed, 1 warning in 13.70s ========================
============================= test session starts ==============================
platform linux -- Python 3.8.0, pytest-6.1.1, py-1.9.0, pluggy-0.13.1
rootdir: /dc-app-performance-toolkit/app
plugins: apiritif-0.9.5
collected 14 items

selenium_ui/jira_ui.py get driver from global
1608132008523,112,selenium_login:open_login_page,Success,True
1608132009031,507,selenium_login:login_and_view_dashboard,Success,True
1608132009031,620,selenium_login,Success,True
.test_0_selenium_a_login,Total:29 Passed:29 Failed:0
1608132009360,317,selenium_browse_projects_list,Success,True
.test_1_selenium_browse_projects_list,Total:30 Passed:30 Failed:0
1608132009614,252,selenium_browse_boards_list,Success,True
.test_1_selenium_browse_boards_list,Total:31 Passed:31 Failed:0
1608132010348,726,selenium_create_issue:open_quick_create,Success,True
1608132011484,610,selenium_create_issue:fill_and_submit_issue_form:submit_issue_form,Success,True
1608132011484,1135,selenium_create_issue:fill_and_submit_issue_form,Success,True
1608132011484,1862,selenium_create_issue,Success,True
.test_1_selenium_create_issue,Total:32 Passed:32 Failed:0
1608132012080,583,selenium_edit_issue:open_edit_issue_form,Success,True
1608132012977,574,selenium_edit_issue:save_edit_issue_form,Success,True
1608132012977,1480,selenium_edit_issue,Success,True
.test_1_selenium_edit_issue,Total:33 Passed:33 Failed:0
1608132013338,359,selenium_save_comment:open_comment_form,Success,True
1608132014362,848,selenium_save_comment:submit_form,Success,True
1608132014363,1384,selenium_save_comment,Success,True
.test_1_selenium_save_comment,Total:34 Passed:34 Failed:0
1608132015695,1331,selenium_search_jql,Success,True
.test_1_selenium_search_jql,Total:35 Passed:35 Failed:0
1608132016969,1273,selenium_view_scrum_board_backlog,Success,True
.test_1_selenium_view_backlog_for_scrum_board,Total:36 Passed:36 Failed:0
1608132017256,284,selenium_view_scrum_board,Success,True
.test_1_selenium_view_scrum_board,Total:37 Passed:37 Failed:0
1608132018153,896,selenium_view_kanban_board,Success,True
.test_1_selenium_view_kanban_board,Total:38 Passed:38 Failed:0
1608132018493,338,selenium_view_dashboard,Success,True
.test_1_selenium_view_dashboard,Total:39 Passed:39 Failed:0
1608132019145,651,selenium_view_issue,Success,True
.test_1_selenium_view_issue,Total:40 Passed:40 Failed:0
1608132019545,398,selenium_project_summary,Success,True
.test_1_selenium_view_project_summary,Total:41 Passed:41 Failed:0
1608132019856,309,selenium_log_out,Success,True
.test_2_selenium_z_log_out,Total:42 Passed:42 Failed:0


=============================== warnings summary ===============================
../../usr/local/lib/python3.8/dist-packages/_pytest/config/__init__.py:1114
  /usr/local/lib/python3.8/dist-packages/_pytest/config/__init__.py:1114: PytestAssertRewriteWarning: Module already imported so cannot be rewritten: apiritif
    self._mark_plugins_for_rewrite(hook)

-- Docs: https://docs.pytest.org/en/stable/warnings.html
======================== 14 passed, 1 warning in 11.45s ========================
============================= test session starts ==============================
platform linux -- Python 3.8.0, pytest-6.1.1, py-1.9.0, pluggy-0.13.1
rootdir: /dc-app-performance-toolkit/app
plugins: apiritif-0.9.5
collected 14 items

selenium_ui/jira_ui.py get driver from global
1608132020025,101,selenium_login:open_login_page,Success,True
1608132021283,1257,selenium_login:login_and_view_dashboard,Success,True
1608132021283,1359,selenium_login,Success,True
.test_0_selenium_a_login,Total:43 Passed:43 Failed:0
1608132021594,292,selenium_browse_projects_list,Success,True
.test_1_selenium_browse_projects_list,Total:44 Passed:44 Failed:0
1608132021849,253,selenium_browse_boards_list,Success,True
.test_1_selenium_browse_boards_list,Total:45 Passed:45 Failed:0
1608132022591,733,selenium_create_issue:open_quick_create,Success,True
1608132023768,604,selenium_create_issue:fill_and_submit_issue_form:submit_issue_form,Success,True
1608132023768,1176,selenium_create_issue:fill_and_submit_issue_form,Success,True
1608132023768,1910,selenium_create_issue,Success,True
.test_1_selenium_create_issue,Total:46 Passed:46 Failed:0
1608132024360,579,selenium_edit_issue:open_edit_issue_form,Success,True
1608132025276,572,selenium_edit_issue:save_edit_issue_form,Success,True
1608132025277,1495,selenium_edit_issue,Success,True
.test_1_selenium_edit_issue,Total:47 Passed:47 Failed:0
1608132025650,372,selenium_save_comment:open_comment_form,Success,True
1608132026566,742,selenium_save_comment:submit_form,Success,True
1608132026567,1288,selenium_save_comment,Success,True
.test_1_selenium_save_comment,Total:48 Passed:48 Failed:0
1608132027781,1212,selenium_search_jql,Success,True
.test_1_selenium_search_jql,Total:49 Passed:49 Failed:0
1608132028233,451,selenium_view_scrum_board_backlog,Success,True
.test_1_selenium_view_backlog_for_scrum_board,Total:50 Passed:50 Failed:0
1608132028511,276,selenium_view_scrum_board,Success,True
.test_1_selenium_view_scrum_board,Total:51 Passed:51 Failed:0
1608132029261,748,selenium_view_kanban_board,Success,True
.test_1_selenium_view_kanban_board,Total:52 Passed:52 Failed:0
1608132029605,343,selenium_view_dashboard,Success,True
.test_1_selenium_view_dashboard,Total:53 Passed:53 Failed:0
1608132030242,635,selenium_view_issue,Success,True
.test_1_selenium_view_issue,Total:54 Passed:54 Failed:0
1608132030553,309,selenium_project_summary,Success,True
.test_1_selenium_view_project_summary,Total:55 Passed:55 Failed:0
1608132030872,318,selenium_log_out,Success,True
.test_2_selenium_z_log_out,Total:56 Passed:56 Failed:0


=============================== warnings summary ===============================
../../usr/local/lib/python3.8/dist-packages/_pytest/config/__init__.py:1114
  /usr/local/lib/python3.8/dist-packages/_pytest/config/__init__.py:1114: PytestAssertRewriteWarning: Module already imported so cannot be rewritten: apiritif
    self._mark_plugins_for_rewrite(hook)

-- Docs: https://docs.pytest.org/en/stable/warnings.html
======================== 14 passed, 1 warning in 10.96s ========================
============================= test session starts ==============================
platform linux -- Python 3.8.0, pytest-6.1.1, py-1.9.0, pluggy-0.13.1
rootdir: /dc-app-performance-toolkit/app
plugins: apiritif-0.9.5
collected 14 items

selenium_ui/jira_ui.py get driver from global
1608132031022,100,selenium_login:open_login_page,Success,True
1608132031521,498,selenium_login:login_and_view_dashboard,Success,True
1608132031521,599,selenium_login,Success,True
.test_0_selenium_a_login,Total:57 Passed:57 Failed:0
1608132031860,327,selenium_browse_projects_list,Success,True
.test_1_selenium_browse_projects_list,Total:58 Passed:58 Failed:0
1608132032122,260,selenium_browse_boards_list,Success,True
.test_1_selenium_browse_boards_list,Total:59 Passed:59 Failed:0
1608132032896,766,selenium_create_issue:open_quick_create,Success,True
1608132034032,604,selenium_create_issue:fill_and_submit_issue_form:submit_issue_form,Success,True
1608132034032,1135,selenium_create_issue:fill_and_submit_issue_form,Success,True
1608132034032,1902,selenium_create_issue,Success,True
.test_1_selenium_create_issue,Total:60 Passed:60 Failed:0
1608132034611,567,selenium_edit_issue:open_edit_issue_form,Success,True
1608132035523,552,selenium_edit_issue:save_edit_issue_form,Success,True
1608132035523,1479,selenium_edit_issue,Success,True
.test_1_selenium_edit_issue,Total:61 Passed:61 Failed:0
1608132035849,324,selenium_save_comment:open_comment_form,Success,True
1608132036800,787,selenium_save_comment:submit_form,Success,True
1608132036800,1276,selenium_save_comment,Success,True
.test_1_selenium_save_comment,Total:62 Passed:62 Failed:0
1608132038004,1201,selenium_search_jql,Success,True
.test_1_selenium_search_jql,Total:63 Passed:63 Failed:0
1608132038505,500,selenium_view_scrum_board_backlog,Success,True
.test_1_selenium_view_backlog_for_scrum_board,Total:64 Passed:64 Failed:0
1608132039552,1045,selenium_view_scrum_board,Success,True
.test_1_selenium_view_scrum_board,Total:65 Passed:65 Failed:0
1608132040791,1237,selenium_view_kanban_board,Success,True
.test_1_selenium_view_kanban_board,Total:66 Passed:66 Failed:0
1608132041123,331,selenium_view_dashboard,Success,True
.test_1_selenium_view_dashboard,Total:67 Passed:67 Failed:0
1608132041802,677,selenium_view_issue,Success,True
.test_1_selenium_view_issue,Total:68 Passed:68 Failed:0
1608132042211,407,selenium_project_summary,Success,True
.test_1_selenium_view_project_summary,Total:69 Passed:69 Failed:0
1608132042549,336,selenium_log_out,Success,True
.test_2_selenium_z_log_out,Total:70 Passed:70 Failed:0


=============================== warnings summary ===============================
../../usr/local/lib/python3.8/dist-packages/_pytest/config/__init__.py:1114
  /usr/local/lib/python3.8/dist-packages/_pytest/config/__init__.py:1114: PytestAssertRewriteWarning: Module already imported so cannot be rewritten: apiritif
    self._mark_plugins_for_rewrite(hook)

-- Docs: https://docs.pytest.org/en/stable/warnings.html
======================== 14 passed, 1 warning in 11.64s ========================
============================= test session starts ==============================
platform linux -- Python 3.8.0, pytest-6.1.1, py-1.9.0, pluggy-0.13.1
rootdir: /dc-app-performance-toolkit/app
plugins: apiritif-0.9.5
collected 14 items

selenium_ui/jira_ui.py get driver from global
1608132042699,101,selenium_login:open_login_page,Success,True
1608132043895,1196,selenium_login:login_and_view_dashboard,Success,True
1608132043896,1298,selenium_login,Success,True
.test_0_selenium_a_login,Total:71 Passed:71 Failed:0
1608132044262,327,selenium_browse_projects_list,Success,True
.test_1_selenium_browse_projects_list,Total:72 Passed:72 Failed:0
1608132044524,260,selenium_browse_boards_list,Success,True
.test_1_selenium_browse_boards_list,Total:73 Passed:73 Failed:0
1608132045251,716,selenium_create_issue:open_quick_create,Success,True
1608132046407,615,selenium_create_issue:fill_and_submit_issue_form:submit_issue_form,Success,True
1608132046407,1155,selenium_create_issue:fill_and_submit_issue_form,Success,True
1608132046407,1872,selenium_create_issue,Success,True
.test_1_selenium_create_issue,Total:74 Passed:74 Failed:0
1608132047004,578,selenium_edit_issue:open_edit_issue_form,Success,True
1608132047916,583,selenium_edit_issue:save_edit_issue_form,Success,True
1608132047916,1490,selenium_edit_issue,Success,True
.test_1_selenium_edit_issue,Total:75 Passed:75 Failed:0
1608132048269,350,selenium_save_comment:open_comment_form,Success,True
1608132049205,739,selenium_save_comment:submit_form,Success,True
1608132049205,1287,selenium_save_comment,Success,True
.test_1_selenium_save_comment,Total:76 Passed:76 Failed:0
1608132050442,1235,selenium_search_jql,Success,True
.test_1_selenium_search_jql,Total:77 Passed:77 Failed:0
1608132051059,615,selenium_view_scrum_board_backlog,Success,True
.test_1_selenium_view_backlog_for_scrum_board,Total:78 Passed:78 Failed:0
1608132051507,446,selenium_view_scrum_board,Success,True
.test_1_selenium_view_scrum_board,Total:79 Passed:79 Failed:0
1608132052762,1253,selenium_view_kanban_board,Success,True
.test_1_selenium_view_kanban_board,Total:80 Passed:80 Failed:0
1608132053171,407,selenium_view_dashboard,Success,True
.test_1_selenium_view_dashboard,Total:81 Passed:81 Failed:0
1608132053817,643,selenium_view_issue,Success,True
.test_1_selenium_view_issue,Total:82 Passed:82 Failed:0
1608132054265,447,selenium_project_summary,Success,True
.test_1_selenium_view_project_summary,Total:83 Passed:83 Failed:0
1608132054590,323,selenium_log_out,Success,True
.test_2_selenium_z_log_out,Total:84 Passed:84 Failed:0


=============================== warnings summary ===============================
../../usr/local/lib/python3.8/dist-packages/_pytest/config/__init__.py:1114
  /usr/local/lib/python3.8/dist-packages/_pytest/config/__init__.py:1114: PytestAssertRewriteWarning: Module already imported so cannot be rewritten: apiritif
    self._mark_plugins_for_rewrite(hook)

-- Docs: https://docs.pytest.org/en/stable/warnings.html
======================== 14 passed, 1 warning in 12.00s ========================
============================= test session starts ==============================
platform linux -- Python 3.8.0, pytest-6.1.1, py-1.9.0, pluggy-0.13.1
rootdir: /dc-app-performance-toolkit/app
plugins: apiritif-0.9.5
collected 14 items

selenium_ui/jira_ui.py get driver from global
1608132054740,101,selenium_login:open_login_page,Success,True
1608132055958,1217,selenium_login:login_and_view_dashboard,Success,True
1608132055958,1319,selenium_login,Success,True
.test_0_selenium_a_login,Total:85 Passed:85 Failed:0
1608132056331,345,selenium_browse_projects_list,Success,True
.test_1_selenium_browse_projects_list,Total:86 Passed:86 Failed:0
1608132056596,263,selenium_browse_boards_list,Success,True
.test_1_selenium_browse_boards_list,Total:87 Passed:87 Failed:0
1608132057343,737,selenium_create_issue:open_quick_create,Success,True
1608132058498,624,selenium_create_issue:fill_and_submit_issue_form:submit_issue_form,Success,True
1608132058498,1155,selenium_create_issue:fill_and_submit_issue_form,Success,True
1608132058498,1893,selenium_create_issue,Success,True
.test_1_selenium_create_issue,Total:88 Passed:88 Failed:0
1608132059162,651,selenium_edit_issue:open_edit_issue_form,Success,True
1608132060134,698,selenium_edit_issue:save_edit_issue_form,Success,True
1608132060134,1623,selenium_edit_issue,Success,True
.test_1_selenium_edit_issue,Total:89 Passed:89 Failed:0
1608132060465,330,selenium_save_comment:open_comment_form,Success,True
1608132061330,717,selenium_save_comment:submit_form,Success,True
1608132061330,1195,selenium_save_comment,Success,True
.test_1_selenium_save_comment,Total:90 Passed:90 Failed:0
1608132062556,1223,selenium_search_jql,Success,True
.test_1_selenium_search_jql,Total:91 Passed:91 Failed:0
1608132063773,1216,selenium_view_scrum_board_backlog,Success,True
.test_1_selenium_view_backlog_for_scrum_board,Total:92 Passed:92 Failed:0
1608132064223,448,selenium_view_scrum_board,Success,True
.test_1_selenium_view_scrum_board,Total:93 Passed:93 Failed:0
1608132065519,1294,selenium_view_kanban_board,Success,True
.test_1_selenium_view_kanban_board,Total:94 Passed:94 Failed:0
1608132065875,354,selenium_view_dashboard,Success,True
.test_1_selenium_view_dashboard,Total:95 Passed:95 Failed:0
1608132066526,650,selenium_view_issue,Success,True
.test_1_selenium_view_issue,Total:96 Passed:96 Failed:0
1608132066959,431,selenium_project_summary,Success,True
.test_1_selenium_view_project_summary,Total:97 Passed:97 Failed:0
1608132067281,320,selenium_log_out,Success,True
.test_2_selenium_z_log_out,Total:98 Passed:98 Failed:0


=============================== warnings summary ===============================
../../usr/local/lib/python3.8/dist-packages/_pytest/config/__init__.py:1114
  /usr/local/lib/python3.8/dist-packages/_pytest/config/__init__.py:1114: PytestAssertRewriteWarning: Module already imported so cannot be rewritten: apiritif
    self._mark_plugins_for_rewrite(hook)

-- Docs: https://docs.pytest.org/en/stable/warnings.html
======================== 14 passed, 1 warning in 12.65s ========================
============================= test session starts ==============================
platform linux -- Python 3.8.0, pytest-6.1.1, py-1.9.0, pluggy-0.13.1
rootdir: /dc-app-performance-toolkit/app
plugins: apiritif-0.9.5
collected 14 items

selenium_ui/jira_ui.py get driver from global
1608132067427,99,selenium_login:open_login_page,Success,True
1608132067955,527,selenium_login:login_and_view_dashboard,Success,True
1608132067955,627,selenium_login,Success,True
.test_0_selenium_a_login,Total:99 Passed:99 Failed:0
1608132068329,362,selenium_browse_projects_list,Success,True
.test_1_selenium_browse_projects_list,Total:100 Passed:100 Failed:0
1608132068617,285,selenium_browse_boards_list,Success,True
.test_1_selenium_browse_boards_list,Total:101 Passed:101 Failed:0
1608132069347,722,selenium_create_issue:open_quick_create,Success,True
1608132070449,602,selenium_create_issue:fill_and_submit_issue_form:submit_issue_form,Success,True
1608132070449,1101,selenium_create_issue:fill_and_submit_issue_form,Success,True
1608132070449,1824,selenium_create_issue,Success,True
.test_1_selenium_create_issue,Total:102 Passed:102 Failed:0
1608132071123,659,selenium_edit_issue:open_edit_issue_form,Success,True
1608132072048,648,selenium_edit_issue:save_edit_issue_form,Success,True
1608132072048,1584,selenium_edit_issue,Success,True
.test_1_selenium_edit_issue,Total:103 Passed:103 Failed:0
1608132072430,381,selenium_save_comment:open_comment_form,Success,True
1608132073342,810,selenium_save_comment:submit_form,Success,True
1608132073342,1293,selenium_save_comment,Success,True
.test_1_selenium_save_comment,Total:104 Passed:104 Failed:0
1608132074632,1289,selenium_search_jql,Success,True
.test_1_selenium_search_jql,Total:105 Passed:105 Failed:0
1608132075132,498,selenium_view_scrum_board_backlog,Success,True
.test_1_selenium_view_backlog_for_scrum_board,Total:106 Passed:106 Failed:0
1608132076202,1068,selenium_view_scrum_board,Success,True
.test_1_selenium_view_scrum_board,Total:107 Passed:107 Failed:0
1608132077352,1148,selenium_view_kanban_board,Success,True
.test_1_selenium_view_kanban_board,Total:108 Passed:108 Failed:0
1608132077933,579,selenium_view_dashboard,Success,True
.test_1_selenium_view_dashboard,Total:109 Passed:109 Failed:0
1608132078546,612,selenium_view_issue,Success,True
.test_1_selenium_view_issue,Total:110 Passed:110 Failed:0
1608132078997,449,selenium_project_summary,Success,True
.test_1_selenium_view_project_summary,Total:111 Passed:111 Failed:0
1608132079294,295,selenium_log_out,Success,True
.test_2_selenium_z_log_out,Total:112 Passed:112 Failed:0


=============================== warnings summary ===============================
../../usr/local/lib/python3.8/dist-packages/_pytest/config/__init__.py:1114
  /usr/local/lib/python3.8/dist-packages/_pytest/config/__init__.py:1114: PytestAssertRewriteWarning: Module already imported so cannot be rewritten: apiritif
    self._mark_plugins_for_rewrite(hook)

-- Docs: https://docs.pytest.org/en/stable/warnings.html
======================== 14 passed, 1 warning in 11.98s ========================
============================= test session starts ==============================
platform linux -- Python 3.8.0, pytest-6.1.1, py-1.9.0, pluggy-0.13.1
rootdir: /dc-app-performance-toolkit/app
plugins: apiritif-0.9.5
collected 14 items

selenium_ui/jira_ui.py get driver from global
1608132079449,105,selenium_login:open_login_page,Success,True
1608132079946,496,selenium_login:login_and_view_dashboard,Success,True
1608132079946,602,selenium_login,Success,True
.test_0_selenium_a_login,Total:113 Passed:113 Failed:0
1608132080278,320,selenium_browse_projects_list,Success,True
.test_1_selenium_browse_projects_list,Total:114 Passed:114 Failed:0
1608132080536,257,selenium_browse_boards_list,Success,True
.test_1_selenium_browse_boards_list,Total:115 Passed:115 Failed:0
1608132081286,740,selenium_create_issue:open_quick_create,Success,True
1608132082472,610,selenium_create_issue:fill_and_submit_issue_form:submit_issue_form,Success,True
1608132082472,1186,selenium_create_issue:fill_and_submit_issue_form,Success,True
1608132082472,1926,selenium_create_issue,Success,True
.test_1_selenium_create_issue,Total:116 Passed:116 Failed:0
1608132083161,675,selenium_edit_issue:open_edit_issue_form,Success,True
1608132083996,579,selenium_edit_issue:save_edit_issue_form,Success,True
1608132083996,1509,selenium_edit_issue,Success,True
.test_1_selenium_edit_issue,Total:117 Passed:117 Failed:0
1608132084349,351,selenium_save_comment:open_comment_form,Success,True
1608132085322,794,selenium_save_comment:submit_form,Success,True
1608132085322,1324,selenium_save_comment,Success,True
.test_1_selenium_save_comment,Total:118 Passed:118 Failed:0
1608132086557,1234,selenium_search_jql,Success,True
.test_1_selenium_search_jql,Total:119 Passed:119 Failed:0
1608132087189,630,selenium_view_scrum_board_backlog,Success,True
.test_1_selenium_view_backlog_for_scrum_board,Total:120 Passed:120 Failed:0
1608132087654,463,selenium_view_scrum_board,Success,True
.test_1_selenium_view_scrum_board,Total:121 Passed:121 Failed:0
1608132088458,803,selenium_view_kanban_board,Success,True
.test_1_selenium_view_kanban_board,Total:122 Passed:122 Failed:0
1608132088745,285,selenium_view_dashboard,Success,True
.test_1_selenium_view_dashboard,Total:123 Passed:123 Failed:0
1608132089313,566,selenium_view_issue,Success,True
.test_1_selenium_view_issue,Total:124 Passed:124 Failed:0
1608132089730,416,selenium_project_summary,Success,True
.test_1_selenium_view_project_summary,Total:125 Passed:125 Failed:0
1608132090023,291,selenium_log_out,Success,True
.test_2_selenium_z_log_out,Total:126 Passed:126 Failed:0


=============================== warnings summary ===============================
../../usr/local/lib/python3.8/dist-packages/_pytest/config/__init__.py:1114
  /usr/local/lib/python3.8/dist-packages/_pytest/config/__init__.py:1114: PytestAssertRewriteWarning: Module already imported so cannot be rewritten: apiritif
    self._mark_plugins_for_rewrite(hook)

-- Docs: https://docs.pytest.org/en/stable/warnings.html
======================== 14 passed, 1 warning in 10.69s ========================
============================= test session starts ==============================
platform linux -- Python 3.8.0, pytest-6.1.1, py-1.9.0, pluggy-0.13.1
rootdir: /dc-app-performance-toolkit/app
plugins: apiritif-0.9.5
collected 14 items

selenium_ui/jira_ui.py get driver from global
1608132090186,112,selenium_login:open_login_page,Success,True
1608132091574,1388,selenium_login:login_and_view_dashboard,Success,True
1608132091574,1500,selenium_login,Success,True
.test_0_selenium_a_login,Total:127 Passed:127 Failed:0
1608132091948,338,selenium_browse_projects_list,Success,True
.test_1_selenium_browse_projects_list,Total:128 Passed:128 Failed:0
1608132092203,253,selenium_browse_boards_list,Success,True
.test_1_selenium_browse_boards_list,Total:129 Passed:129 Failed:0
1608132092928,716,selenium_create_issue:open_quick_create,Success,True
1608132094071,607,selenium_create_issue:fill_and_submit_issue_form:submit_issue_form,Success,True
1608132094071,1142,selenium_create_issue:fill_and_submit_issue_form,Success,True
1608132094071,1859,selenium_create_issue,Success,True
.test_1_selenium_create_issue,Total:130 Passed:130 Failed:0
1608132094729,644,selenium_edit_issue:open_edit_issue_form,Success,True
1608132095581,565,selenium_edit_issue:save_edit_issue_form,Success,True
1608132095581,1496,selenium_edit_issue,Success,True
.test_1_selenium_edit_issue,Total:131 Passed:131 Failed:0
1608132095937,355,selenium_save_comment:open_comment_form,Success,True
1608132097022,854,selenium_save_comment:submit_form,Success,True
1608132097022,1440,selenium_save_comment,Success,True
.test_1_selenium_save_comment,Total:132 Passed:132 Failed:0
1608132098289,1265,selenium_search_jql,Success,True
.test_1_selenium_search_jql,Total:133 Passed:133 Failed:0
1608132098780,489,selenium_view_scrum_board_backlog,Success,True
.test_1_selenium_view_backlog_for_scrum_board,Total:134 Passed:134 Failed:0
1608132099816,1035,selenium_view_scrum_board,Success,True
.test_1_selenium_view_scrum_board,Total:135 Passed:135 Failed:0
1608132101185,1367,selenium_view_kanban_board,Success,True
.test_1_selenium_view_kanban_board,Total:136 Passed:136 Failed:0
1608132101688,501,selenium_view_dashboard,Success,True
.test_1_selenium_view_dashboard,Total:137 Passed:137 Failed:0
1608132102395,705,selenium_view_issue,Success,True
.test_1_selenium_view_issue,Total:138 Passed:138 Failed:0
1608132102805,409,selenium_project_summary,Success,True
.test_1_selenium_view_project_summary,Total:139 Passed:139 Failed:0
1608132103156,349,selenium_log_out,Success,True
.test_2_selenium_z_log_out,Total:140 Passed:140 Failed:0


=============================== warnings summary ===============================
../../usr/local/lib/python3.8/dist-packages/_pytest/config/__init__.py:1114
  /usr/local/lib/python3.8/dist-packages/_pytest/config/__init__.py:1114: PytestAssertRewriteWarning: Module already imported so cannot be rewritten: apiritif
    self._mark_plugins_for_rewrite(hook)

-- Docs: https://docs.pytest.org/en/stable/warnings.html
======================== 14 passed, 1 warning in 13.09s ========================
============================= test session starts ==============================
platform linux -- Python 3.8.0, pytest-6.1.1, py-1.9.0, pluggy-0.13.1
rootdir: /dc-app-performance-toolkit/app
plugins: apiritif-0.9.5
collected 14 items

selenium_ui/jira_ui.py get driver from global
1608132103328,113,selenium_login:open_login_page,Success,True
1608132104628,1300,selenium_login:login_and_view_dashboard,Success,True
1608132104628,1413,selenium_login,Success,True
.test_0_selenium_a_login,Total:141 Passed:141 Failed:0
1608132104949,301,selenium_browse_projects_list,Success,True
.test_1_selenium_browse_projects_list,Total:142 Passed:142 Failed:0
1608132105247,296,selenium_browse_boards_list,Success,True
.test_1_selenium_browse_boards_list,Total:143 Passed:143 Failed:0
1608132105992,736,selenium_create_issue:open_quick_create,Success,True
1608132107178,609,selenium_create_issue:fill_and_submit_issue_form:submit_issue_form,Success,True
1608132107178,1185,selenium_create_issue:fill_and_submit_issue_form,Success,True
1608132107178,1922,selenium_create_issue,Success,True
.test_1_selenium_create_issue,Total:144 Passed:144 Failed:0
1608132107839,649,selenium_edit_issue:open_edit_issue_form,Success,True
1608132108741,600,selenium_edit_issue:save_edit_issue_form,Success,True
1608132108741,1551,selenium_edit_issue,Success,True
.test_1_selenium_edit_issue,Total:145 Passed:145 Failed:0
1608132109110,367,selenium_save_comment:open_comment_form,Success,True
1608132110100,809,selenium_save_comment:submit_form,Success,True
1608132110100,1358,selenium_save_comment,Success,True
.test_1_selenium_save_comment,Total:146 Passed:146 Failed:0
1608132111378,1276,selenium_search_jql,Success,True
.test_1_selenium_search_jql,Total:147 Passed:147 Failed:0
1608132111970,590,selenium_view_scrum_board_backlog,Success,True
.test_1_selenium_view_backlog_for_scrum_board,Total:148 Passed:148 Failed:0
1608132112415,444,selenium_view_scrum_board,Success,True
.test_1_selenium_view_scrum_board,Total:149 Passed:149 Failed:0
1608132113407,990,selenium_view_kanban_board,Success,True
.test_1_selenium_view_kanban_board,Total:150 Passed:150 Failed:0
1608132113807,398,selenium_view_dashboard,Success,True
.test_1_selenium_view_dashboard,Total:151 Passed:151 Failed:0
1608132114495,686,selenium_view_issue,Success,True
.test_1_selenium_view_issue,Total:152 Passed:152 Failed:0
1608132114897,401,selenium_project_summary,Success,True
.test_1_selenium_view_project_summary,Total:153 Passed:153 Failed:0
1608132115215,315,selenium_log_out,Success,True
.test_2_selenium_z_log_out,Total:154 Passed:154 Failed:0


=============================== warnings summary ===============================
../../usr/local/lib/python3.8/dist-packages/_pytest/config/__init__.py:1114
  /usr/local/lib/python3.8/dist-packages/_pytest/config/__init__.py:1114: PytestAssertRewriteWarning: Module already imported so cannot be rewritten: apiritif
    self._mark_plugins_for_rewrite(hook)

-- Docs: https://docs.pytest.org/en/stable/warnings.html
======================== 14 passed, 1 warning in 12.02s ========================
============================= test session starts ==============================
platform linux -- Python 3.8.0, pytest-6.1.1, py-1.9.0, pluggy-0.13.1
rootdir: /dc-app-performance-toolkit/app
plugins: apiritif-0.9.5
collected 14 items

selenium_ui/jira_ui.py get driver from global
1608132115383,114,selenium_login:open_login_page,Success,True
1608132115921,538,selenium_login:login_and_view_dashboard,Success,True
1608132115922,653,selenium_login,Success,True
.test_0_selenium_a_login,Total:155 Passed:155 Failed:0
1608132116311,375,selenium_browse_projects_list,Success,True
.test_1_selenium_browse_projects_list,Total:156 Passed:156 Failed:0
1608132116575,262,selenium_browse_boards_list,Success,True
.test_1_selenium_browse_boards_list,Total:157 Passed:157 Failed:0
1608132117392,808,selenium_create_issue:open_quick_create,Success,True
1608132118596,618,selenium_create_issue:fill_and_submit_issue_form:submit_issue_form,Success,True
1608132118597,1204,selenium_create_issue:fill_and_submit_issue_form,Success,True
1608132118597,2012,selenium_create_issue,Success,True
.test_1_selenium_create_issue,Total:158 Passed:158 Failed:0
1608132119259,649,selenium_edit_issue:open_edit_issue_form,Success,True
1608132120079,559,selenium_edit_issue:save_edit_issue_form,Success,True
1608132120079,1470,selenium_edit_issue,Success,True
.test_1_selenium_edit_issue,Total:159 Passed:159 Failed:0
1608132120457,376,selenium_save_comment:open_comment_form,Success,True
1608132121311,692,selenium_save_comment:submit_form,Success,True
1608132121311,1230,selenium_save_comment,Success,True
.test_1_selenium_save_comment,Total:160 Passed:160 Failed:0
1608132122546,1234,selenium_search_jql,Success,True
.test_1_selenium_search_jql,Total:161 Passed:161 Failed:0
1608132123030,482,selenium_view_scrum_board_backlog,Success,True
.test_1_selenium_view_backlog_for_scrum_board,Total:162 Passed:162 Failed:0
1608132124052,1021,selenium_view_scrum_board,Success,True
.test_1_selenium_view_scrum_board,Total:163 Passed:163 Failed:0
1608132125308,1254,selenium_view_kanban_board,Success,True
.test_1_selenium_view_kanban_board,Total:164 Passed:164 Failed:0
1608132125542,233,selenium_view_dashboard,Success,True
.test_1_selenium_view_dashboard,Total:165 Passed:165 Failed:0
1608132126177,633,selenium_view_issue,Success,True
.test_1_selenium_view_issue,Total:166 Passed:166 Failed:0
1608132126598,419,selenium_project_summary,Success,True
.test_1_selenium_view_project_summary,Total:167 Passed:167 Failed:0
1608132126918,318,selenium_log_out,Success,True
.test_2_selenium_z_log_out,Total:168 Passed:168 Failed:0


=============================== warnings summary ===============================
../../usr/local/lib/python3.8/dist-packages/_pytest/config/__init__.py:1114
  /usr/local/lib/python3.8/dist-packages/_pytest/config/__init__.py:1114: PytestAssertRewriteWarning: Module already imported so cannot be rewritten: apiritif
    self._mark_plugins_for_rewrite(hook)

-- Docs: https://docs.pytest.org/en/stable/warnings.html
======================== 14 passed, 1 warning in 11.66s ========================
============================= test session starts ==============================
platform linux -- Python 3.8.0, pytest-6.1.1, py-1.9.0, pluggy-0.13.1
rootdir: /dc-app-performance-toolkit/app
plugins: apiritif-0.9.5
collected 14 items

selenium_ui/jira_ui.py get driver from global
1608132127066,100,selenium_login:open_login_page,Success,True
1608132128412,1345,selenium_login:login_and_view_dashboard,Success,True
1608132128412,1445,selenium_login,Success,True
.test_0_selenium_a_login,Total:169 Passed:169 Failed:0
1608132128745,313,selenium_browse_projects_list,Success,True
.test_1_selenium_browse_projects_list,Total:170 Passed:170 Failed:0
1608132128999,252,selenium_browse_boards_list,Success,True
.test_1_selenium_browse_boards_list,Total:171 Passed:171 Failed:0
1608132129767,758,selenium_create_issue:open_quick_create,Success,True
1608132130940,609,selenium_create_issue:fill_and_submit_issue_form:submit_issue_form,Success,True
1608132130940,1173,selenium_create_issue:fill_and_submit_issue_form,Success,True
1608132130940,1932,selenium_create_issue,Success,True
.test_1_selenium_create_issue,Total:172 Passed:172 Failed:0
1608132131549,593,selenium_edit_issue:open_edit_issue_form,Success,True
1608132132467,567,selenium_edit_issue:save_edit_issue_form,Success,True
1608132132467,1511,selenium_edit_issue,Success,True
.test_1_selenium_edit_issue,Total:173 Passed:173 Failed:0
1608132132829,361,selenium_save_comment:open_comment_form,Success,True
1608132133781,773,selenium_save_comment:submit_form,Success,True
1608132133782,1313,selenium_save_comment,Success,True
.test_1_selenium_save_comment,Total:174 Passed:174 Failed:0
1608132134996,1213,selenium_search_jql,Success,True
.test_1_selenium_search_jql,Total:175 Passed:175 Failed:0
1608132135632,635,selenium_view_scrum_board_backlog,Success,True
.test_1_selenium_view_backlog_for_scrum_board,Total:176 Passed:176 Failed:0
1608132136060,426,selenium_view_scrum_board,Success,True
.test_1_selenium_view_scrum_board,Total:177 Passed:177 Failed:0
1608132136890,828,selenium_view_kanban_board,Success,True
.test_1_selenium_view_kanban_board,Total:178 Passed:178 Failed:0
1608132137236,344,selenium_view_dashboard,Success,True
.test_1_selenium_view_dashboard,Total:179 Passed:179 Failed:0
1608132137881,643,selenium_view_issue,Success,True
.test_1_selenium_view_issue,Total:180 Passed:180 Failed:0
1608132138291,408,selenium_project_summary,Success,True
.test_1_selenium_view_project_summary,Total:181 Passed:181 Failed:0
1608132138636,343,selenium_log_out,Success,True
.test_2_selenium_z_log_out,Total:182 Passed:182 Failed:0


=============================== warnings summary ===============================
../../usr/local/lib/python3.8/dist-packages/_pytest/config/__init__.py:1114
  /usr/local/lib/python3.8/dist-packages/_pytest/config/__init__.py:1114: PytestAssertRewriteWarning: Module already imported so cannot be rewritten: apiritif
    self._mark_plugins_for_rewrite(hook)

-- Docs: https://docs.pytest.org/en/stable/warnings.html
======================== 14 passed, 1 warning in 11.68s ========================
============================= test session starts ==============================
platform linux -- Python 3.8.0, pytest-6.1.1, py-1.9.0, pluggy-0.13.1
rootdir: /dc-app-performance-toolkit/app
plugins: apiritif-0.9.5
collected 14 items

selenium_ui/jira_ui.py get driver from global
1608132138788,103,selenium_login:open_login_page,Success,True
1608132139278,489,selenium_login:login_and_view_dashboard,Success,True
1608132139278,593,selenium_login,Success,True
.test_0_selenium_a_login,Total:183 Passed:183 Failed:0
1608132139627,337,selenium_browse_projects_list,Success,True
.test_1_selenium_browse_projects_list,Total:184 Passed:184 Failed:0
1608132139932,303,selenium_browse_boards_list,Success,True
.test_1_selenium_browse_boards_list,Total:185 Passed:185 Failed:0
1608132140708,767,selenium_create_issue:open_quick_create,Success,True
1608132141843,606,selenium_create_issue:fill_and_submit_issue_form:submit_issue_form,Success,True
1608132141843,1135,selenium_create_issue:fill_and_submit_issue_form,Success,True
1608132141843,1903,selenium_create_issue,Success,True
.test_1_selenium_create_issue,Total:186 Passed:186 Failed:0
1608132142436,581,selenium_edit_issue:open_edit_issue_form,Success,True
1608132143371,580,selenium_edit_issue:save_edit_issue_form,Success,True
1608132143371,1516,selenium_edit_issue,Success,True
.test_1_selenium_edit_issue,Total:187 Passed:187 Failed:0
1608132143754,381,selenium_save_comment:open_comment_form,Success,True
1608132144765,854,selenium_save_comment:submit_form,Success,True
1608132144765,1392,selenium_save_comment,Success,True
.test_1_selenium_save_comment,Total:188 Passed:188 Failed:0
1608132146036,1270,selenium_search_jql,Success,True
.test_1_selenium_search_jql,Total:189 Passed:189 Failed:0
1608132146689,651,selenium_view_scrum_board_backlog,Success,True
.test_1_selenium_view_backlog_for_scrum_board,Total:190 Passed:190 Failed:0
1608132147119,428,selenium_view_scrum_board,Success,True
.test_1_selenium_view_scrum_board,Total:191 Passed:191 Failed:0
1608132148398,1277,selenium_view_kanban_board,Success,True
.test_1_selenium_view_kanban_board,Total:192 Passed:192 Failed:0
1608132148808,408,selenium_view_dashboard,Success,True
.test_1_selenium_view_dashboard,Total:193 Passed:193 Failed:0
1608132149547,737,selenium_view_issue,Success,True
.test_1_selenium_view_issue,Total:194 Passed:194 Failed:0
1608132150003,455,selenium_project_summary,Success,True
.test_1_selenium_view_project_summary,Total:195 Passed:195 Failed:0
1608132150339,335,selenium_log_out,Success,True
.test_2_selenium_z_log_out,Total:196 Passed:196 Failed:0


=============================== warnings summary ===============================
../../usr/local/lib/python3.8/dist-packages/_pytest/config/__init__.py:1114
  /usr/local/lib/python3.8/dist-packages/_pytest/config/__init__.py:1114: PytestAssertRewriteWarning: Module already imported so cannot be rewritten: apiritif
    self._mark_plugins_for_rewrite(hook)

-- Docs: https://docs.pytest.org/en/stable/warnings.html
======================== 14 passed, 1 warning in 11.66s ========================
============================= test session starts ==============================
platform linux -- Python 3.8.0, pytest-6.1.1, py-1.9.0, pluggy-0.13.1
rootdir: /dc-app-performance-toolkit/app
plugins: apiritif-0.9.5
collected 14 items

selenium_ui/jira_ui.py get driver from global
1608132150533,112,selenium_login:open_login_page,Success,True
1608132151047,513,selenium_login:login_and_view_dashboard,Success,True
1608132151047,625,selenium_login,Success,True
.test_0_selenium_a_login,Total:197 Passed:197 Failed:0
1608132151389,331,selenium_browse_projects_list,Success,True
.test_1_selenium_browse_projects_list,Total:198 Passed:198 Failed:0
1608132152110,720,selenium_browse_boards_list,Success,True
.test_1_selenium_browse_boards_list,Total:199 Passed:199 Failed:0
1608132152871,752,selenium_create_issue:open_quick_create,Success,True
1608132154039,609,selenium_create_issue:fill_and_submit_issue_form:submit_issue_form,Success,True
1608132154040,1168,selenium_create_issue:fill_and_submit_issue_form,Success,True
1608132154040,1921,selenium_create_issue,Success,True
.test_1_selenium_create_issue,Total:200 Passed:200 Failed:0
1608132154717,665,selenium_edit_issue:open_edit_issue_form,Success,True
1608132155650,604,selenium_edit_issue:save_edit_issue_form,Success,True
1608132155650,1598,selenium_edit_issue,Success,True
.test_1_selenium_edit_issue,Total:201 Passed:201 Failed:0
1608132156089,437,selenium_save_comment:open_comment_form,Success,True
1608132157084,893,selenium_save_comment:submit_form,Success,True
1608132157084,1432,selenium_save_comment,Success,True
.test_1_selenium_save_comment,Total:202 Passed:202 Failed:0
1608132158390,1304,selenium_search_jql,Success,True
.test_1_selenium_search_jql,Total:203 Passed:203 Failed:0
1608132159025,633,selenium_view_scrum_board_backlog,Success,True
.test_1_selenium_view_backlog_for_scrum_board,Total:204 Passed:204 Failed:0
1608132159453,427,selenium_view_scrum_board,Success,True
.test_1_selenium_view_scrum_board,Total:205 Passed:205 Failed:0
1608132160421,966,selenium_view_kanban_board,Success,True
.test_1_selenium_view_kanban_board,Total:206 Passed:206 Failed:0
1608132160768,344,selenium_view_dashboard,Success,True
.test_1_selenium_view_dashboard,Total:207 Passed:207 Failed:0
1608132161421,651,selenium_view_issue,Success,True
.test_1_selenium_view_issue,Total:208 Passed:208 Failed:0
1608132161901,478,selenium_project_summary,Success,True
.test_1_selenium_view_project_summary,Total:209 Passed:209 Failed:0
1608132162191,288,selenium_log_out,Success,True
.test_2_selenium_z_log_out,Total:210 Passed:210 Failed:0


=============================== warnings summary ===============================
../../usr/local/lib/python3.8/dist-packages/_pytest/config/__init__.py:1114
  /usr/local/lib/python3.8/dist-packages/_pytest/config/__init__.py:1114: PytestAssertRewriteWarning: Module already imported so cannot be rewritten: apiritif
    self._mark_plugins_for_rewrite(hook)

-- Docs: https://docs.pytest.org/en/stable/warnings.html
======================== 14 passed, 1 warning in 11.78s ========================
============================= test session starts ==============================
platform linux -- Python 3.8.0, pytest-6.1.1, py-1.9.0, pluggy-0.13.1
rootdir: /dc-app-performance-toolkit/app
plugins: apiritif-0.9.5
collected 14 items

selenium_ui/jira_ui.py get driver from global
1608132162348,106,selenium_login:open_login_page,Success,True
1608132162860,511,selenium_login:login_and_view_dashboard,Success,True
1608132162860,617,selenium_login,Success,True
.test_0_selenium_a_login,Total:211 Passed:211 Failed:0
1608132163191,320,selenium_browse_projects_list,Success,True
.test_1_selenium_browse_projects_list,Total:212 Passed:212 Failed:0
1608132163449,257,selenium_browse_boards_list,Success,True
.test_1_selenium_browse_boards_list,Total:213 Passed:213 Failed:0
1608132164198,740,selenium_create_issue:open_quick_create,Success,True
1608132165382,607,selenium_create_issue:fill_and_submit_issue_form:submit_issue_form,Success,True
1608132165382,1183,selenium_create_issue:fill_and_submit_issue_form,Success,True
1608132165382,1924,selenium_create_issue,Success,True
.test_1_selenium_create_issue,Total:214 Passed:214 Failed:0
1608132165968,574,selenium_edit_issue:open_edit_issue_form,Success,True
1608132166873,558,selenium_edit_issue:save_edit_issue_form,Success,True
1608132166873,1479,selenium_edit_issue,Success,True
.test_1_selenium_edit_issue,Total:215 Passed:215 Failed:0
1608132167232,357,selenium_save_comment:open_comment_form,Success,True
1608132168188,790,selenium_save_comment:submit_form,Success,True
1608132168188,1313,selenium_save_comment,Success,True
.test_1_selenium_save_comment,Total:216 Passed:216 Failed:0
1608132169462,1272,selenium_search_jql,Success,True
.test_1_selenium_search_jql,Total:217 Passed:217 Failed:0
1608132170068,604,selenium_view_scrum_board_backlog,Success,True
.test_1_selenium_view_backlog_for_scrum_board,Total:218 Passed:218 Failed:0
1608132170499,428,selenium_view_scrum_board,Success,True
.test_1_selenium_view_scrum_board,Total:219 Passed:219 Failed:0
1608132171534,1033,selenium_view_kanban_board,Success,True
.test_1_selenium_view_kanban_board,Total:220 Passed:220 Failed:0
1608132171981,445,selenium_view_dashboard,Success,True
.test_1_selenium_view_dashboard,Total:221 Passed:221 Failed:0
1608132172661,679,selenium_view_issue,Success,True
.test_1_selenium_view_issue,Total:222 Passed:222 Failed:0
1608132173433,770,selenium_project_summary,Success,True
.test_1_selenium_view_project_summary,Total:223 Passed:223 Failed:0
1608132173789,354,selenium_log_out,Success,True
.test_2_selenium_z_log_out,Total:224 Passed:224 Failed:0


=============================== warnings summary ===============================
../../usr/local/lib/python3.8/dist-packages/_pytest/config/__init__.py:1114
  /usr/local/lib/python3.8/dist-packages/_pytest/config/__init__.py:1114: PytestAssertRewriteWarning: Module already imported so cannot be rewritten: apiritif
    self._mark_plugins_for_rewrite(hook)

-- Docs: https://docs.pytest.org/en/stable/warnings.html
======================== 14 passed, 1 warning in 11.56s ========================
============================= test session starts ==============================
platform linux -- Python 3.8.0, pytest-6.1.1, py-1.9.0, pluggy-0.13.1
rootdir: /dc-app-performance-toolkit/app
plugins: apiritif-0.9.5
collected 14 items

selenium_ui/jira_ui.py get driver from global
1608132173956,115,selenium_login:open_login_page,Success,True
1608132174467,510,selenium_login:login_and_view_dashboard,Success,True
1608132174467,626,selenium_login,Success,True
.test_0_selenium_a_login,Total:225 Passed:225 Failed:0
1608132174836,358,selenium_browse_projects_list,Success,True
.test_1_selenium_browse_projects_list,Total:226 Passed:226 Failed:0
1608132175100,262,selenium_browse_boards_list,Success,True
.test_1_selenium_browse_boards_list,Total:227 Passed:227 Failed:0
1608132175857,748,selenium_create_issue:open_quick_create,Success,True
1608132176991,609,selenium_create_issue:fill_and_submit_issue_form:submit_issue_form,Success,True
1608132176991,1134,selenium_create_issue:fill_and_submit_issue_form,Success,True
1608132176992,1883,selenium_create_issue,Success,True
.test_1_selenium_create_issue,Total:228 Passed:228 Failed:0
1608132177700,696,selenium_edit_issue:open_edit_issue_form,Success,True
1608132178667,678,selenium_edit_issue:save_edit_issue_form,Success,True
1608132178668,1663,selenium_edit_issue,Success,True
.test_1_selenium_edit_issue,Total:229 Passed:229 Failed:0
1608132178982,312,selenium_save_comment:open_comment_form,Success,True
1608132179867,731,selenium_save_comment:submit_form,Success,True
1608132179867,1197,selenium_save_comment,Success,True
.test_1_selenium_save_comment,Total:230 Passed:230 Failed:0
1608132181128,1260,selenium_search_jql,Success,True
.test_1_selenium_search_jql,Total:231 Passed:231 Failed:0
1608132181621,492,selenium_view_scrum_board_backlog,Success,True
.test_1_selenium_view_backlog_for_scrum_board,Total:232 Passed:232 Failed:0
1608132182633,1010,selenium_view_scrum_board,Success,True
.test_1_selenium_view_scrum_board,Total:233 Passed:233 Failed:0
1608132183920,1286,selenium_view_kanban_board,Success,True
.test_1_selenium_view_kanban_board,Total:234 Passed:234 Failed:0
1608132184321,399,selenium_view_dashboard,Success,True
.test_1_selenium_view_dashboard,Total:235 Passed:235 Failed:0
1608132184977,654,selenium_view_issue,Success,True
.test_1_selenium_view_issue,Total:236 Passed:236 Failed:0
1608132185367,388,selenium_project_summary,Success,True
.test_1_selenium_view_project_summary,Total:237 Passed:237 Failed:0
1608132185709,340,selenium_log_out,Success,True
.test_2_selenium_z_log_out,Total:238 Passed:238 Failed:0


=============================== warnings summary ===============================
../../usr/local/lib/python3.8/dist-packages/_pytest/config/__init__.py:1114
  /usr/local/lib/python3.8/dist-packages/_pytest/config/__init__.py:1114: PytestAssertRewriteWarning: Module already imported so cannot be rewritten: apiritif
    self._mark_plugins_for_rewrite(hook)

-- Docs: https://docs.pytest.org/en/stable/warnings.html
======================== 14 passed, 1 warning in 11.88s ========================
============================= test session starts ==============================
platform linux -- Python 3.8.0, pytest-6.1.1, py-1.9.0, pluggy-0.13.1
rootdir: /dc-app-performance-toolkit/app
plugins: apiritif-0.9.5
collected 14 items

selenium_ui/jira_ui.py get driver from global
1608132185870,112,selenium_login:open_login_page,Success,True
1608132187198,1327,selenium_login:login_and_view_dashboard,Success,True
1608132187198,1440,selenium_login,Success,True
.test_0_selenium_a_login,Total:239 Passed:239 Failed:0
1608132187533,314,selenium_browse_projects_list,Success,True
.test_1_selenium_browse_projects_list,Total:240 Passed:240 Failed:0
1608132187795,260,selenium_browse_boards_list,Success,True
.test_1_selenium_browse_boards_list,Total:241 Passed:241 Failed:0
1608132188575,771,selenium_create_issue:open_quick_create,Success,True
1608132189751,608,selenium_create_issue:fill_and_submit_issue_form:submit_issue_form,Success,True
1608132189751,1175,selenium_create_issue:fill_and_submit_issue_form,Success,True
1608132189751,1947,selenium_create_issue,Success,True
.test_1_selenium_create_issue,Total:242 Passed:242 Failed:0
1608132190330,565,selenium_edit_issue:open_edit_issue_form,Success,True
1608132191245,556,selenium_edit_issue:save_edit_issue_form,Success,True
1608132191245,1480,selenium_edit_issue,Success,True
.test_1_selenium_edit_issue,Total:243 Passed:243 Failed:0
1608132191601,354,selenium_save_comment:open_comment_form,Success,True
1608132192483,684,selenium_save_comment:submit_form,Success,True
1608132192483,1236,selenium_save_comment,Success,True
.test_1_selenium_save_comment,Total:244 Passed:244 Failed:0
1608132193746,1261,selenium_search_jql,Success,True
.test_1_selenium_search_jql,Total:245 Passed:245 Failed:0
1608132194231,484,selenium_view_scrum_board_backlog,Success,True
.test_1_selenium_view_backlog_for_scrum_board,Total:246 Passed:246 Failed:0
1608132195259,1027,selenium_view_scrum_board,Success,True
.test_1_selenium_view_scrum_board,Total:247 Passed:247 Failed:0
1608132196962,1701,selenium_view_kanban_board,Success,True
.test_1_selenium_view_kanban_board,Total:248 Passed:248 Failed:0
1608132197532,568,selenium_view_dashboard,Success,True
.test_1_selenium_view_dashboard,Total:249 Passed:249 Failed:0
1608132198108,574,selenium_view_issue,Success,True
.test_1_selenium_view_issue,Total:250 Passed:250 Failed:0
1608132198496,386,selenium_project_summary,Success,True
.test_1_selenium_view_project_summary,Total:251 Passed:251 Failed:0
1608132198839,342,selenium_log_out,Success,True
.test_2_selenium_z_log_out,Total:252 Passed:252 Failed:0


=============================== warnings summary ===============================
../../usr/local/lib/python3.8/dist-packages/_pytest/config/__init__.py:1114
  /usr/local/lib/python3.8/dist-packages/_pytest/config/__init__.py:1114: PytestAssertRewriteWarning: Module already imported so cannot be rewritten: apiritif
    self._mark_plugins_for_rewrite(hook)

-- Docs: https://docs.pytest.org/en/stable/warnings.html
======================== 14 passed, 1 warning in 13.09s ========================
============================= test session starts ==============================
platform linux -- Python 3.8.0, pytest-6.1.1, py-1.9.0, pluggy-0.13.1
rootdir: /dc-app-performance-toolkit/app
plugins: apiritif-0.9.5
collected 14 items

selenium_ui/jira_ui.py get driver from global
1608132199003,115,selenium_login:open_login_page,Success,True
1608132199524,520,selenium_login:login_and_view_dashboard,Success,True
1608132199524,636,selenium_login,Success,True
.test_0_selenium_a_login,Total:253 Passed:253 Failed:0
1608132199843,307,selenium_browse_projects_list,Success,True
.test_1_selenium_browse_projects_list,Total:254 Passed:254 Failed:0
1608132200113,269,selenium_browse_boards_list,Success,True
.test_1_selenium_browse_boards_list,Total:255 Passed:255 Failed:0
1608132200890,767,selenium_create_issue:open_quick_create,Success,True
1608132202050,606,selenium_create_issue:fill_and_submit_issue_form:submit_issue_form,Success,True
1608132202050,1160,selenium_create_issue:fill_and_submit_issue_form,Success,True
1608132202051,1928,selenium_create_issue,Success,True
.test_1_selenium_create_issue,Total:256 Passed:256 Failed:0
1608132202645,580,selenium_edit_issue:open_edit_issue_form,Success,True
1608132203575,576,selenium_edit_issue:save_edit_issue_form,Success,True
1608132203575,1511,selenium_edit_issue,Success,True
.test_1_selenium_edit_issue,Total:257 Passed:257 Failed:0
1608132203888,311,selenium_save_comment:open_comment_form,Success,True
1608132204816,740,selenium_save_comment:submit_form,Success,True
1608132204816,1239,selenium_save_comment,Success,True
.test_1_selenium_save_comment,Total:258 Passed:258 Failed:0
1608132206023,1206,selenium_search_jql,Success,True
.test_1_selenium_search_jql,Total:259 Passed:259 Failed:0
1608132206653,628,selenium_view_scrum_board_backlog,Success,True
.test_1_selenium_view_backlog_for_scrum_board,Total:260 Passed:260 Failed:0
1608132207094,439,selenium_view_scrum_board,Success,True
.test_1_selenium_view_scrum_board,Total:261 Passed:261 Failed:0
1608132208581,1485,selenium_view_kanban_board,Success,True
.test_1_selenium_view_kanban_board,Total:262 Passed:262 Failed:0
1608132209068,486,selenium_view_dashboard,Success,True
.test_1_selenium_view_dashboard,Total:263 Passed:263 Failed:0
1608132209708,638,selenium_view_issue,Success,True
.test_1_selenium_view_issue,Total:264 Passed:264 Failed:0
1608132210165,455,selenium_project_summary,Success,True
.test_1_selenium_view_project_summary,Total:265 Passed:265 Failed:0
1608132210550,383,selenium_log_out,Success,True
.test_2_selenium_z_log_out,Total:266 Passed:266 Failed:0


=============================== warnings summary ===============================
../../usr/local/lib/python3.8/dist-packages/_pytest/config/__init__.py:1114
  /usr/local/lib/python3.8/dist-packages/_pytest/config/__init__.py:1114: PytestAssertRewriteWarning: Module already imported so cannot be rewritten: apiritif
    self._mark_plugins_for_rewrite(hook)

-- Docs: https://docs.pytest.org/en/stable/warnings.html
======================== 14 passed, 1 warning in 11.67s ========================
============================= test session starts ==============================
platform linux -- Python 3.8.0, pytest-6.1.1, py-1.9.0, pluggy-0.13.1
rootdir: /dc-app-performance-toolkit/app
plugins: apiritif-0.9.5
collected 14 items

selenium_ui/jira_ui.py get driver from global
1608132210711,110,selenium_login:open_login_page,Success,True
1608132211210,499,selenium_login:login_and_view_dashboard,Success,True
1608132211210,609,selenium_login,Success,True
.test_0_selenium_a_login,Total:267 Passed:267 Failed:0
1608132211540,318,selenium_browse_projects_list,Success,True
.test_1_selenium_browse_projects_list,Total:268 Passed:268 Failed:0
1608132211793,252,selenium_browse_boards_list,Success,True
.test_1_selenium_browse_boards_list,Total:269 Passed:269 Failed:0
1608132212564,762,selenium_create_issue:open_quick_create,Success,True
1608132213756,613,selenium_create_issue:fill_and_submit_issue_form:submit_issue_form,Success,True
1608132213756,1191,selenium_create_issue:fill_and_submit_issue_form,Success,True
1608132213756,1953,selenium_create_issue,Success,True
.test_1_selenium_create_issue,Total:270 Passed:270 Failed:0
1608132214434,665,selenium_edit_issue:open_edit_issue_form,Success,True
1608132215310,590,selenium_edit_issue:save_edit_issue_form,Success,True
1608132215310,1541,selenium_edit_issue,Success,True
.test_1_selenium_edit_issue,Total:271 Passed:271 Failed:0
1608132215654,342,selenium_save_comment:open_comment_form,Success,True
1608132216694,801,selenium_save_comment:submit_form,Success,True
1608132216694,1383,selenium_save_comment,Success,True
.test_1_selenium_save_comment,Total:272 Passed:272 Failed:0
1608132217987,1291,selenium_search_jql,Success,True
.test_1_selenium_search_jql,Total:273 Passed:273 Failed:0
1608132218621,633,selenium_view_scrum_board_backlog,Success,True
.test_1_selenium_view_backlog_for_scrum_board,Total:274 Passed:274 Failed:0
1608132219063,441,selenium_view_scrum_board,Success,True
.test_1_selenium_view_scrum_board,Total:275 Passed:275 Failed:0
1608132220313,1247,selenium_view_kanban_board,Success,True
.test_1_selenium_view_kanban_board,Total:276 Passed:276 Failed:0
1608132220576,262,selenium_view_dashboard,Success,True
.test_1_selenium_view_dashboard,Total:277 Passed:277 Failed:0
1608132221171,592,selenium_view_issue,Success,True
.test_1_selenium_view_issue,Total:278 Passed:278 Failed:0
1608132221619,446,selenium_project_summary,Success,True
.test_1_selenium_view_project_summary,Total:279 Passed:279 Failed:0
1608132221930,309,selenium_log_out,Success,True
.test_2_selenium_z_log_out,Total:280 Passed:280 Failed:0


=============================== warnings summary ===============================
../../usr/local/lib/python3.8/dist-packages/_pytest/config/__init__.py:1114
  /usr/local/lib/python3.8/dist-packages/_pytest/config/__init__.py:1114: PytestAssertRewriteWarning: Module already imported so cannot be rewritten: apiritif
    self._mark_plugins_for_rewrite(hook)

-- Docs: https://docs.pytest.org/en/stable/warnings.html
======================== 14 passed, 1 warning in 11.34s ========================
============================= test session starts ==============================
platform linux -- Python 3.8.0, pytest-6.1.1, py-1.9.0, pluggy-0.13.1
rootdir: /dc-app-performance-toolkit/app
plugins: apiritif-0.9.5
collected 14 items

selenium_ui/jira_ui.py get driver from global
1608132222087,108,selenium_login:open_login_page,Success,True
1608132222606,519,selenium_login:login_and_view_dashboard,Success,True
1608132222606,627,selenium_login,Success,True
.test_0_selenium_a_login,Total:281 Passed:281 Failed:0
1608132222945,325,selenium_browse_projects_list,Success,True
.test_1_selenium_browse_projects_list,Total:282 Passed:282 Failed:0
1608132223201,255,selenium_browse_boards_list,Success,True
.test_1_selenium_browse_boards_list,Total:283 Passed:283 Failed:0
1608132223880,670,selenium_create_issue:open_quick_create,Success,True
1608132225003,606,selenium_create_issue:fill_and_submit_issue_form:submit_issue_form,Success,True
1608132225003,1122,selenium_create_issue:fill_and_submit_issue_form,Success,True
1608132225003,1793,selenium_create_issue,Success,True
.test_1_selenium_create_issue,Total:284 Passed:284 Failed:0
1608132225637,621,selenium_edit_issue:open_edit_issue_form,Success,True
1608132226582,644,selenium_edit_issue:save_edit_issue_form,Success,True
1608132226582,1566,selenium_edit_issue,Success,True
.test_1_selenium_edit_issue,Total:285 Passed:285 Failed:0
1608132226966,382,selenium_save_comment:open_comment_form,Success,True
1608132227857,787,selenium_save_comment:submit_form,Success,True
1608132227857,1273,selenium_save_comment,Success,True
.test_1_selenium_save_comment,Total:286 Passed:286 Failed:0
1608132229138,1279,selenium_search_jql,Success,True
.test_1_selenium_search_jql,Total:287 Passed:287 Failed:0
1608132229752,611,selenium_view_scrum_board_backlog,Success,True
.test_1_selenium_view_backlog_for_scrum_board,Total:288 Passed:288 Failed:0
1608132230178,424,selenium_view_scrum_board,Success,True
.test_1_selenium_view_scrum_board,Total:289 Passed:289 Failed:0
1608132231459,1279,selenium_view_kanban_board,Success,True
.test_1_selenium_view_kanban_board,Total:290 Passed:290 Failed:0
1608132231826,366,selenium_view_dashboard,Success,True
.test_1_selenium_view_dashboard,Total:291 Passed:291 Failed:0
1608132232438,611,selenium_view_issue,Success,True
.test_1_selenium_view_issue,Total:292 Passed:292 Failed:0
1608132232914,474,selenium_project_summary,Success,True
.test_1_selenium_view_project_summary,Total:293 Passed:293 Failed:0
1608132233260,344,selenium_log_out,Success,True
.test_2_selenium_z_log_out,Total:294 Passed:294 Failed:0


=============================== warnings summary ===============================
../../usr/local/lib/python3.8/dist-packages/_pytest/config/__init__.py:1114
  /usr/local/lib/python3.8/dist-packages/_pytest/config/__init__.py:1114: PytestAssertRewriteWarning: Module already imported so cannot be rewritten: apiritif
    self._mark_plugins_for_rewrite(hook)

-- Docs: https://docs.pytest.org/en/stable/warnings.html
======================== 14 passed, 1 warning in 11.29s ========================
============================= test session starts ==============================
platform linux -- Python 3.8.0, pytest-6.1.1, py-1.9.0, pluggy-0.13.1
rootdir: /dc-app-performance-toolkit/app
plugins: apiritif-0.9.5
collected 14 items

selenium_ui/jira_ui.py get driver from global
1608132233444,134,selenium_login:open_login_page,Success,True
1608132233969,524,selenium_login:login_and_view_dashboard,Success,True
1608132233969,659,selenium_login,Success,True
.test_0_selenium_a_login,Total:295 Passed:295 Failed:0
1608132234336,355,selenium_browse_projects_list,Success,True
.test_1_selenium_browse_projects_list,Total:296 Passed:296 Failed:0
1608132234587,249,selenium_browse_boards_list,Success,True
.test_1_selenium_browse_boards_list,Total:297 Passed:297 Failed:0
1608132235346,751,selenium_create_issue:open_quick_create,Success,True
1608132236489,610,selenium_create_issue:fill_and_submit_issue_form:submit_issue_form,Success,True
1608132236489,1142,selenium_create_issue:fill_and_submit_issue_form,Success,True
1608132236489,1893,selenium_create_issue,Success,True
.test_1_selenium_create_issue,Total:298 Passed:298 Failed:0
1608132237162,657,selenium_edit_issue:open_edit_issue_form,Success,True
1608132238106,674,selenium_edit_issue:save_edit_issue_form,Success,True
1608132238106,1601,selenium_edit_issue,Success,True
.test_1_selenium_edit_issue,Total:299 Passed:299 Failed:0
1608132238428,320,selenium_save_comment:open_comment_form,Success,True
1608132239255,683,selenium_save_comment:submit_form,Success,True
1608132239255,1147,selenium_save_comment,Success,True
.test_1_selenium_save_comment,Total:300 Passed:300 Failed:0
1608132240513,1256,selenium_search_jql,Success,True
.test_1_selenium_search_jql,Total:301 Passed:301 Failed:0
1608132241011,497,selenium_view_scrum_board_backlog,Success,True
.test_1_selenium_view_backlog_for_scrum_board,Total:302 Passed:302 Failed:0
1608132242037,1023,selenium_view_scrum_board,Success,True
.test_1_selenium_view_scrum_board,Total:303 Passed:303 Failed:0
1608132243303,1264,selenium_view_kanban_board,Success,True
.test_1_selenium_view_kanban_board,Total:304 Passed:304 Failed:0
1608132243781,477,selenium_view_dashboard,Success,True
.test_1_selenium_view_dashboard,Total:305 Passed:305 Failed:0
1608132244430,647,selenium_view_issue,Success,True
.test_1_selenium_view_issue,Total:306 Passed:306 Failed:0
1608132244831,399,selenium_project_summary,Success,True
.test_1_selenium_view_project_summary,Total:307 Passed:307 Failed:0
1608132245150,318,selenium_log_out,Success,True
.test_2_selenium_z_log_out,Total:308 Passed:308 Failed:0


=============================== warnings summary ===============================
../../usr/local/lib/python3.8/dist-packages/_pytest/config/__init__.py:1114
  /usr/local/lib/python3.8/dist-packages/_pytest/config/__init__.py:1114: PytestAssertRewriteWarning: Module already imported so cannot be rewritten: apiritif
    self._mark_plugins_for_rewrite(hook)

-- Docs: https://docs.pytest.org/en/stable/warnings.html
======================== 14 passed, 1 warning in 11.85s ========================
============================= test session starts ==============================
platform linux -- Python 3.8.0, pytest-6.1.1, py-1.9.0, pluggy-0.13.1
rootdir: /dc-app-performance-toolkit/app
plugins: apiritif-0.9.5
collected 14 items

selenium_ui/jira_ui.py get driver from global
1608132245319,119,selenium_login:open_login_page,Success,True
1608132245814,494,selenium_login:login_and_view_dashboard,Success,True
1608132245814,614,selenium_login,Success,True
.test_0_selenium_a_login,Total:309 Passed:309 Failed:0
1608132246142,317,selenium_browse_projects_list,Success,True
.test_1_selenium_browse_projects_list,Total:310 Passed:310 Failed:0
1608132246406,262,selenium_browse_boards_list,Success,True
.test_1_selenium_browse_boards_list,Total:311 Passed:311 Failed:0
1608132247185,769,selenium_create_issue:open_quick_create,Success,True
1608132248290,609,selenium_create_issue:fill_and_submit_issue_form:submit_issue_form,Success,True
1608132248290,1105,selenium_create_issue:fill_and_submit_issue_form,Success,True
1608132248290,1874,selenium_create_issue,Success,True
.test_1_selenium_create_issue,Total:312 Passed:312 Failed:0
1608132248994,692,selenium_edit_issue:open_edit_issue_form,Success,True
1608132249858,601,selenium_edit_issue:save_edit_issue_form,Success,True
1608132249858,1555,selenium_edit_issue,Success,True
.test_1_selenium_edit_issue,Total:313 Passed:313 Failed:0
1608132250228,368,selenium_save_comment:open_comment_form,Success,True
1608132251135,738,selenium_save_comment:submit_form,Success,True
1608132251135,1275,selenium_save_comment,Success,True
.test_1_selenium_save_comment,Total:314 Passed:314 Failed:0
1608132252338,1200,selenium_search_jql,Success,True
.test_1_selenium_search_jql,Total:315 Passed:315 Failed:0
1608132252965,626,selenium_view_scrum_board_backlog,Success,True
.test_1_selenium_view_backlog_for_scrum_board,Total:316 Passed:316 Failed:0
1608132253428,461,selenium_view_scrum_board,Success,True
.test_1_selenium_view_scrum_board,Total:317 Passed:317 Failed:0
1608132254195,766,selenium_view_kanban_board,Success,True
.test_1_selenium_view_kanban_board,Total:318 Passed:318 Failed:0
1608132254428,231,selenium_view_dashboard,Success,True
.test_1_selenium_view_dashboard,Total:319 Passed:319 Failed:0
1608132255029,599,selenium_view_issue,Success,True
.test_1_selenium_view_issue,Total:320 Passed:320 Failed:0
1608132255511,480,selenium_project_summary,Success,True
.test_1_selenium_view_project_summary,Total:321 Passed:321 Failed:0
1608132255819,306,selenium_log_out,Success,True
.test_2_selenium_z_log_out,Total:322 Passed:322 Failed:0


=============================== warnings summary ===============================
../../usr/local/lib/python3.8/dist-packages/_pytest/config/__init__.py:1114
  /usr/local/lib/python3.8/dist-packages/_pytest/config/__init__.py:1114: PytestAssertRewriteWarning: Module already imported so cannot be rewritten: apiritif
    self._mark_plugins_for_rewrite(hook)

-- Docs: https://docs.pytest.org/en/stable/warnings.html
======================== 14 passed, 1 warning in 10.63s ========================
============================= test session starts ==============================
platform linux -- Python 3.8.0, pytest-6.1.1, py-1.9.0, pluggy-0.13.1
rootdir: /dc-app-performance-toolkit/app
plugins: apiritif-0.9.5
collected 14 items

selenium_ui/jira_ui.py get driver from global
1608132255973,105,selenium_login:open_login_page,Success,True
1608132256548,574,selenium_login:login_and_view_dashboard,Success,True
1608132256548,680,selenium_login,Success,True
.test_0_selenium_a_login,Total:323 Passed:323 Failed:0
1608132256905,345,selenium_browse_projects_list,Success,True
.test_1_selenium_browse_projects_list,Total:324 Passed:324 Failed:0
1608132257162,256,selenium_browse_boards_list,Success,True
.test_1_selenium_browse_boards_list,Total:325 Passed:325 Failed:0
1608132257937,767,selenium_create_issue:open_quick_create,Success,True
1608132259085,616,selenium_create_issue:fill_and_submit_issue_form:submit_issue_form,Success,True
1608132259085,1147,selenium_create_issue:fill_and_submit_issue_form,Success,True
1608132259085,1914,selenium_create_issue,Success,True
.test_1_selenium_create_issue,Total:326 Passed:326 Failed:0
1608132259698,595,selenium_edit_issue:open_edit_issue_form,Success,True
1608132260702,670,selenium_edit_issue:save_edit_issue_form,Success,True
1608132260702,1600,selenium_edit_issue,Success,True
.test_1_selenium_edit_issue,Total:327 Passed:327 Failed:0
1608132261021,317,selenium_save_comment:open_comment_form,Success,True
1608132261913,751,selenium_save_comment:submit_form,Success,True
1608132261913,1209,selenium_save_comment,Success,True
.test_1_selenium_save_comment,Total:328 Passed:328 Failed:0
1608132263170,1255,selenium_search_jql,Success,True
.test_1_selenium_search_jql,Total:329 Passed:329 Failed:0
1608132263784,612,selenium_view_scrum_board_backlog,Success,True
.test_1_selenium_view_backlog_for_scrum_board,Total:330 Passed:330 Failed:0
1608132264214,428,selenium_view_scrum_board,Success,True
.test_1_selenium_view_scrum_board,Total:331 Passed:331 Failed:0
1608132265309,1093,selenium_view_kanban_board,Success,True
.test_1_selenium_view_kanban_board,Total:332 Passed:332 Failed:0
1608132265830,519,selenium_view_dashboard,Success,True
.test_1_selenium_view_dashboard,Total:333 Passed:333 Failed:0
1608132266468,637,selenium_view_issue,Success,True
.test_1_selenium_view_issue,Total:334 Passed:334 Failed:0
1608132266906,436,selenium_project_summary,Success,True
.test_1_selenium_view_project_summary,Total:335 Passed:335 Failed:0
1608132267236,327,selenium_log_out,Success,True
.test_2_selenium_z_log_out,Total:336 Passed:336 Failed:0


=============================== warnings summary ===============================
../../usr/local/lib/python3.8/dist-packages/_pytest/config/__init__.py:1114
  /usr/local/lib/python3.8/dist-packages/_pytest/config/__init__.py:1114: PytestAssertRewriteWarning: Module already imported so cannot be rewritten: apiritif
    self._mark_plugins_for_rewrite(hook)

-- Docs: https://docs.pytest.org/en/stable/warnings.html
======================== 14 passed, 1 warning in 11.38s ========================
============================= test session starts ==============================
platform linux -- Python 3.8.0, pytest-6.1.1, py-1.9.0, pluggy-0.13.1
rootdir: /dc-app-performance-toolkit/app
plugins: apiritif-0.9.5
collected 14 items

selenium_ui/jira_ui.py get driver from global
1608132267400,115,selenium_login:open_login_page,Success,True
1608132267891,490,selenium_login:login_and_view_dashboard,Success,True
1608132267891,606,selenium_login,Success,True
.test_0_selenium_a_login,Total:337 Passed:337 Failed:0
1608132268232,330,selenium_browse_projects_list,Success,True
.test_1_selenium_browse_projects_list,Total:338 Passed:338 Failed:0
1608132268492,259,selenium_browse_boards_list,Success,True
.test_1_selenium_browse_boards_list,Total:339 Passed:339 Failed:0
1608132269296,795,selenium_create_issue:open_quick_create,Success,True
1608132270400,604,selenium_create_issue:fill_and_submit_issue_form:submit_issue_form,Success,True
1608132270401,1104,selenium_create_issue:fill_and_submit_issue_form,Success,True
1608132270401,1900,selenium_create_issue,Success,True
.test_1_selenium_create_issue,Total:340 Passed:340 Failed:0
1608132270930,516,selenium_edit_issue:open_edit_issue_form,Success,True
1608132271934,580,selenium_edit_issue:save_edit_issue_form,Success,True
1608132271934,1520,selenium_edit_issue,Success,True
.test_1_selenium_edit_issue,Total:341 Passed:341 Failed:0
1608132272291,355,selenium_save_comment:open_comment_form,Success,True
1608132273277,805,selenium_save_comment:submit_form,Success,True
1608132273277,1341,selenium_save_comment,Success,True
.test_1_selenium_save_comment,Total:342 Passed:342 Failed:0
1608132274551,1272,selenium_search_jql,Success,True
.test_1_selenium_search_jql,Total:343 Passed:343 Failed:0
1608132275176,624,selenium_view_scrum_board_backlog,Success,True
.test_1_selenium_view_backlog_for_scrum_board,Total:344 Passed:344 Failed:0
1608132275641,463,selenium_view_scrum_board,Success,True
.test_1_selenium_view_scrum_board,Total:345 Passed:345 Failed:0
1608132276904,1261,selenium_view_kanban_board,Success,True
.test_1_selenium_view_kanban_board,Total:346 Passed:346 Failed:0
1608132277376,470,selenium_view_dashboard,Success,True
.test_1_selenium_view_dashboard,Total:347 Passed:347 Failed:0
1608132278067,689,selenium_view_issue,Success,True
.test_1_selenium_view_issue,Total:348 Passed:348 Failed:0
1608132278465,397,selenium_project_summary,Success,True
.test_1_selenium_view_project_summary,Total:349 Passed:349 Failed:0
1608132278839,372,selenium_log_out,Success,True
.test_2_selenium_z_log_out,Total:350 Passed:350 Failed:0


=============================== warnings summary ===============================
../../usr/local/lib/python3.8/dist-packages/_pytest/config/__init__.py:1114
  /usr/local/lib/python3.8/dist-packages/_pytest/config/__init__.py:1114: PytestAssertRewriteWarning: Module already imported so cannot be rewritten: apiritif
    self._mark_plugins_for_rewrite(hook)

-- Docs: https://docs.pytest.org/en/stable/warnings.html
======================== 14 passed, 1 warning in 11.56s ========================
============================= test session starts ==============================
platform linux -- Python 3.8.0, pytest-6.1.1, py-1.9.0, pluggy-0.13.1
rootdir: /dc-app-performance-toolkit/app
plugins: apiritif-0.9.5
collected 14 items

selenium_ui/jira_ui.py get driver from global
1608132278991,104,selenium_login:open_login_page,Success,True
1608132279515,523,selenium_login:login_and_view_dashboard,Success,True
1608132279515,628,selenium_login,Success,True
.test_0_selenium_a_login,Total:351 Passed:351 Failed:0
1608132279864,336,selenium_browse_projects_list,Success,True
.test_1_selenium_browse_projects_list,Total:352 Passed:352 Failed:0
1608132280128,262,selenium_browse_boards_list,Success,True
.test_1_selenium_browse_boards_list,Total:353 Passed:353 Failed:0
1608132280903,767,selenium_create_issue:open_quick_create,Success,True
1608132282064,608,selenium_create_issue:fill_and_submit_issue_form:submit_issue_form,Success,True
1608132282064,1160,selenium_create_issue:fill_and_submit_issue_form,Success,True
1608132282064,1927,selenium_create_issue,Success,True
.test_1_selenium_create_issue,Total:354 Passed:354 Failed:0
1608132282655,577,selenium_edit_issue:open_edit_issue_form,Success,True
1608132283640,586,selenium_edit_issue:save_edit_issue_form,Success,True
1608132283640,1562,selenium_edit_issue,Success,True
.test_1_selenium_edit_issue,Total:355 Passed:355 Failed:0
1608132284039,397,selenium_save_comment:open_comment_form,Success,True
1608132284962,768,selenium_save_comment:submit_form,Success,True
1608132284962,1320,selenium_save_comment,Success,True
.test_1_selenium_save_comment,Total:356 Passed:356 Failed:0
1608132286197,1233,selenium_search_jql,Success,True
.test_1_selenium_search_jql,Total:357 Passed:357 Failed:0
1608132286862,663,selenium_view_scrum_board_backlog,Success,True
.test_1_selenium_view_backlog_for_scrum_board,Total:358 Passed:358 Failed:0
1608132287313,450,selenium_view_scrum_board,Success,True
.test_1_selenium_view_scrum_board,Total:359 Passed:359 Failed:0
1608132288063,748,selenium_view_kanban_board,Success,True
.test_1_selenium_view_kanban_board,Total:360 Passed:360 Failed:0
1608132288363,298,selenium_view_dashboard,Success,True
.test_1_selenium_view_dashboard,Total:361 Passed:361 Failed:0
1608132288995,630,selenium_view_issue,Success,True
.test_1_selenium_view_issue,Total:362 Passed:362 Failed:0
1608132289475,479,selenium_project_summary,Success,True
.test_1_selenium_view_project_summary,Total:363 Passed:363 Failed:0
1608132289771,294,selenium_log_out,Success,True
.test_2_selenium_z_log_out,Total:364 Passed:364 Failed:0


=============================== warnings summary ===============================
../../usr/local/lib/python3.8/dist-packages/_pytest/config/__init__.py:1114
  /usr/local/lib/python3.8/dist-packages/_pytest/config/__init__.py:1114: PytestAssertRewriteWarning: Module already imported so cannot be rewritten: apiritif
    self._mark_plugins_for_rewrite(hook)

-- Docs: https://docs.pytest.org/en/stable/warnings.html
[...]
.test_1_selenium_view_backlog_for_scrum_board,Total:3032 Passed:3032 Failed:0
1608134591542,988,selenium_view_scrum_board,Success,True
.test_1_selenium_view_scrum_board,Total:3033 Passed:3033 Failed:0
1608134593323,1780,selenium_view_kanban_board,Success,True
.test_1_selenium_view_kanban_board,Total:3034 Passed:3034 Failed:0
1608134593723,398,selenium_view_dashboard,Success,True
.test_1_selenium_view_dashboard,Total:3035 Passed:3035 Failed:0
1608134594398,673,selenium_view_issue,Success,True
.test_1_selenium_view_issue,Total:3036 Passed:3036 Failed:0
1608134594791,391,selenium_project_summary,Success,True
.test_1_selenium_view_project_summary,Total:3037 Passed:3037 Failed:0
1608134595112,320,selenium_log_out,Success,True
.test_2_selenium_z_log_out,Total:3038 Passed:3038 Failed:0


=============================== warnings summary ===============================
../../usr/local/lib/python3.8/dist-packages/_pytest/config/__init__.py:1114
  /usr/local/lib/python3.8/dist-packages/_pytest/config/__init__.py:1114: PytestAssertRewriteWarning: Module already imported so cannot be rewritten: apiritif
    self._mark_plugins_for_rewrite(hook)

-- Docs: https://docs.pytest.org/en/stable/warnings.html
======================== 14 passed, 1 warning in 12.21s ========================
============================= test session starts ==============================
platform linux -- Python 3.8.0, pytest-6.1.1, py-1.9.0, pluggy-0.13.1
rootdir: /dc-app-performance-toolkit/app
plugins: apiritif-0.9.5
collected 14 items

selenium_ui/jira_ui.py get driver from global
1608134595264,103,selenium_login:open_login_page,Success,True
1608134595731,467,selenium_login:login_and_view_dashboard,Success,True
1608134595731,571,selenium_login,Success,True
.test_0_selenium_a_login,Total:3039 Passed:3039 Failed:0
1608134596063,320,selenium_browse_projects_list,Success,True
.test_1_selenium_browse_projects_list,Total:3040 Passed:3040 Failed:0
1608134596824,760,selenium_browse_boards_list,Success,True
.test_1_selenium_browse_boards_list,Total:3041 Passed:3041 Failed:0
1608134597564,732,selenium_create_issue:open_quick_create,Success,True
1608134598727,609,selenium_create_issue:fill_and_submit_issue_form:submit_issue_form,Success,True
1608134598727,1163,selenium_create_issue:fill_and_submit_issue_form,Success,True
1608134598727,1895,selenium_create_issue,Success,True
.test_1_selenium_create_issue,Total:3042 Passed:3042 Failed:0
1608134599248,508,selenium_edit_issue:open_edit_issue_form,Success,True
1608134600239,559,selenium_edit_issue:save_edit_issue_form,Success,True
1608134600239,1499,selenium_edit_issue,Success,True
.test_1_selenium_edit_issue,Total:3043 Passed:3043 Failed:0
1608134600587,347,selenium_save_comment:open_comment_form,Success,True
1608134601541,774,selenium_save_comment:submit_form,Success,True
1608134601541,1301,selenium_save_comment,Success,True
.test_1_selenium_save_comment,Total:3044 Passed:3044 Failed:0
1608134602827,1284,selenium_search_jql,Success,True
.test_1_selenium_search_jql,Total:3045 Passed:3045 Failed:0
1608134603327,499,selenium_view_scrum_board_backlog,Success,True
.test_1_selenium_view_backlog_for_scrum_board,Total:3046 Passed:3046 Failed:0
1608134604350,1021,selenium_view_scrum_board,Success,True
.test_1_selenium_view_scrum_board,Total:3047 Passed:3047 Failed:0
1608134605791,1439,selenium_view_kanban_board,Success,True
.test_1_selenium_view_kanban_board,Total:3048 Passed:3048 Failed:0
1608134606084,292,selenium_view_dashboard,Success,True
.test_1_selenium_view_dashboard,Total:3049 Passed:3049 Failed:0
1608134606798,712,selenium_view_issue,Success,True
.test_1_selenium_view_issue,Total:3050 Passed:3050 Failed:0
1608134607260,460,selenium_project_summary,Success,True
.test_1_selenium_view_project_summary,Total:3051 Passed:3051 Failed:0
1608134607634,373,selenium_log_out,Success,True
.test_2_selenium_z_log_out,Total:3052 Passed:3052 Failed:0


=============================== warnings summary ===============================
../../usr/local/lib/python3.8/dist-packages/_pytest/config/__init__.py:1114
  /usr/local/lib/python3.8/dist-packages/_pytest/config/__init__.py:1114: PytestAssertRewriteWarning: Module already imported so cannot be rewritten: apiritif
    self._mark_plugins_for_rewrite(hook)

-- Docs: https://docs.pytest.org/en/stable/warnings.html
======================== 14 passed, 1 warning in 12.48s ========================
============================= test session starts ==============================
platform linux -- Python 3.8.0, pytest-6.1.1, py-1.9.0, pluggy-0.13.1
rootdir: /dc-app-performance-toolkit/app
plugins: apiritif-0.9.5
collected 14 items

selenium_ui/jira_ui.py get driver from global
1608134607800,117,selenium_login:open_login_page,Success,True
1608134608321,521,selenium_login:login_and_view_dashboard,Success,True
1608134608321,638,selenium_login,Success,True
.test_0_selenium_a_login,Total:3053 Passed:3053 Failed:0
1608134608645,311,selenium_browse_projects_list,Success,True
.test_1_selenium_browse_projects_list,Total:3054 Passed:3054 Failed:0
1608134608919,272,selenium_browse_boards_list,Success,True
.test_1_selenium_browse_boards_list,Total:3055 Passed:3055 Failed:0
1608134609647,720,selenium_create_issue:open_quick_create,Success,True
1608134610785,605,selenium_create_issue:fill_and_submit_issue_form:submit_issue_form,Success,True
1608134610785,1137,selenium_create_issue:fill_and_submit_issue_form,Success,True
1608134610786,1858,selenium_create_issue,Success,True
.test_1_selenium_create_issue,Total:3056 Passed:3056 Failed:0
1608134611403,603,selenium_edit_issue:open_edit_issue_form,Success,True
1608134612323,567,selenium_edit_issue:save_edit_issue_form,Success,True
1608134612323,1522,selenium_edit_issue,Success,True
.test_1_selenium_edit_issue,Total:3057 Passed:3057 Failed:0
1608134612701,376,selenium_save_comment:open_comment_form,Success,True
1608134613528,682,selenium_save_comment:submit_form,Success,True
1608134613528,1204,selenium_save_comment,Success,True
.test_1_selenium_save_comment,Total:3058 Passed:3058 Failed:0
1608134614834,1304,selenium_search_jql,Success,True
.test_1_selenium_search_jql,Total:3059 Passed:3059 Failed:0
1608134615324,488,selenium_view_scrum_board_backlog,Success,True
.test_1_selenium_view_backlog_for_scrum_board,Total:3060 Passed:3060 Failed:0
1608134616345,1019,selenium_view_scrum_board,Success,True
.test_1_selenium_view_scrum_board,Total:3061 Passed:3061 Failed:0
1608134618118,1771,selenium_view_kanban_board,Success,True
.test_1_selenium_view_kanban_board,Total:3062 Passed:3062 Failed:0
1608134618539,419,selenium_view_dashboard,Success,True
.test_1_selenium_view_dashboard,Total:3063 Passed:3063 Failed:0
1608134619179,638,selenium_view_issue,Success,True
.test_1_selenium_view_issue,Total:3064 Passed:3064 Failed:0
1608134619582,401,selenium_project_summary,Success,True
.test_1_selenium_view_project_summary,Total:3065 Passed:3065 Failed:0
1608134619951,368,selenium_log_out,Success,True
.test_2_selenium_z_log_out,Total:3066 Passed:3066 Failed:0


=============================== warnings summary ===============================
../../usr/local/lib/python3.8/dist-packages/_pytest/config/__init__.py:1114
  /usr/local/lib/python3.8/dist-packages/_pytest/config/__init__.py:1114: PytestAssertRewriteWarning: Module already imported so cannot be rewritten: apiritif
    self._mark_plugins_for_rewrite(hook)

-- Docs: https://docs.pytest.org/en/stable/warnings.html
======================== 14 passed, 1 warning in 12.28s ========================
============================= test session starts ==============================
platform linux -- Python 3.8.0, pytest-6.1.1, py-1.9.0, pluggy-0.13.1
rootdir: /dc-app-performance-toolkit/app
plugins: apiritif-0.9.5
collected 14 items

selenium_ui/jira_ui.py get driver from global
1608134620110,109,selenium_login:open_login_page,Success,True
1608134620534,424,selenium_login:login_and_view_dashboard,Success,True
1608134620535,534,selenium_login,Success,True
.test_0_selenium_a_login,Total:3067 Passed:3067 Failed:0
1608134620955,323,selenium_browse_projects_list,Success,True
.test_1_selenium_browse_projects_list,Total:3068 Passed:3068 Failed:0
1608134621230,274,selenium_browse_boards_list,Success,True
.test_1_selenium_browse_boards_list,Total:3069 Passed:3069 Failed:0
1608134621956,718,selenium_create_issue:open_quick_create,Success,True
1608134623146,606,selenium_create_issue:fill_and_submit_issue_form:submit_issue_form,Success,True
1608134623146,1189,selenium_create_issue:fill_and_submit_issue_form,Success,True
1608134623146,1907,selenium_create_issue,Success,True
.test_1_selenium_create_issue,Total:3070 Passed:3070 Failed:0
1608134623801,644,selenium_edit_issue:open_edit_issue_form,Success,True
1608134624748,590,selenium_edit_issue:save_edit_issue_form,Success,True
1608134624748,1591,selenium_edit_issue,Success,True
.test_1_selenium_edit_issue,Total:3071 Passed:3071 Failed:0
1608134625106,356,selenium_save_comment:open_comment_form,Success,True
1608134626028,752,selenium_save_comment:submit_form,Success,True
1608134626028,1277,selenium_save_comment,Success,True
.test_1_selenium_save_comment,Total:3072 Passed:3072 Failed:0
1608134627225,1195,selenium_search_jql,Success,True
.test_1_selenium_search_jql,Total:3073 Passed:3073 Failed:0
1608134627821,594,selenium_view_scrum_board_backlog,Success,True
.test_1_selenium_view_backlog_for_scrum_board,Total:3074 Passed:3074 Failed:0
1608134628238,416,selenium_view_scrum_board,Success,True
.test_1_selenium_view_scrum_board,Total:3075 Passed:3075 Failed:0
1608134629794,1554,selenium_view_kanban_board,Success,True
.test_1_selenium_view_kanban_board,Total:3076 Passed:3076 Failed:0
1608134630252,456,selenium_view_dashboard,Success,True
.test_1_selenium_view_dashboard,Total:3077 Passed:3077 Failed:0
1608134630878,624,selenium_view_issue,Success,True
.test_1_selenium_view_issue,Total:3078 Passed:3078 Failed:0
1608134631389,509,selenium_project_summary,Success,True
.test_1_selenium_view_project_summary,Total:3079 Passed:3079 Failed:0
1608134631743,353,selenium_log_out,Success,True
.test_2_selenium_z_log_out,Total:3080 Passed:3080 Failed:0


=============================== warnings summary ===============================
../../usr/local/lib/python3.8/dist-packages/_pytest/config/__init__.py:1114
  /usr/local/lib/python3.8/dist-packages/_pytest/config/__init__.py:1114: PytestAssertRewriteWarning: Module already imported so cannot be rewritten: apiritif
    self._mark_plugins_for_rewrite(hook)

-- Docs: https://docs.pytest.org/en/stable/warnings.html
======================== 14 passed, 1 warning in 11.75s ========================
============================= test session starts ==============================
platform linux -- Python 3.8.0, pytest-6.1.1, py-1.9.0, pluggy-0.13.1
rootdir: /dc-app-performance-toolkit/app
plugins: apiritif-0.9.5
collected 14 items

selenium_ui/jira_ui.py get driver from global
1608134631902,110,selenium_login:open_login_page,Success,True
1608134632394,492,selenium_login:login_and_view_dashboard,Success,True
1608134632394,602,selenium_login,Success,True
.test_0_selenium_a_login,Total:3081 Passed:3081 Failed:0
1608134632772,367,selenium_browse_projects_list,Success,True
.test_1_selenium_browse_projects_list,Total:3082 Passed:3082 Failed:0
1608134633027,253,selenium_browse_boards_list,Success,True
.test_1_selenium_browse_boards_list,Total:3083 Passed:3083 Failed:0
1608134633679,644,selenium_create_issue:open_quick_create,Success,True
1608134634719,601,selenium_create_issue:fill_and_submit_issue_form:submit_issue_form,Success,True
1608134634719,1039,selenium_create_issue:fill_and_submit_issue_form,Success,True
1608134634719,1684,selenium_create_issue,Success,True
.test_1_selenium_create_issue,Total:3084 Passed:3084 Failed:0
1608134635323,590,selenium_edit_issue:open_edit_issue_form,Success,True
1608134636233,571,selenium_edit_issue:save_edit_issue_form,Success,True
1608134636233,1501,selenium_edit_issue,Success,True
.test_1_selenium_edit_issue,Total:3085 Passed:3085 Failed:0
1608134636599,364,selenium_save_comment:open_comment_form,Success,True
1608134637483,717,selenium_save_comment:submit_form,Success,True
1608134637483,1248,selenium_save_comment,Success,True
.test_1_selenium_save_comment,Total:3086 Passed:3086 Failed:0
1608134638708,1223,selenium_search_jql,Success,True
.test_1_selenium_search_jql,Total:3087 Passed:3087 Failed:0
1608134639341,632,selenium_view_scrum_board_backlog,Success,True
.test_1_selenium_view_backlog_for_scrum_board,Total:3088 Passed:3088 Failed:0
1608134639751,408,selenium_view_scrum_board,Success,True
.test_1_selenium_view_scrum_board,Total:3089 Passed:3089 Failed:0
1608134641030,1277,selenium_view_kanban_board,Success,True
.test_1_selenium_view_kanban_board,Total:3090 Passed:3090 Failed:0
1608134641364,332,selenium_view_dashboard,Success,True
.test_1_selenium_view_dashboard,Total:3091 Passed:3091 Failed:0
1608134641913,547,selenium_view_issue,Success,True
.test_1_selenium_view_issue,Total:3092 Passed:3092 Failed:0
1608134642360,446,selenium_project_summary,Success,True
.test_1_selenium_view_project_summary,Total:3093 Passed:3093 Failed:0
1608134642665,303,selenium_log_out,Success,True
.test_2_selenium_z_log_out,Total:3094 Passed:3094 Failed:0


=============================== warnings summary ===============================
../../usr/local/lib/python3.8/dist-packages/_pytest/config/__init__.py:1114
  /usr/local/lib/python3.8/dist-packages/_pytest/config/__init__.py:1114: PytestAssertRewriteWarning: Module already imported so cannot be rewritten: apiritif
    self._mark_plugins_for_rewrite(hook)

-- Docs: https://docs.pytest.org/en/stable/warnings.html
======================== 14 passed, 1 warning in 10.88s ========================
============================= test session starts ==============================
platform linux -- Python 3.8.0, pytest-6.1.1, py-1.9.0, pluggy-0.13.1
rootdir: /dc-app-performance-toolkit/app
plugins: apiritif-0.9.5
collected 14 items

selenium_ui/jira_ui.py get driver from global
1608134642815,101,selenium_login:open_login_page,Success,True
1608134643330,515,selenium_login:login_and_view_dashboard,Success,True
1608134643330,616,selenium_login,Success,True
.test_0_selenium_a_login,Total:3095 Passed:3095 Failed:0
1608134643651,308,selenium_browse_projects_list,Success,True
.test_1_selenium_browse_projects_list,Total:3096 Passed:3096 Failed:0
1608134643905,252,selenium_browse_boards_list,Success,True
.test_1_selenium_browse_boards_list,Total:3097 Passed:3097 Failed:0
1608134644683,770,selenium_create_issue:open_quick_create,Success,True
1608134645836,609,selenium_create_issue:fill_and_submit_issue_form:submit_issue_form,Success,True
1608134645836,1152,selenium_create_issue:fill_and_submit_issue_form,Success,True
1608134645836,1923,selenium_create_issue,Success,True
.test_1_selenium_create_issue,Total:3098 Passed:3098 Failed:0
1608134646487,637,selenium_edit_issue:open_edit_issue_form,Success,True
1608134647327,566,selenium_edit_issue:save_edit_issue_form,Success,True
1608134647327,1477,selenium_edit_issue,Success,True
.test_1_selenium_edit_issue,Total:3099 Passed:3099 Failed:0
1608134647691,362,selenium_save_comment:open_comment_form,Success,True
1608134648610,757,selenium_save_comment:submit_form,Success,True
1608134648610,1282,selenium_save_comment,Success,True
.test_1_selenium_save_comment,Total:3100 Passed:3100 Failed:0
1608134649803,1191,selenium_search_jql,Success,True
.test_1_selenium_search_jql,Total:3101 Passed:3101 Failed:0
1608134650421,616,selenium_view_scrum_board_backlog,Success,True
.test_1_selenium_view_backlog_for_scrum_board,Total:3102 Passed:3102 Failed:0
1608134650855,433,selenium_view_scrum_board,Success,True
.test_1_selenium_view_scrum_board,Total:3103 Passed:3103 Failed:0
1608134652616,1759,selenium_view_kanban_board,Success,True
.test_1_selenium_view_kanban_board,Total:3104 Passed:3104 Failed:0
1608134652933,315,selenium_view_dashboard,Success,True
.test_1_selenium_view_dashboard,Total:3105 Passed:3105 Failed:0
1608134653553,618,selenium_view_issue,Success,True
.test_1_selenium_view_issue,Total:3106 Passed:3106 Failed:0
1608134654000,445,selenium_project_summary,Success,True
.test_1_selenium_view_project_summary,Total:3107 Passed:3107 Failed:0
1608134654294,293,selenium_log_out,Success,True
.test_2_selenium_z_log_out,Total:3108 Passed:3108 Failed:0


=============================== warnings summary ===============================
../../usr/local/lib/python3.8/dist-packages/_pytest/config/__init__.py:1114
  /usr/local/lib/python3.8/dist-packages/_pytest/config/__init__.py:1114: PytestAssertRewriteWarning: Module already imported so cannot be rewritten: apiritif
    self._mark_plugins_for_rewrite(hook)

-- Docs: https://docs.pytest.org/en/stable/warnings.html
======================== 14 passed, 1 warning in 11.59s ========================
============================= test session starts ==============================
platform linux -- Python 3.8.0, pytest-6.1.1, py-1.9.0, pluggy-0.13.1
rootdir: /dc-app-performance-toolkit/app
plugins: apiritif-0.9.5
collected 14 items

selenium_ui/jira_ui.py get driver from global
1608134654453,109,selenium_login:open_login_page,Success,True
1608134654953,499,selenium_login:login_and_view_dashboard,Success,True
1608134654953,608,selenium_login,Success,True
.test_0_selenium_a_login,Total:3109 Passed:3109 Failed:0
1608134655285,321,selenium_browse_projects_list,Success,True
.test_1_selenium_browse_projects_list,Total:3110 Passed:3110 Failed:0
1608134655562,275,selenium_browse_boards_list,Success,True
.test_1_selenium_browse_boards_list,Total:3111 Passed:3111 Failed:0
1608134656229,658,selenium_create_issue:open_quick_create,Success,True
1608134657318,601,selenium_create_issue:fill_and_submit_issue_form:submit_issue_form,Success,True
1608134657318,1088,selenium_create_issue:fill_and_submit_issue_form,Success,True
1608134657318,1747,selenium_create_issue,Success,True
.test_1_selenium_create_issue,Total:3112 Passed:3112 Failed:0
1608134657857,521,selenium_edit_issue:open_edit_issue_form,Success,True
1608134658830,549,selenium_edit_issue:save_edit_issue_form,Success,True
1608134658830,1495,selenium_edit_issue,Success,True
.test_1_selenium_edit_issue,Total:3113 Passed:3113 Failed:0
1608134659213,380,selenium_save_comment:open_comment_form,Success,True
1608134660081,712,selenium_save_comment:submit_form,Success,True
1608134660082,1249,selenium_save_comment,Success,True
.test_1_selenium_save_comment,Total:3114 Passed:3114 Failed:0
1608134661320,1236,selenium_search_jql,Success,True
.test_1_selenium_search_jql,Total:3115 Passed:3115 Failed:0
1608134661903,582,selenium_view_scrum_board_backlog,Success,True
.test_1_selenium_view_backlog_for_scrum_board,Total:3116 Passed:3116 Failed:0
1608134662310,405,selenium_view_scrum_board,Success,True
.test_1_selenium_view_scrum_board,Total:3117 Passed:3117 Failed:0
1608134663766,1454,selenium_view_kanban_board,Success,True
.test_1_selenium_view_kanban_board,Total:3118 Passed:3118 Failed:0
1608134664154,386,selenium_view_dashboard,Success,True
.test_1_selenium_view_dashboard,Total:3119 Passed:3119 Failed:0
1608134664816,660,selenium_view_issue,Success,True
.test_1_selenium_view_issue,Total:3120 Passed:3120 Failed:0
1608134665311,494,selenium_project_summary,Success,True
.test_1_selenium_view_project_summary,Total:3121 Passed:3121 Failed:0
1608134665663,350,selenium_log_out,Success,True
.test_2_selenium_z_log_out,Total:3122 Passed:3122 Failed:0


=============================== warnings summary ===============================
../../usr/local/lib/python3.8/dist-packages/_pytest/config/__init__.py:1114
  /usr/local/lib/python3.8/dist-packages/_pytest/config/__init__.py:1114: PytestAssertRewriteWarning: Module already imported so cannot be rewritten: apiritif
    self._mark_plugins_for_rewrite(hook)

-- Docs: https://docs.pytest.org/en/stable/warnings.html
======================== 14 passed, 1 warning in 11.33s ========================
