============================= test session starts ==============================
platform linux -- Python 3.8.0, pytest-6.1.1, py-1.9.0, pluggy-0.13.1
rootdir: /dc-app-performance-toolkit/app
plugins: apiritif-0.9.5
collected 14 items

selenium_ui/jira_ui.py first driver inits
1608145805578,971,selenium_login:open_login_page,Success,True
1608145807912,2333,selenium_login:login_and_view_dashboard,Success,True
1608145807912,3305,selenium_login,Success,True
.test_0_selenium_a_login,Total:1 Passed:1 Failed:0
1608145808791,865,selenium_browse_projects_list,Success,True
.test_1_selenium_browse_projects_list,Total:2 Passed:2 Failed:0
1608145811109,2317,selenium_browse_boards_list,Success,True
.test_1_selenium_browse_boards_list,Total:3 Passed:3 Failed:0
1608145812168,1050,selenium_create_issue:open_quick_create,Success,True
1608145814448,1633,selenium_create_issue:fill_and_submit_issue_form:submit_issue_form,Success,True
1608145814448,2280,selenium_create_issue:fill_and_submit_issue_form,Success,True
1608145814448,3330,selenium_create_issue,Success,True
.test_1_selenium_create_issue,Total:4 Passed:4 Failed:0
1608145815643,1183,selenium_edit_issue:open_edit_issue_form,Success,True
1608145816682,565,selenium_edit_issue:save_edit_issue_form,Success,True
1608145816682,2223,selenium_edit_issue,Success,True
.test_1_selenium_edit_issue,Total:5 Passed:5 Failed:0
1608145817038,353,selenium_save_comment:open_comment_form,Success,True
1608145820304,3092,selenium_save_comment:submit_form,Success,True
1608145820304,3620,selenium_save_comment,Success,True
.test_1_selenium_save_comment,Total:6 Passed:6 Failed:0
1608145822849,2543,selenium_search_jql,Success,True
.test_1_selenium_search_jql,Total:7 Passed:7 Failed:0
1608145825607,2757,selenium_view_scrum_board_backlog,Success,True
.test_1_selenium_view_backlog_for_scrum_board,Total:8 Passed:8 Failed:0
1608145828499,2890,selenium_view_scrum_board,Success,True
.test_1_selenium_view_scrum_board,Total:9 Passed:9 Failed:0
1608145830332,1830,selenium_view_kanban_board,Success,True
.test_1_selenium_view_kanban_board,Total:10 Passed:10 Failed:0
1608145831238,904,selenium_view_dashboard,Success,True
.test_1_selenium_view_dashboard,Total:11 Passed:11 Failed:0
1608145831855,616,selenium_view_issue,Success,True
.test_1_selenium_view_issue,Total:12 Passed:12 Failed:0
1608145833933,2076,selenium_project_summary,Success,True
.test_1_selenium_view_project_summary,Total:13 Passed:13 Failed:0
1608145834330,396,selenium_log_out,Success,True
.test_2_selenium_z_log_out,Total:14 Passed:14 Failed:0


=============================== warnings summary ===============================
../../usr/local/lib/python3.8/dist-packages/_pytest/config/__init__.py:1114
  /usr/local/lib/python3.8/dist-packages/_pytest/config/__init__.py:1114: PytestAssertRewriteWarning: Module already imported so cannot be rewritten: apiritif
    self._mark_plugins_for_rewrite(hook)

-- Docs: https://docs.pytest.org/en/stable/warnings.html
======================== 14 passed, 1 warning in 30.95s ========================
============================= test session starts ==============================
platform linux -- Python 3.8.0, pytest-6.1.1, py-1.9.0, pluggy-0.13.1
rootdir: /dc-app-performance-toolkit/app
plugins: apiritif-0.9.5
collected 14 items

selenium_ui/jira_ui.py get driver from global
1608145834495,104,selenium_login:open_login_page,Success,True
1608145835195,699,selenium_login:login_and_view_dashboard,Success,True
1608145835195,804,selenium_login,Success,True
.test_0_selenium_a_login,Total:15 Passed:15 Failed:0
1608145835543,337,selenium_browse_projects_list,Success,True
.test_1_selenium_browse_projects_list,Total:16 Passed:16 Failed:0
1608145835885,341,selenium_browse_boards_list,Success,True
.test_1_selenium_browse_boards_list,Total:17 Passed:17 Failed:0
1608145836623,728,selenium_create_issue:open_quick_create,Success,True
1608145837764,602,selenium_create_issue:fill_and_submit_issue_form:submit_issue_form,Success,True
1608145837764,1141,selenium_create_issue:fill_and_submit_issue_form,Success,True
1608145837764,1869,selenium_create_issue,Success,True
.test_1_selenium_create_issue,Total:18 Passed:18 Failed:0
1608145838378,603,selenium_edit_issue:open_edit_issue_form,Success,True
1608145839265,559,selenium_edit_issue:save_edit_issue_form,Success,True
1608145839265,1489,selenium_edit_issue,Success,True
.test_1_selenium_edit_issue,Total:19 Passed:19 Failed:0
1608145839680,414,selenium_save_comment:open_comment_form,Success,True
1608145841795,1957,selenium_save_comment:submit_form,Success,True
1608145841795,2529,selenium_save_comment,Success,True
.test_1_selenium_save_comment,Total:20 Passed:20 Failed:0
1608145842976,1179,selenium_search_jql,Success,True
.test_1_selenium_search_jql,Total:21 Passed:21 Failed:0
1608145843558,580,selenium_view_scrum_board_backlog,Success,True
.test_1_selenium_view_backlog_for_scrum_board,Total:22 Passed:22 Failed:0
1608145845018,1459,selenium_view_scrum_board,Success,True
.test_1_selenium_view_scrum_board,Total:23 Passed:23 Failed:0
1608145846238,1218,selenium_view_kanban_board,Success,True
.test_1_selenium_view_kanban_board,Total:24 Passed:24 Failed:0
1608145846949,710,selenium_view_dashboard,Success,True
.test_1_selenium_view_dashboard,Total:25 Passed:25 Failed:0
1608145847524,573,selenium_view_issue,Success,True
.test_1_selenium_view_issue,Total:26 Passed:26 Failed:0
1608145847952,426,selenium_project_summary,Success,True
.test_1_selenium_view_project_summary,Total:27 Passed:27 Failed:0
1608145848302,348,selenium_log_out,Success,True
.test_2_selenium_z_log_out,Total:28 Passed:28 Failed:0


=============================== warnings summary ===============================
../../usr/local/lib/python3.8/dist-packages/_pytest/config/__init__.py:1114
  /usr/local/lib/python3.8/dist-packages/_pytest/config/__init__.py:1114: PytestAssertRewriteWarning: Module already imported so cannot be rewritten: apiritif
    self._mark_plugins_for_rewrite(hook)

-- Docs: https://docs.pytest.org/en/stable/warnings.html
======================== 14 passed, 1 warning in 13.92s ========================
============================= test session starts ==============================
platform linux -- Python 3.8.0, pytest-6.1.1, py-1.9.0, pluggy-0.13.1
rootdir: /dc-app-performance-toolkit/app
plugins: apiritif-0.9.5
collected 14 items

selenium_ui/jira_ui.py get driver from global
1608145848460,109,selenium_login:open_login_page,Success,True
1608145848987,526,selenium_login:login_and_view_dashboard,Success,True
1608145848987,636,selenium_login,Success,True
.test_0_selenium_a_login,Total:29 Passed:29 Failed:0
1608145849324,326,selenium_browse_projects_list,Success,True
.test_1_selenium_browse_projects_list,Total:30 Passed:30 Failed:0
1608145849605,278,selenium_browse_boards_list,Success,True
.test_1_selenium_browse_boards_list,Total:31 Passed:31 Failed:0
1608145850334,721,selenium_create_issue:open_quick_create,Success,True
1608145851488,603,selenium_create_issue:fill_and_submit_issue_form:submit_issue_form,Success,True
1608145851488,1153,selenium_create_issue:fill_and_submit_issue_form,Success,True
1608145851488,1875,selenium_create_issue,Success,True
.test_1_selenium_create_issue,Total:32 Passed:32 Failed:0
1608145852251,749,selenium_edit_issue:open_edit_issue_form,Success,True
1608145853140,593,selenium_edit_issue:save_edit_issue_form,Success,True
1608145853140,1639,selenium_edit_issue,Success,True
.test_1_selenium_edit_issue,Total:33 Passed:33 Failed:0
1608145853513,371,selenium_save_comment:open_comment_form,Success,True
1608145854517,846,selenium_save_comment:submit_form,Success,True
1608145854517,1375,selenium_save_comment,Success,True
.test_1_selenium_save_comment,Total:34 Passed:34 Failed:0
1608145855919,1400,selenium_search_jql,Success,True
.test_1_selenium_search_jql,Total:35 Passed:35 Failed:0
1608145857195,1275,selenium_view_scrum_board_backlog,Success,True
.test_1_selenium_view_backlog_for_scrum_board,Total:36 Passed:36 Failed:0
1608145857662,465,selenium_view_scrum_board,Success,True
.test_1_selenium_view_scrum_board,Total:37 Passed:37 Failed:0
1608145858956,1293,selenium_view_kanban_board,Success,True
.test_1_selenium_view_kanban_board,Total:38 Passed:38 Failed:0
1608145859255,297,selenium_view_dashboard,Success,True
.test_1_selenium_view_dashboard,Total:39 Passed:39 Failed:0
1608145860953,1696,selenium_view_issue,Success,True
.test_1_selenium_view_issue,Total:40 Passed:40 Failed:0
1608145861386,432,selenium_project_summary,Success,True
.test_1_selenium_view_project_summary,Total:41 Passed:41 Failed:0
1608145861783,395,selenium_log_out,Success,True
.test_2_selenium_z_log_out,Total:42 Passed:42 Failed:0


=============================== warnings summary ===============================
../../usr/local/lib/python3.8/dist-packages/_pytest/config/__init__.py:1114
  /usr/local/lib/python3.8/dist-packages/_pytest/config/__init__.py:1114: PytestAssertRewriteWarning: Module already imported so cannot be rewritten: apiritif
    self._mark_plugins_for_rewrite(hook)

-- Docs: https://docs.pytest.org/en/stable/warnings.html
======================== 14 passed, 1 warning in 13.44s ========================
============================= test session starts ==============================
platform linux -- Python 3.8.0, pytest-6.1.1, py-1.9.0, pluggy-0.13.1
rootdir: /dc-app-performance-toolkit/app
plugins: apiritif-0.9.5
collected 14 items

selenium_ui/jira_ui.py get driver from global
1608145861955,121,selenium_login:open_login_page,Success,True
1608145862447,492,selenium_login:login_and_view_dashboard,Success,True
1608145862447,614,selenium_login,Success,True
.test_0_selenium_a_login,Total:43 Passed:43 Failed:0
1608145862825,366,selenium_browse_projects_list,Success,True
.test_1_selenium_browse_projects_list,Total:44 Passed:44 Failed:0
1608145863096,269,selenium_browse_boards_list,Success,True
.test_1_selenium_browse_boards_list,Total:45 Passed:45 Failed:0
1608145863824,719,selenium_create_issue:open_quick_create,Success,True
1608145865036,625,selenium_create_issue:fill_and_submit_issue_form:submit_issue_form,Success,True
1608145865036,1211,selenium_create_issue:fill_and_submit_issue_form,Success,True
1608145865036,1931,selenium_create_issue,Success,True
.test_1_selenium_create_issue,Total:46 Passed:46 Failed:0
1608145865550,501,selenium_edit_issue:open_edit_issue_form,Success,True
1608145866532,570,selenium_edit_issue:save_edit_issue_form,Success,True
1608145866532,1483,selenium_edit_issue,Success,True
.test_1_selenium_edit_issue,Total:47 Passed:47 Failed:0
1608145866902,367,selenium_save_comment:open_comment_form,Success,True
1608145867920,860,selenium_save_comment:submit_form,Success,True
1608145867920,1385,selenium_save_comment,Success,True
.test_1_selenium_save_comment,Total:48 Passed:48 Failed:0
1608145869251,1330,selenium_search_jql,Success,True
.test_1_selenium_search_jql,Total:49 Passed:49 Failed:0
1608145869796,544,selenium_view_scrum_board_backlog,Success,True
.test_1_selenium_view_backlog_for_scrum_board,Total:50 Passed:50 Failed:0
1608145870797,999,selenium_view_scrum_board,Success,True
.test_1_selenium_view_scrum_board,Total:51 Passed:51 Failed:0
1608145871961,1162,selenium_view_kanban_board,Success,True
.test_1_selenium_view_kanban_board,Total:52 Passed:52 Failed:0
1608145872463,500,selenium_view_dashboard,Success,True
.test_1_selenium_view_dashboard,Total:53 Passed:53 Failed:0
1608145873101,636,selenium_view_issue,Success,True
.test_1_selenium_view_issue,Total:54 Passed:54 Failed:0
1608145873507,405,selenium_project_summary,Success,True
.test_1_selenium_view_project_summary,Total:55 Passed:55 Failed:0
1608145873846,337,selenium_log_out,Success,True
.test_2_selenium_z_log_out,Total:56 Passed:56 Failed:0


=============================== warnings summary ===============================
../../usr/local/lib/python3.8/dist-packages/_pytest/config/__init__.py:1114
  /usr/local/lib/python3.8/dist-packages/_pytest/config/__init__.py:1114: PytestAssertRewriteWarning: Module already imported so cannot be rewritten: apiritif
    self._mark_plugins_for_rewrite(hook)

-- Docs: https://docs.pytest.org/en/stable/warnings.html
======================== 14 passed, 1 warning in 12.02s ========================
============================= test session starts ==============================
platform linux -- Python 3.8.0, pytest-6.1.1, py-1.9.0, pluggy-0.13.1
rootdir: /dc-app-performance-toolkit/app
plugins: apiritif-0.9.5
collected 14 items

selenium_ui/jira_ui.py get driver from global
1608145873999,103,selenium_login:open_login_page,Success,True
1608145874486,487,selenium_login:login_and_view_dashboard,Success,True
1608145874486,591,selenium_login,Success,True
.test_0_selenium_a_login,Total:57 Passed:57 Failed:0
1608145874852,354,selenium_browse_projects_list,Success,True
.test_1_selenium_browse_projects_list,Total:58 Passed:58 Failed:0
1608145875131,277,selenium_browse_boards_list,Success,True
.test_1_selenium_browse_boards_list,Total:59 Passed:59 Failed:0
1608145875872,732,selenium_create_issue:open_quick_create,Success,True
1608145877027,610,selenium_create_issue:fill_and_submit_issue_form:submit_issue_form,Success,True
1608145877027,1155,selenium_create_issue:fill_and_submit_issue_form,Success,True
1608145877027,1887,selenium_create_issue,Success,True
.test_1_selenium_create_issue,Total:60 Passed:60 Failed:0
1608145877643,603,selenium_edit_issue:open_edit_issue_form,Success,True
1608145878553,571,selenium_edit_issue:save_edit_issue_form,Success,True
1608145878553,1514,selenium_edit_issue,Success,True
.test_1_selenium_edit_issue,Total:61 Passed:61 Failed:0
1608145878940,385,selenium_save_comment:open_comment_form,Success,True
1608145880247,1128,selenium_save_comment:submit_form,Success,True
1608145880247,1692,selenium_save_comment,Success,True
.test_1_selenium_save_comment,Total:62 Passed:62 Failed:0
1608145881508,1259,selenium_search_jql,Success,True
.test_1_selenium_search_jql,Total:63 Passed:63 Failed:0
1608145882297,787,selenium_view_scrum_board_backlog,Success,True
.test_1_selenium_view_backlog_for_scrum_board,Total:64 Passed:64 Failed:0
1608145882720,422,selenium_view_scrum_board,Success,True
.test_1_selenium_view_scrum_board,Total:65 Passed:65 Failed:0
1608145883616,894,selenium_view_kanban_board,Success,True
.test_1_selenium_view_kanban_board,Total:66 Passed:66 Failed:0
1608145884064,446,selenium_view_dashboard,Success,True
.test_1_selenium_view_dashboard,Total:67 Passed:67 Failed:0
1608145884722,656,selenium_view_issue,Success,True
.test_1_selenium_view_issue,Total:68 Passed:68 Failed:0
1608145885150,427,selenium_project_summary,Success,True
.test_1_selenium_view_project_summary,Total:69 Passed:69 Failed:0
1608145885526,374,selenium_log_out,Success,True
.test_2_selenium_z_log_out,Total:70 Passed:70 Failed:0


=============================== warnings summary ===============================
../../usr/local/lib/python3.8/dist-packages/_pytest/config/__init__.py:1114
  /usr/local/lib/python3.8/dist-packages/_pytest/config/__init__.py:1114: PytestAssertRewriteWarning: Module already imported so cannot be rewritten: apiritif
    self._mark_plugins_for_rewrite(hook)

-- Docs: https://docs.pytest.org/en/stable/warnings.html
======================== 14 passed, 1 warning in 11.64s ========================
============================= test session starts ==============================
platform linux -- Python 3.8.0, pytest-6.1.1, py-1.9.0, pluggy-0.13.1
rootdir: /dc-app-performance-toolkit/app
plugins: apiritif-0.9.5
collected 14 items

selenium_ui/jira_ui.py get driver from global
1608145885689,114,selenium_login:open_login_page,Success,True
1608145886278,589,selenium_login:login_and_view_dashboard,Success,True
1608145886278,703,selenium_login,Success,True
.test_0_selenium_a_login,Total:71 Passed:71 Failed:0
1608145886625,336,selenium_browse_projects_list,Success,True
.test_1_selenium_browse_projects_list,Total:72 Passed:72 Failed:0
1608145886909,283,selenium_browse_boards_list,Success,True
.test_1_selenium_browse_boards_list,Total:73 Passed:73 Failed:0
1608145887663,745,selenium_create_issue:open_quick_create,Success,True
1608145888831,601,selenium_create_issue:fill_and_submit_issue_form:submit_issue_form,Success,True
1608145888831,1167,selenium_create_issue:fill_and_submit_issue_form,Success,True
1608145888831,1913,selenium_create_issue,Success,True
.test_1_selenium_create_issue,Total:74 Passed:74 Failed:0
1608145889446,603,selenium_edit_issue:open_edit_issue_form,Success,True
1608145890334,572,selenium_edit_issue:save_edit_issue_form,Success,True
1608145890334,1491,selenium_edit_issue,Success,True
.test_1_selenium_edit_issue,Total:75 Passed:75 Failed:0
1608145890714,378,selenium_save_comment:open_comment_form,Success,True
1608145891619,747,selenium_save_comment:submit_form,Success,True
1608145891619,1283,selenium_save_comment,Success,True
.test_1_selenium_save_comment,Total:76 Passed:76 Failed:0
1608145892909,1288,selenium_search_jql,Success,True
.test_1_selenium_search_jql,Total:77 Passed:77 Failed:0
1608145893416,506,selenium_view_scrum_board_backlog,Success,True
.test_1_selenium_view_backlog_for_scrum_board,Total:78 Passed:78 Failed:0
1608145894480,1062,selenium_view_scrum_board,Success,True
.test_1_selenium_view_scrum_board,Total:79 Passed:79 Failed:0
1608145895934,1453,selenium_view_kanban_board,Success,True
.test_1_selenium_view_kanban_board,Total:80 Passed:80 Failed:0
1608145896557,621,selenium_view_dashboard,Success,True
.test_1_selenium_view_dashboard,Total:81 Passed:81 Failed:0
1608145897032,473,selenium_view_issue,Success,True
.test_1_selenium_view_issue,Total:82 Passed:82 Failed:0
1608145897530,497,selenium_project_summary,Success,True
.test_1_selenium_view_project_summary,Total:83 Passed:83 Failed:0
1608145897882,350,selenium_log_out,Success,True
.test_2_selenium_z_log_out,Total:84 Passed:84 Failed:0


=============================== warnings summary ===============================
../../usr/local/lib/python3.8/dist-packages/_pytest/config/__init__.py:1114
  /usr/local/lib/python3.8/dist-packages/_pytest/config/__init__.py:1114: PytestAssertRewriteWarning: Module already imported so cannot be rewritten: apiritif
    self._mark_plugins_for_rewrite(hook)

-- Docs: https://docs.pytest.org/en/stable/warnings.html
======================== 14 passed, 1 warning in 12.32s ========================
============================= test session starts ==============================
platform linux -- Python 3.8.0, pytest-6.1.1, py-1.9.0, pluggy-0.13.1
rootdir: /dc-app-performance-toolkit/app
plugins: apiritif-0.9.5
collected 14 items

selenium_ui/jira_ui.py get driver from global
1608145898036,105,selenium_login:open_login_page,Success,True
1608145898628,591,selenium_login:login_and_view_dashboard,Success,True
1608145898628,697,selenium_login,Success,True
.test_0_selenium_a_login,Total:85 Passed:85 Failed:0
1608145898984,345,selenium_browse_projects_list,Success,True
.test_1_selenium_browse_projects_list,Total:86 Passed:86 Failed:0
1608145899770,783,selenium_browse_boards_list,Success,True
.test_1_selenium_browse_boards_list,Total:87 Passed:87 Failed:0
1608145900491,713,selenium_create_issue:open_quick_create,Success,True
1608145901657,615,selenium_create_issue:fill_and_submit_issue_form:submit_issue_form,Success,True
1608145901657,1165,selenium_create_issue:fill_and_submit_issue_form,Success,True
1608145901657,1878,selenium_create_issue,Success,True
.test_1_selenium_create_issue,Total:88 Passed:88 Failed:0
1608145902326,657,selenium_edit_issue:open_edit_issue_form,Success,True
1608145903174,562,selenium_edit_issue:save_edit_issue_form,Success,True
1608145903174,1505,selenium_edit_issue,Success,True
.test_1_selenium_edit_issue,Total:89 Passed:89 Failed:0
1608145903567,391,selenium_save_comment:open_comment_form,Success,True
1608145904498,783,selenium_save_comment:submit_form,Success,True
1608145904498,1322,selenium_save_comment,Success,True
.test_1_selenium_save_comment,Total:90 Passed:90 Failed:0
1608145905958,1459,selenium_search_jql,Success,True
.test_1_selenium_search_jql,Total:91 Passed:91 Failed:0
1608145907010,1050,selenium_view_scrum_board_backlog,Success,True
.test_1_selenium_view_backlog_for_scrum_board,Total:92 Passed:92 Failed:0
1608145907437,426,selenium_view_scrum_board,Success,True
.test_1_selenium_view_scrum_board,Total:93 Passed:93 Failed:0
1608145908461,1021,selenium_view_kanban_board,Success,True
.test_1_selenium_view_kanban_board,Total:94 Passed:94 Failed:0
1608145909055,592,selenium_view_dashboard,Success,True
.test_1_selenium_view_dashboard,Total:95 Passed:95 Failed:0
1608145909699,642,selenium_view_issue,Success,True
.test_1_selenium_view_issue,Total:96 Passed:96 Failed:0
1608145910102,401,selenium_project_summary,Success,True
.test_1_selenium_view_project_summary,Total:97 Passed:97 Failed:0
1608145910521,417,selenium_log_out,Success,True
.test_2_selenium_z_log_out,Total:98 Passed:98 Failed:0


=============================== warnings summary ===============================
../../usr/local/lib/python3.8/dist-packages/_pytest/config/__init__.py:1114
  /usr/local/lib/python3.8/dist-packages/_pytest/config/__init__.py:1114: PytestAssertRewriteWarning: Module already imported so cannot be rewritten: apiritif
    self._mark_plugins_for_rewrite(hook)

-- Docs: https://docs.pytest.org/en/stable/warnings.html
======================== 14 passed, 1 warning in 12.60s ========================
============================= test session starts ==============================
platform linux -- Python 3.8.0, pytest-6.1.1, py-1.9.0, pluggy-0.13.1
rootdir: /dc-app-performance-toolkit/app
plugins: apiritif-0.9.5
collected 14 items

selenium_ui/jira_ui.py get driver from global
1608145910680,111,selenium_login:open_login_page,Success,True
1608145911274,594,selenium_login:login_and_view_dashboard,Success,True
1608145911274,706,selenium_login,Success,True
.test_0_selenium_a_login,Total:99 Passed:99 Failed:0
1608145911634,348,selenium_browse_projects_list,Success,True
.test_1_selenium_browse_projects_list,Total:100 Passed:100 Failed:0
1608145911920,284,selenium_browse_boards_list,Success,True
.test_1_selenium_browse_boards_list,Total:101 Passed:101 Failed:0
1608145912633,705,selenium_create_issue:open_quick_create,Success,True
1608145913749,607,selenium_create_issue:fill_and_submit_issue_form:submit_issue_form,Success,True
1608145913749,1115,selenium_create_issue:fill_and_submit_issue_form,Success,True
1608145913749,1821,selenium_create_issue,Success,True
.test_1_selenium_create_issue,Total:102 Passed:102 Failed:0
1608145914482,719,selenium_edit_issue:open_edit_issue_form,Success,True
1608145915407,655,selenium_edit_issue:save_edit_issue_form,Success,True
1608145915407,1644,selenium_edit_issue,Success,True
.test_1_selenium_edit_issue,Total:103 Passed:103 Failed:0
1608145915733,324,selenium_save_comment:open_comment_form,Success,True
1608145917108,1204,selenium_save_comment:submit_form,Success,True
1608145917108,1700,selenium_save_comment,Success,True
.test_1_selenium_save_comment,Total:104 Passed:104 Failed:0
1608145918350,1240,selenium_search_jql,Success,True
.test_1_selenium_search_jql,Total:105 Passed:105 Failed:0
1608145918889,538,selenium_view_scrum_board_backlog,Success,True
.test_1_selenium_view_backlog_for_scrum_board,Total:106 Passed:106 Failed:0
1608145920360,1469,selenium_view_scrum_board,Success,True
.test_1_selenium_view_scrum_board,Total:107 Passed:107 Failed:0
1608145921881,1519,selenium_view_kanban_board,Success,True
.test_1_selenium_view_kanban_board,Total:108 Passed:108 Failed:0
1608145922606,723,selenium_view_dashboard,Success,True
.test_1_selenium_view_dashboard,Total:109 Passed:109 Failed:0
1608145923297,690,selenium_view_issue,Success,True
.test_1_selenium_view_issue,Total:110 Passed:110 Failed:0
1608145923760,462,selenium_project_summary,Success,True
.test_1_selenium_view_project_summary,Total:111 Passed:111 Failed:0
1608145924137,375,selenium_log_out,Success,True
.test_2_selenium_z_log_out,Total:112 Passed:112 Failed:0


=============================== warnings summary ===============================
../../usr/local/lib/python3.8/dist-packages/_pytest/config/__init__.py:1114
  /usr/local/lib/python3.8/dist-packages/_pytest/config/__init__.py:1114: PytestAssertRewriteWarning: Module already imported so cannot be rewritten: apiritif
    self._mark_plugins_for_rewrite(hook)

-- Docs: https://docs.pytest.org/en/stable/warnings.html
======================== 14 passed, 1 warning in 13.58s ========================
============================= test session starts ==============================
platform linux -- Python 3.8.0, pytest-6.1.1, py-1.9.0, pluggy-0.13.1
rootdir: /dc-app-performance-toolkit/app
plugins: apiritif-0.9.5
collected 14 items

selenium_ui/jira_ui.py get driver from global
1608145924297,111,selenium_login:open_login_page,Success,True
1608145924960,662,selenium_login:login_and_view_dashboard,Success,True
1608145924960,774,selenium_login,Success,True
.test_0_selenium_a_login,Total:113 Passed:113 Failed:0
1608145925317,346,selenium_browse_projects_list,Success,True
.test_1_selenium_browse_projects_list,Total:114 Passed:114 Failed:0
1608145926095,776,selenium_browse_boards_list,Success,True
.test_1_selenium_browse_boards_list,Total:115 Passed:115 Failed:0
1608145926735,631,selenium_create_issue:open_quick_create,Success,True
1608145927950,646,selenium_create_issue:fill_and_submit_issue_form:submit_issue_form,Success,True
1608145927950,1214,selenium_create_issue:fill_and_submit_issue_form,Success,True
1608145927950,1846,selenium_create_issue,Success,True
.test_1_selenium_create_issue,Total:116 Passed:116 Failed:0
1608145928622,659,selenium_edit_issue:open_edit_issue_form,Success,True
1608145929449,568,selenium_edit_issue:save_edit_issue_form,Success,True
1608145929449,1486,selenium_edit_issue,Success,True
.test_1_selenium_edit_issue,Total:117 Passed:117 Failed:0
1608145929832,381,selenium_save_comment:open_comment_form,Success,True
1608145930976,990,selenium_save_comment:submit_form,Success,True
1608145930976,1525,selenium_save_comment,Success,True
.test_1_selenium_save_comment,Total:118 Passed:118 Failed:0
1608145932287,1309,selenium_search_jql,Success,True
.test_1_selenium_search_jql,Total:119 Passed:119 Failed:0
1608145933354,1066,selenium_view_scrum_board_backlog,Success,True
.test_1_selenium_view_backlog_for_scrum_board,Total:120 Passed:120 Failed:0
1608145933779,424,selenium_view_scrum_board,Success,True
.test_1_selenium_view_scrum_board,Total:121 Passed:121 Failed:0
1608145935186,1405,selenium_view_kanban_board,Success,True
.test_1_selenium_view_kanban_board,Total:122 Passed:122 Failed:0
1608145935835,648,selenium_view_dashboard,Success,True
.test_1_selenium_view_dashboard,Total:123 Passed:123 Failed:0
1608145936482,645,selenium_view_issue,Success,True
.test_1_selenium_view_issue,Total:124 Passed:124 Failed:0
1608145936854,370,selenium_project_summary,Success,True
.test_1_selenium_view_project_summary,Total:125 Passed:125 Failed:0
1608145937198,342,selenium_log_out,Success,True
.test_2_selenium_z_log_out,Total:126 Passed:126 Failed:0


=============================== warnings summary ===============================
../../usr/local/lib/python3.8/dist-packages/_pytest/config/__init__.py:1114
  /usr/local/lib/python3.8/dist-packages/_pytest/config/__init__.py:1114: PytestAssertRewriteWarning: Module already imported so cannot be rewritten: apiritif
    self._mark_plugins_for_rewrite(hook)

-- Docs: https://docs.pytest.org/en/stable/warnings.html
======================== 14 passed, 1 warning in 13.02s ========================
============================= test session starts ==============================
platform linux -- Python 3.8.0, pytest-6.1.1, py-1.9.0, pluggy-0.13.1
rootdir: /dc-app-performance-toolkit/app
plugins: apiritif-0.9.5
collected 14 items

selenium_ui/jira_ui.py get driver from global
1608145937358,111,selenium_login:open_login_page,Success,True
1608145937860,502,selenium_login:login_and_view_dashboard,Success,True
1608145937860,614,selenium_login,Success,True
.test_0_selenium_a_login,Total:127 Passed:127 Failed:0
1608145938246,375,selenium_browse_projects_list,Success,True
.test_1_selenium_browse_projects_list,Total:128 Passed:128 Failed:0
1608145938555,307,selenium_browse_boards_list,Success,True
.test_1_selenium_browse_boards_list,Total:129 Passed:129 Failed:0
1608145939313,749,selenium_create_issue:open_quick_create,Success,True
1608145940447,605,selenium_create_issue:fill_and_submit_issue_form:submit_issue_form,Success,True
1608145940447,1133,selenium_create_issue:fill_and_submit_issue_form,Success,True
1608145940447,1883,selenium_create_issue,Success,True
.test_1_selenium_create_issue,Total:130 Passed:130 Failed:0
1608145941120,657,selenium_edit_issue:open_edit_issue_form,Success,True
1608145941962,570,selenium_edit_issue:save_edit_issue_form,Success,True
1608145941962,1499,selenium_edit_issue,Success,True
.test_1_selenium_edit_issue,Total:131 Passed:131 Failed:0
1608145942340,376,selenium_save_comment:open_comment_form,Success,True
1608145943570,1074,selenium_save_comment:submit_form,Success,True
1608145943570,1606,selenium_save_comment,Success,True
.test_1_selenium_save_comment,Total:132 Passed:132 Failed:0
1608145945000,1429,selenium_search_jql,Success,True
.test_1_selenium_search_jql,Total:133 Passed:133 Failed:0
1608145946007,1005,selenium_view_scrum_board_backlog,Success,True
.test_1_selenium_view_backlog_for_scrum_board,Total:134 Passed:134 Failed:0
1608145946447,438,selenium_view_scrum_board,Success,True
.test_1_selenium_view_scrum_board,Total:135 Passed:135 Failed:0
1608145947798,1350,selenium_view_kanban_board,Success,True
.test_1_selenium_view_kanban_board,Total:136 Passed:136 Failed:0
1608145948275,475,selenium_view_dashboard,Success,True
.test_1_selenium_view_dashboard,Total:137 Passed:137 Failed:0
1608145948811,534,selenium_view_issue,Success,True
.test_1_selenium_view_issue,Total:138 Passed:138 Failed:0
1608145949251,438,selenium_project_summary,Success,True
.test_1_selenium_view_project_summary,Total:139 Passed:139 Failed:0
1608145949644,391,selenium_log_out,Success,True
.test_2_selenium_z_log_out,Total:140 Passed:140 Failed:0


=============================== warnings summary ===============================
../../usr/local/lib/python3.8/dist-packages/_pytest/config/__init__.py:1114
  /usr/local/lib/python3.8/dist-packages/_pytest/config/__init__.py:1114: PytestAssertRewriteWarning: Module already imported so cannot be rewritten: apiritif
    self._mark_plugins_for_rewrite(hook)

-- Docs: https://docs.pytest.org/en/stable/warnings.html
======================== 14 passed, 1 warning in 12.41s ========================
============================= test session starts ==============================
platform linux -- Python 3.8.0, pytest-6.1.1, py-1.9.0, pluggy-0.13.1
rootdir: /dc-app-performance-toolkit/app
plugins: apiritif-0.9.5
collected 14 items

selenium_ui/jira_ui.py get driver from global
1608145949809,115,selenium_login:open_login_page,Success,True
1608145950362,552,selenium_login:login_and_view_dashboard,Success,True
1608145950362,668,selenium_login,Success,True
.test_0_selenium_a_login,Total:141 Passed:141 Failed:0
1608145950724,351,selenium_browse_projects_list,Success,True
.test_1_selenium_browse_projects_list,Total:142 Passed:142 Failed:0
1608145951011,286,selenium_browse_boards_list,Success,True
.test_1_selenium_browse_boards_list,Total:143 Passed:143 Failed:0
1608145951765,745,selenium_create_issue:open_quick_create,Success,True
1608145952943,604,selenium_create_issue:fill_and_submit_issue_form:submit_issue_form,Success,True
1608145952943,1178,selenium_create_issue:fill_and_submit_issue_form,Success,True
1608145952943,1923,selenium_create_issue,Success,True
.test_1_selenium_create_issue,Total:144 Passed:144 Failed:0
1608145953628,673,selenium_edit_issue:open_edit_issue_form,Success,True
1608145954507,612,selenium_edit_issue:save_edit_issue_form,Success,True
1608145954507,1552,selenium_edit_issue,Success,True
.test_1_selenium_edit_issue,Total:145 Passed:145 Failed:0
1608145954918,409,selenium_save_comment:open_comment_form,Success,True
1608145955975,898,selenium_save_comment:submit_form,Success,True
1608145955975,1467,selenium_save_comment,Success,True
.test_1_selenium_save_comment,Total:146 Passed:146 Failed:0
1608145957296,1319,selenium_search_jql,Success,True
.test_1_selenium_search_jql,Total:147 Passed:147 Failed:0
1608145957813,516,selenium_view_scrum_board_backlog,Success,True
.test_1_selenium_view_backlog_for_scrum_board,Total:148 Passed:148 Failed:0
1608145958830,1015,selenium_view_scrum_board,Success,True
.test_1_selenium_view_scrum_board,Total:149 Passed:149 Failed:0
1608145960174,1343,selenium_view_kanban_board,Success,True
.test_1_selenium_view_kanban_board,Total:150 Passed:150 Failed:0
1608145960776,599,selenium_view_dashboard,Success,True
.test_1_selenium_view_dashboard,Total:151 Passed:151 Failed:0
1608145961451,673,selenium_view_issue,Success,True
.test_1_selenium_view_issue,Total:152 Passed:152 Failed:0
1608145961958,506,selenium_project_summary,Success,True
.test_1_selenium_view_project_summary,Total:153 Passed:153 Failed:0
1608145962379,419,selenium_log_out,Success,True
.test_2_selenium_z_log_out,Total:154 Passed:154 Failed:0


=============================== warnings summary ===============================
../../usr/local/lib/python3.8/dist-packages/_pytest/config/__init__.py:1114
  /usr/local/lib/python3.8/dist-packages/_pytest/config/__init__.py:1114: PytestAssertRewriteWarning: Module already imported so cannot be rewritten: apiritif
    self._mark_plugins_for_rewrite(hook)

-- Docs: https://docs.pytest.org/en/stable/warnings.html
======================== 14 passed, 1 warning in 12.69s ========================
============================= test session starts ==============================
platform linux -- Python 3.8.0, pytest-6.1.1, py-1.9.0, pluggy-0.13.1
rootdir: /dc-app-performance-toolkit/app
plugins: apiritif-0.9.5
collected 14 items

selenium_ui/jira_ui.py get driver from global
1608145962542,114,selenium_login:open_login_page,Success,True
1608145963082,539,selenium_login:login_and_view_dashboard,Success,True
1608145963082,654,selenium_login,Success,True
.test_0_selenium_a_login,Total:155 Passed:155 Failed:0
1608145963510,416,selenium_browse_projects_list,Success,True
.test_1_selenium_browse_projects_list,Total:156 Passed:156 Failed:0
1608145964321,810,selenium_browse_boards_list,Success,True
.test_1_selenium_browse_boards_list,Total:157 Passed:157 Failed:0
1608145965088,758,selenium_create_issue:open_quick_create,Success,True
1608145966281,676,selenium_create_issue:fill_and_submit_issue_form:submit_issue_form,Success,True
1608145966281,1192,selenium_create_issue:fill_and_submit_issue_form,Success,True
1608145966281,1950,selenium_create_issue,Success,True
.test_1_selenium_create_issue,Total:158 Passed:158 Failed:0
1608145966965,671,selenium_edit_issue:open_edit_issue_form,Success,True
1608145967872,638,selenium_edit_issue:save_edit_issue_form,Success,True
1608145967873,1579,selenium_edit_issue,Success,True
.test_1_selenium_edit_issue,Total:159 Passed:159 Failed:0
1608145968263,388,selenium_save_comment:open_comment_form,Success,True
1608145969219,805,selenium_save_comment:submit_form,Success,True
1608145969219,1345,selenium_save_comment,Success,True
.test_1_selenium_save_comment,Total:160 Passed:160 Failed:0
1608145970716,1495,selenium_search_jql,Success,True
.test_1_selenium_search_jql,Total:161 Passed:161 Failed:0
1608145971537,820,selenium_view_scrum_board_backlog,Success,True
.test_1_selenium_view_backlog_for_scrum_board,Total:162 Passed:162 Failed:0
1608145972412,873,selenium_view_scrum_board,Success,True
.test_1_selenium_view_scrum_board,Total:163 Passed:163 Failed:0
1608145974007,1593,selenium_view_kanban_board,Success,True
.test_1_selenium_view_kanban_board,Total:164 Passed:164 Failed:0
1608145974707,699,selenium_view_dashboard,Success,True
.test_1_selenium_view_dashboard,Total:165 Passed:165 Failed:0
1608145975352,643,selenium_view_issue,Success,True
.test_1_selenium_view_issue,Total:166 Passed:166 Failed:0
1608145975819,465,selenium_project_summary,Success,True
.test_1_selenium_view_project_summary,Total:167 Passed:167 Failed:0
1608145976144,324,selenium_log_out,Success,True
.test_2_selenium_z_log_out,Total:168 Passed:168 Failed:0


=============================== warnings summary ===============================
../../usr/local/lib/python3.8/dist-packages/_pytest/config/__init__.py:1114
  /usr/local/lib/python3.8/dist-packages/_pytest/config/__init__.py:1114: PytestAssertRewriteWarning: Module already imported so cannot be rewritten: apiritif
    self._mark_plugins_for_rewrite(hook)

-- Docs: https://docs.pytest.org/en/stable/warnings.html
======================== 14 passed, 1 warning in 13.73s ========================
============================= test session starts ==============================
platform linux -- Python 3.8.0, pytest-6.1.1, py-1.9.0, pluggy-0.13.1
rootdir: /dc-app-performance-toolkit/app
plugins: apiritif-0.9.5
collected 14 items

selenium_ui/jira_ui.py get driver from global
1608145976302,110,selenium_login:open_login_page,Success,True
1608145977849,1546,selenium_login:login_and_view_dashboard,Success,True
1608145977849,1657,selenium_login,Success,True
.test_0_selenium_a_login,Total:169 Passed:169 Failed:0
1608145978231,353,selenium_browse_projects_list,Success,True
.test_1_selenium_browse_projects_list,Total:170 Passed:170 Failed:0
1608145978516,283,selenium_browse_boards_list,Success,True
.test_1_selenium_browse_boards_list,Total:171 Passed:171 Failed:0
1608145979252,727,selenium_create_issue:open_quick_create,Success,True
1608145980424,606,selenium_create_issue:fill_and_submit_issue_form:submit_issue_form,Success,True
1608145980424,1171,selenium_create_issue:fill_and_submit_issue_form,Success,True
1608145980424,1899,selenium_create_issue,Success,True
.test_1_selenium_create_issue,Total:172 Passed:172 Failed:0
1608145981170,733,selenium_edit_issue:open_edit_issue_form,Success,True
1608145982071,632,selenium_edit_issue:save_edit_issue_form,Success,True
1608145982071,1634,selenium_edit_issue,Success,True
.test_1_selenium_edit_issue,Total:173 Passed:173 Failed:0
1608145982451,378,selenium_save_comment:open_comment_form,Success,True
1608145983480,872,selenium_save_comment:submit_form,Success,True
1608145983480,1407,selenium_save_comment,Success,True
.test_1_selenium_save_comment,Total:174 Passed:174 Failed:0
1608145985053,1571,selenium_search_jql,Success,True
.test_1_selenium_search_jql,Total:175 Passed:175 Failed:0
1608145985721,666,selenium_view_scrum_board_backlog,Success,True
.test_1_selenium_view_backlog_for_scrum_board,Total:176 Passed:176 Failed:0
1608145986175,452,selenium_view_scrum_board,Success,True
.test_1_selenium_view_scrum_board,Total:177 Passed:177 Failed:0
1608145986963,786,selenium_view_kanban_board,Success,True
.test_1_selenium_view_kanban_board,Total:178 Passed:178 Failed:0
1608145987336,371,selenium_view_dashboard,Success,True
.test_1_selenium_view_dashboard,Total:179 Passed:179 Failed:0
1608145987937,599,selenium_view_issue,Success,True
.test_1_selenium_view_issue,Total:180 Passed:180 Failed:0
1608145988433,494,selenium_project_summary,Success,True
.test_1_selenium_view_project_summary,Total:181 Passed:181 Failed:0
1608145988809,374,selenium_log_out,Success,True
.test_2_selenium_z_log_out,Total:182 Passed:182 Failed:0


=============================== warnings summary ===============================
../../usr/local/lib/python3.8/dist-packages/_pytest/config/__init__.py:1114
  /usr/local/lib/python3.8/dist-packages/_pytest/config/__init__.py:1114: PytestAssertRewriteWarning: Module already imported so cannot be rewritten: apiritif
    self._mark_plugins_for_rewrite(hook)

-- Docs: https://docs.pytest.org/en/stable/warnings.html
======================== 14 passed, 1 warning in 12.63s ========================
============================= test session starts ==============================
platform linux -- Python 3.8.0, pytest-6.1.1, py-1.9.0, pluggy-0.13.1
rootdir: /dc-app-performance-toolkit/app
plugins: apiritif-0.9.5
collected 14 items

selenium_ui/jira_ui.py get driver from global
1608145988980,123,selenium_login:open_login_page,Success,True
1608145989539,558,selenium_login:login_and_view_dashboard,Success,True
1608145989539,682,selenium_login,Success,True
.test_0_selenium_a_login,Total:183 Passed:183 Failed:0
1608145989921,371,selenium_browse_projects_list,Success,True
.test_1_selenium_browse_projects_list,Total:184 Passed:184 Failed:0
1608145990213,291,selenium_browse_boards_list,Success,True
.test_1_selenium_browse_boards_list,Total:185 Passed:185 Failed:0
1608145990948,726,selenium_create_issue:open_quick_create,Success,True
1608145992089,639,selenium_create_issue:fill_and_submit_issue_form:submit_issue_form,Success,True
1608145992089,1140,selenium_create_issue:fill_and_submit_issue_form,Success,True
1608145992089,1866,selenium_create_issue,Success,True
.test_1_selenium_create_issue,Total:186 Passed:186 Failed:0
1608145992707,604,selenium_edit_issue:open_edit_issue_form,Success,True
1608145993672,637,selenium_edit_issue:save_edit_issue_form,Success,True
1608145993672,1570,selenium_edit_issue,Success,True
.test_1_selenium_edit_issue,Total:187 Passed:187 Failed:0
1608145994023,349,selenium_save_comment:open_comment_form,Success,True
1608145995122,925,selenium_save_comment:submit_form,Success,True
1608145995122,1448,selenium_save_comment,Success,True
.test_1_selenium_save_comment,Total:188 Passed:188 Failed:0
1608145996441,1317,selenium_search_jql,Success,True
.test_1_selenium_search_jql,Total:189 Passed:189 Failed:0
1608145997002,559,selenium_view_scrum_board_backlog,Success,True
.test_1_selenium_view_backlog_for_scrum_board,Total:190 Passed:190 Failed:0
1608145998569,1565,selenium_view_scrum_board,Success,True
.test_1_selenium_view_scrum_board,Total:191 Passed:191 Failed:0
1608145999852,1281,selenium_view_kanban_board,Success,True
.test_1_selenium_view_kanban_board,Total:192 Passed:192 Failed:0
1608146000164,311,selenium_view_dashboard,Success,True
.test_1_selenium_view_dashboard,Total:193 Passed:193 Failed:0
1608146000820,654,selenium_view_issue,Success,True
.test_1_selenium_view_issue,Total:194 Passed:194 Failed:0
1608146001401,579,selenium_project_summary,Success,True
.test_1_selenium_view_project_summary,Total:195 Passed:195 Failed:0
1608146001738,336,selenium_log_out,Success,True
.test_2_selenium_z_log_out,Total:196 Passed:196 Failed:0


=============================== warnings summary ===============================
../../usr/local/lib/python3.8/dist-packages/_pytest/config/__init__.py:1114
  /usr/local/lib/python3.8/dist-packages/_pytest/config/__init__.py:1114: PytestAssertRewriteWarning: Module already imported so cannot be rewritten: apiritif
    self._mark_plugins_for_rewrite(hook)

-- Docs: https://docs.pytest.org/en/stable/warnings.html
======================== 14 passed, 1 warning in 12.89s ========================
============================= test session starts ==============================
platform linux -- Python 3.8.0, pytest-6.1.1, py-1.9.0, pluggy-0.13.1
rootdir: /dc-app-performance-toolkit/app
plugins: apiritif-0.9.5
collected 14 items

selenium_ui/jira_ui.py get driver from global
1608146001965,153,selenium_login:open_login_page,Success,True
1608146003442,1477,selenium_login:login_and_view_dashboard,Success,True
1608146003443,1631,selenium_login,Success,True
.test_0_selenium_a_login,Total:197 Passed:197 Failed:0
1608146003776,314,selenium_browse_projects_list,Success,True
.test_1_selenium_browse_projects_list,Total:198 Passed:198 Failed:0
1608146004127,349,selenium_browse_boards_list,Success,True
.test_1_selenium_browse_boards_list,Total:199 Passed:199 Failed:0
1608146004898,762,selenium_create_issue:open_quick_create,Success,True
1608146006077,608,selenium_create_issue:fill_and_submit_issue_form:submit_issue_form,Success,True
1608146006077,1178,selenium_create_issue:fill_and_submit_issue_form,Success,True
1608146006077,1941,selenium_create_issue,Success,True
.test_1_selenium_create_issue,Total:200 Passed:200 Failed:0
1608146006698,608,selenium_edit_issue:open_edit_issue_form,Success,True
1608146007617,585,selenium_edit_issue:save_edit_issue_form,Success,True
1608146007617,1526,selenium_edit_issue,Success,True
.test_1_selenium_edit_issue,Total:201 Passed:201 Failed:0
1608146008013,395,selenium_save_comment:open_comment_form,Success,True
1608146008926,761,selenium_save_comment:submit_form,Success,True
1608146008926,1308,selenium_save_comment,Success,True
.test_1_selenium_save_comment,Total:202 Passed:202 Failed:0
1608146010214,1286,selenium_search_jql,Success,True
.test_1_selenium_search_jql,Total:203 Passed:203 Failed:0
1608146011569,1353,selenium_view_scrum_board_backlog,Success,True
.test_1_selenium_view_backlog_for_scrum_board,Total:204 Passed:204 Failed:0
1608146011875,305,selenium_view_scrum_board,Success,True
.test_1_selenium_view_scrum_board,Total:205 Passed:205 Failed:0
1608146012646,769,selenium_view_kanban_board,Success,True
.test_1_selenium_view_kanban_board,Total:206 Passed:206 Failed:0
1608146012939,291,selenium_view_dashboard,Success,True
.test_1_selenium_view_dashboard,Total:207 Passed:207 Failed:0
1608146013565,624,selenium_view_issue,Success,True
.test_1_selenium_view_issue,Total:208 Passed:208 Failed:0
1608146014247,680,selenium_project_summary,Success,True
.test_1_selenium_view_project_summary,Total:209 Passed:209 Failed:0
1608146014625,377,selenium_log_out,Success,True
.test_2_selenium_z_log_out,Total:210 Passed:210 Failed:0


=============================== warnings summary ===============================
../../usr/local/lib/python3.8/dist-packages/_pytest/config/__init__.py:1114
  /usr/local/lib/python3.8/dist-packages/_pytest/config/__init__.py:1114: PytestAssertRewriteWarning: Module already imported so cannot be rewritten: apiritif
    self._mark_plugins_for_rewrite(hook)

-- Docs: https://docs.pytest.org/en/stable/warnings.html
======================== 14 passed, 1 warning in 12.82s ========================
============================= test session starts ==============================
platform linux -- Python 3.8.0, pytest-6.1.1, py-1.9.0, pluggy-0.13.1
rootdir: /dc-app-performance-toolkit/app
plugins: apiritif-0.9.5
collected 14 items

selenium_ui/jira_ui.py get driver from global
1608146014784,111,selenium_login:open_login_page,Success,True
1608146015344,559,selenium_login:login_and_view_dashboard,Success,True
1608146015344,671,selenium_login,Success,True
.test_0_selenium_a_login,Total:211 Passed:211 Failed:0
1608146015693,337,selenium_browse_projects_list,Success,True
.test_1_selenium_browse_projects_list,Total:212 Passed:212 Failed:0
1608146015977,282,selenium_browse_boards_list,Success,True
.test_1_selenium_browse_boards_list,Total:213 Passed:213 Failed:0
1608146016658,672,selenium_create_issue:open_quick_create,Success,True
1608146018305,1119,selenium_create_issue:fill_and_submit_issue_form:submit_issue_form,Success,True
1608146018305,1647,selenium_create_issue:fill_and_submit_issue_form,Success,True
1608146018305,2319,selenium_create_issue,Success,True
.test_1_selenium_create_issue,Total:214 Passed:214 Failed:0
1608146019063,745,selenium_edit_issue:open_edit_issue_form,Success,True
1608146019909,570,selenium_edit_issue:save_edit_issue_form,Success,True
1608146019909,1592,selenium_edit_issue,Success,True
.test_1_selenium_edit_issue,Total:215 Passed:215 Failed:0
1608146020284,373,selenium_save_comment:open_comment_form,Success,True
1608146021604,1166,selenium_save_comment:submit_form,Success,True
1608146021604,1693,selenium_save_comment,Success,True
.test_1_selenium_save_comment,Total:216 Passed:216 Failed:0
1608146022927,1321,selenium_search_jql,Success,True
.test_1_selenium_search_jql,Total:217 Passed:217 Failed:0
1608146023994,1065,selenium_view_scrum_board_backlog,Success,True
.test_1_selenium_view_backlog_for_scrum_board,Total:218 Passed:218 Failed:0
1608146024452,457,selenium_view_scrum_board,Success,True
.test_1_selenium_view_scrum_board,Total:219 Passed:219 Failed:0
1608146026249,1795,selenium_view_kanban_board,Success,True
.test_1_selenium_view_kanban_board,Total:220 Passed:220 Failed:0
1608146027011,760,selenium_view_dashboard,Success,True
.test_1_selenium_view_dashboard,Total:221 Passed:221 Failed:0
1608146027691,679,selenium_view_issue,Success,True
.test_1_selenium_view_issue,Total:222 Passed:222 Failed:0
1608146028217,524,selenium_project_summary,Success,True
.test_1_selenium_view_project_summary,Total:223 Passed:223 Failed:0
1608146028578,359,selenium_log_out,Success,True
.test_2_selenium_z_log_out,Total:224 Passed:224 Failed:0


=============================== warnings summary ===============================
../../usr/local/lib/python3.8/dist-packages/_pytest/config/__init__.py:1114
  /usr/local/lib/python3.8/dist-packages/_pytest/config/__init__.py:1114: PytestAssertRewriteWarning: Module already imported so cannot be rewritten: apiritif
    self._mark_plugins_for_rewrite(hook)

-- Docs: https://docs.pytest.org/en/stable/warnings.html
======================== 14 passed, 1 warning in 13.91s ========================
============================= test session starts ==============================
platform linux -- Python 3.8.0, pytest-6.1.1, py-1.9.0, pluggy-0.13.1
rootdir: /dc-app-performance-toolkit/app
plugins: apiritif-0.9.5
collected 14 items

selenium_ui/jira_ui.py get driver from global
1608146028735,108,selenium_login:open_login_page,Success,True
1608146029266,530,selenium_login:login_and_view_dashboard,Success,True
1608146029266,639,selenium_login,Success,True
.test_0_selenium_a_login,Total:225 Passed:225 Failed:0
1608146029611,333,selenium_browse_projects_list,Success,True
.test_1_selenium_browse_projects_list,Total:226 Passed:226 Failed:0
1608146029902,289,selenium_browse_boards_list,Success,True
.test_1_selenium_browse_boards_list,Total:227 Passed:227 Failed:0
1608146030652,741,selenium_create_issue:open_quick_create,Success,True
1608146031798,605,selenium_create_issue:fill_and_submit_issue_form:submit_issue_form,Success,True
1608146031798,1145,selenium_create_issue:fill_and_submit_issue_form,Success,True
1608146031798,1887,selenium_create_issue,Success,True
.test_1_selenium_create_issue,Total:228 Passed:228 Failed:0
1608146032496,685,selenium_edit_issue:open_edit_issue_form,Success,True
1608146033520,741,selenium_edit_issue:save_edit_issue_form,Success,True
1608146033520,1710,selenium_edit_issue,Success,True
.test_1_selenium_edit_issue,Total:229 Passed:229 Failed:0
1608146033860,337,selenium_save_comment:open_comment_form,Success,True
1608146034814,811,selenium_save_comment:submit_form,Success,True
1608146034814,1292,selenium_save_comment,Success,True
.test_1_selenium_save_comment,Total:230 Passed:230 Failed:0
1608146036130,1314,selenium_search_jql,Success,True
.test_1_selenium_search_jql,Total:231 Passed:231 Failed:0
1608146036941,809,selenium_view_scrum_board_backlog,Success,True
.test_1_selenium_view_backlog_for_scrum_board,Total:232 Passed:232 Failed:0
1608146037888,945,selenium_view_scrum_board,Success,True
.test_1_selenium_view_scrum_board,Total:233 Passed:233 Failed:0
1608146039305,1415,selenium_view_kanban_board,Success,True
.test_1_selenium_view_kanban_board,Total:234 Passed:234 Failed:0
1608146039878,571,selenium_view_dashboard,Success,True
.test_1_selenium_view_dashboard,Total:235 Passed:235 Failed:0
1608146040488,607,selenium_view_issue,Success,True
.test_1_selenium_view_issue,Total:236 Passed:236 Failed:0
1608146041016,526,selenium_project_summary,Success,True
.test_1_selenium_view_project_summary,Total:237 Passed:237 Failed:0
1608146041370,352,selenium_log_out,Success,True
.test_2_selenium_z_log_out,Total:238 Passed:238 Failed:0


=============================== warnings summary ===============================
../../usr/local/lib/python3.8/dist-packages/_pytest/config/__init__.py:1114
  /usr/local/lib/python3.8/dist-packages/_pytest/config/__init__.py:1114: PytestAssertRewriteWarning: Module already imported so cannot be rewritten: apiritif
    self._mark_plugins_for_rewrite(hook)

-- Docs: https://docs.pytest.org/en/stable/warnings.html
======================== 14 passed, 1 warning in 12.75s ========================
============================= test session starts ==============================
platform linux -- Python 3.8.0, pytest-6.1.1, py-1.9.0, pluggy-0.13.1
rootdir: /dc-app-performance-toolkit/app
plugins: apiritif-0.9.5
collected 14 items

selenium_ui/jira_ui.py get driver from global
1608146041538,118,selenium_login:open_login_page,Success,True
1608146042857,1319,selenium_login:login_and_view_dashboard,Success,True
1608146042857,1438,selenium_login,Success,True
.test_0_selenium_a_login,Total:239 Passed:239 Failed:0
1608146043223,347,selenium_browse_projects_list,Success,True
.test_1_selenium_browse_projects_list,Total:240 Passed:240 Failed:0
1608146044015,789,selenium_browse_boards_list,Success,True
.test_1_selenium_browse_boards_list,Total:241 Passed:241 Failed:0
1608146044773,749,selenium_create_issue:open_quick_create,Success,True
1608146046455,1121,selenium_create_issue:fill_and_submit_issue_form:submit_issue_form,Success,True
1608146046455,1681,selenium_create_issue:fill_and_submit_issue_form,Success,True
1608146046455,2431,selenium_create_issue,Success,True
.test_1_selenium_create_issue,Total:242 Passed:242 Failed:0
1608146047139,673,selenium_edit_issue:open_edit_issue_form,Success,True
1608146048079,670,selenium_edit_issue:save_edit_issue_form,Success,True
1608146048080,1613,selenium_edit_issue,Success,True
.test_1_selenium_edit_issue,Total:243 Passed:243 Failed:0
1608146048377,296,selenium_save_comment:open_comment_form,Success,True
1608146049681,1041,selenium_save_comment:submit_form,Success,True
1608146049681,1600,selenium_save_comment,Success,True
.test_1_selenium_save_comment,Total:244 Passed:244 Failed:0
1608146051579,1897,selenium_search_jql,Success,True
.test_1_selenium_search_jql,Total:245 Passed:245 Failed:0
1608146052261,680,selenium_view_scrum_board_backlog,Success,True
.test_1_selenium_view_backlog_for_scrum_board,Total:246 Passed:246 Failed:0
1608146052705,442,selenium_view_scrum_board,Success,True
.test_1_selenium_view_scrum_board,Total:247 Passed:247 Failed:0
1608146054005,1298,selenium_view_kanban_board,Success,True
.test_1_selenium_view_kanban_board,Total:248 Passed:248 Failed:0
1608146054643,636,selenium_view_dashboard,Success,True
.test_1_selenium_view_dashboard,Total:249 Passed:249 Failed:0
1608146055197,552,selenium_view_issue,Success,True
.test_1_selenium_view_issue,Total:250 Passed:250 Failed:0
1608146055656,458,selenium_project_summary,Success,True
.test_1_selenium_view_project_summary,Total:251 Passed:251 Failed:0
1608146056033,375,selenium_log_out,Success,True
.test_2_selenium_z_log_out,Total:252 Passed:252 Failed:0


=============================== warnings summary ===============================
../../usr/local/lib/python3.8/dist-packages/_pytest/config/__init__.py:1114
  /usr/local/lib/python3.8/dist-packages/_pytest/config/__init__.py:1114: PytestAssertRewriteWarning: Module already imported so cannot be rewritten: apiritif
    self._mark_plugins_for_rewrite(hook)

-- Docs: https://docs.pytest.org/en/stable/warnings.html
======================== 14 passed, 1 warning in 14.62s ========================
============================= test session starts ==============================
platform linux -- Python 3.8.0, pytest-6.1.1, py-1.9.0, pluggy-0.13.1
rootdir: /dc-app-performance-toolkit/app
plugins: apiritif-0.9.5
collected 14 items

selenium_ui/jira_ui.py get driver from global
1608146056208,127,selenium_login:open_login_page,Success,True
1608146056836,627,selenium_login:login_and_view_dashboard,Success,True
1608146056836,756,selenium_login,Success,True
.test_0_selenium_a_login,Total:253 Passed:253 Failed:0
1608146057204,356,selenium_browse_projects_list,Success,True
.test_1_selenium_browse_projects_list,Total:254 Passed:254 Failed:0
1608146057492,287,selenium_browse_boards_list,Success,True
.test_1_selenium_browse_boards_list,Total:255 Passed:255 Failed:0
1608146058234,733,selenium_create_issue:open_quick_create,Success,True
1608146059372,607,selenium_create_issue:fill_and_submit_issue_form:submit_issue_form,Success,True
1608146059372,1137,selenium_create_issue:fill_and_submit_issue_form,Success,True
1608146059372,1871,selenium_create_issue,Success,True
.test_1_selenium_create_issue,Total:256 Passed:256 Failed:0
1608146059989,600,selenium_edit_issue:open_edit_issue_form,Success,True
1608146060928,605,selenium_edit_issue:save_edit_issue_form,Success,True
1608146060928,1540,selenium_edit_issue,Success,True
.test_1_selenium_edit_issue,Total:257 Passed:257 Failed:0
1608146061313,383,selenium_save_comment:open_comment_form,Success,True
1608146062286,811,selenium_save_comment:submit_form,Success,True
1608146062286,1355,selenium_save_comment,Success,True
.test_1_selenium_save_comment,Total:258 Passed:258 Failed:0
1608146063546,1259,selenium_search_jql,Success,True
.test_1_selenium_search_jql,Total:259 Passed:259 Failed:0
1608146064483,935,selenium_view_scrum_board_backlog,Success,True
.test_1_selenium_view_backlog_for_scrum_board,Total:260 Passed:260 Failed:0
1608146064910,425,selenium_view_scrum_board,Success,True
.test_1_selenium_view_scrum_board,Total:261 Passed:261 Failed:0
1608146065790,878,selenium_view_kanban_board,Success,True
.test_1_selenium_view_kanban_board,Total:262 Passed:262 Failed:0
1608146066234,442,selenium_view_dashboard,Success,True
.test_1_selenium_view_dashboard,Total:263 Passed:263 Failed:0
1608146066760,524,selenium_view_issue,Success,True
.test_1_selenium_view_issue,Total:264 Passed:264 Failed:0
1608146067413,651,selenium_project_summary,Success,True
.test_1_selenium_view_project_summary,Total:265 Passed:265 Failed:0
1608146067769,355,selenium_log_out,Success,True
.test_2_selenium_z_log_out,Total:266 Passed:266 Failed:0


=============================== warnings summary ===============================
../../usr/local/lib/python3.8/dist-packages/_pytest/config/__init__.py:1114
  /usr/local/lib/python3.8/dist-packages/_pytest/config/__init__.py:1114: PytestAssertRewriteWarning: Module already imported so cannot be rewritten: apiritif
    self._mark_plugins_for_rewrite(hook)

-- Docs: https://docs.pytest.org/en/stable/warnings.html
======================== 14 passed, 1 warning in 11.70s ========================
============================= test session starts ==============================
platform linux -- Python 3.8.0, pytest-6.1.1, py-1.9.0, pluggy-0.13.1
rootdir: /dc-app-performance-toolkit/app
plugins: apiritif-0.9.5
collected 14 items

selenium_ui/jira_ui.py get driver from global
1608146067927,110,selenium_login:open_login_page,Success,True
1608146068509,582,selenium_login:login_and_view_dashboard,Success,True
1608146068510,692,selenium_login,Success,True
.test_0_selenium_a_login,Total:267 Passed:267 Failed:0
1608146068883,362,selenium_browse_projects_list,Success,True
.test_1_selenium_browse_projects_list,Total:268 Passed:268 Failed:0
1608146069157,273,selenium_browse_boards_list,Success,True
.test_1_selenium_browse_boards_list,Total:269 Passed:269 Failed:0
1608146069887,718,selenium_create_issue:open_quick_create,Success,True
1608146071052,601,selenium_create_issue:fill_and_submit_issue_form:submit_issue_form,Success,True
1608146071052,1164,selenium_create_issue:fill_and_submit_issue_form,Success,True
1608146071052,1883,selenium_create_issue,Success,True
.test_1_selenium_create_issue,Total:270 Passed:270 Failed:0
1608146071659,596,selenium_edit_issue:open_edit_issue_form,Success,True
1608146072590,591,selenium_edit_issue:save_edit_issue_form,Success,True
1608146072590,1527,selenium_edit_issue,Success,True
.test_1_selenium_edit_issue,Total:271 Passed:271 Failed:0
1608146073002,410,selenium_save_comment:open_comment_form,Success,True
1608146074023,854,selenium_save_comment:submit_form,Success,True
1608146074023,1432,selenium_save_comment,Success,True
.test_1_selenium_save_comment,Total:272 Passed:272 Failed:0
1608146075409,1384,selenium_search_jql,Success,True
.test_1_selenium_search_jql,Total:273 Passed:273 Failed:0
1608146076102,692,selenium_view_scrum_board_backlog,Success,True
.test_1_selenium_view_backlog_for_scrum_board,Total:274 Passed:274 Failed:0
1608146076594,490,selenium_view_scrum_board,Success,True
.test_1_selenium_view_scrum_board,Total:275 Passed:275 Failed:0
1608146078317,1722,selenium_view_kanban_board,Success,True
.test_1_selenium_view_kanban_board,Total:276 Passed:276 Failed:0
1608146079009,690,selenium_view_dashboard,Success,True
.test_1_selenium_view_dashboard,Total:277 Passed:277 Failed:0
1608146079644,634,selenium_view_issue,Success,True
.test_1_selenium_view_issue,Total:278 Passed:278 Failed:0
1608146080126,479,selenium_project_summary,Success,True
.test_1_selenium_view_project_summary,Total:279 Passed:279 Failed:0
1608146080550,422,selenium_log_out,Success,True
.test_2_selenium_z_log_out,Total:280 Passed:280 Failed:0


=============================== warnings summary ===============================
../../usr/local/lib/python3.8/dist-packages/_pytest/config/__init__.py:1114
  /usr/local/lib/python3.8/dist-packages/_pytest/config/__init__.py:1114: PytestAssertRewriteWarning: Module already imported so cannot be rewritten: apiritif
    self._mark_plugins_for_rewrite(hook)

-- Docs: https://docs.pytest.org/en/stable/warnings.html
======================== 14 passed, 1 warning in 12.74s ========================
============================= test session starts ==============================
platform linux -- Python 3.8.0, pytest-6.1.1, py-1.9.0, pluggy-0.13.1
rootdir: /dc-app-performance-toolkit/app
plugins: apiritif-0.9.5
collected 14 items

selenium_ui/jira_ui.py get driver from global
1608146080713,113,selenium_login:open_login_page,Success,True
1608146081384,670,selenium_login:login_and_view_dashboard,Success,True
1608146081384,784,selenium_login,Success,True
.test_0_selenium_a_login,Total:281 Passed:281 Failed:0
1608146081740,343,selenium_browse_projects_list,Success,True
.test_1_selenium_browse_projects_list,Total:282 Passed:282 Failed:0
1608146082032,290,selenium_browse_boards_list,Success,True
.test_1_selenium_browse_boards_list,Total:283 Passed:283 Failed:0
1608146082780,740,selenium_create_issue:open_quick_create,Success,True
1608146083862,606,selenium_create_issue:fill_and_submit_issue_form:submit_issue_form,Success,True
1608146083862,1082,selenium_create_issue:fill_and_submit_issue_form,Success,True
1608146083862,1822,selenium_create_issue,Success,True
.test_1_selenium_create_issue,Total:284 Passed:284 Failed:0
1608146084558,682,selenium_edit_issue:open_edit_issue_form,Success,True
1608146085419,582,selenium_edit_issue:save_edit_issue_form,Success,True
1608146085419,1544,selenium_edit_issue,Success,True
.test_1_selenium_edit_issue,Total:285 Passed:285 Failed:0
1608146085784,363,selenium_save_comment:open_comment_form,Success,True
1608146086821,844,selenium_save_comment:submit_form,Success,True
1608146086821,1400,selenium_save_comment,Success,True
.test_1_selenium_save_comment,Total:286 Passed:286 Failed:0
1608146088297,1474,selenium_search_jql,Success,True
.test_1_selenium_search_jql,Total:287 Passed:287 Failed:0
1608146088950,652,selenium_view_scrum_board_backlog,Success,True
.test_1_selenium_view_backlog_for_scrum_board,Total:288 Passed:288 Failed:0
1608146089414,462,selenium_view_scrum_board,Success,True
.test_1_selenium_view_scrum_board,Total:289 Passed:289 Failed:0
1608146091206,1790,selenium_view_kanban_board,Success,True
.test_1_selenium_view_kanban_board,Total:290 Passed:290 Failed:0
1608146091671,464,selenium_view_dashboard,Success,True
.test_1_selenium_view_dashboard,Total:291 Passed:291 Failed:0
1608146092225,552,selenium_view_issue,Success,True
.test_1_selenium_view_issue,Total:292 Passed:292 Failed:0
1608146092714,487,selenium_project_summary,Success,True
.test_1_selenium_view_project_summary,Total:293 Passed:293 Failed:0
1608146093054,339,selenium_log_out,Success,True
.test_2_selenium_z_log_out,Total:294 Passed:294 Failed:0


=============================== warnings summary ===============================
../../usr/local/lib/python3.8/dist-packages/_pytest/config/__init__.py:1114
  /usr/local/lib/python3.8/dist-packages/_pytest/config/__init__.py:1114: PytestAssertRewriteWarning: Module already imported so cannot be rewritten: apiritif
    self._mark_plugins_for_rewrite(hook)

-- Docs: https://docs.pytest.org/en/stable/warnings.html
======================== 14 passed, 1 warning in 12.46s ========================
============================= test session starts ==============================
platform linux -- Python 3.8.0, pytest-6.1.1, py-1.9.0, pluggy-0.13.1
rootdir: /dc-app-performance-toolkit/app
plugins: apiritif-0.9.5
collected 14 items

selenium_ui/jira_ui.py get driver from global
1608146093251,148,selenium_login:open_login_page,Success,True
1608146094770,1518,selenium_login:login_and_view_dashboard,Success,True
1608146094770,1667,selenium_login,Success,True
.test_0_selenium_a_login,Total:295 Passed:295 Failed:0
1608146095100,309,selenium_browse_projects_list,Success,True
.test_1_selenium_browse_projects_list,Total:296 Passed:296 Failed:0
1608146095400,298,selenium_browse_boards_list,Success,True
.test_1_selenium_browse_boards_list,Total:297 Passed:297 Failed:0
1608146096146,737,selenium_create_issue:open_quick_create,Success,True
1608146097270,606,selenium_create_issue:fill_and_submit_issue_form:submit_issue_form,Success,True
1608146097270,1123,selenium_create_issue:fill_and_submit_issue_form,Success,True
1608146097270,1861,selenium_create_issue,Success,True
.test_1_selenium_create_issue,Total:298 Passed:298 Failed:0
1608146097859,578,selenium_edit_issue:open_edit_issue_form,Success,True
1608146098846,661,selenium_edit_issue:save_edit_issue_form,Success,True
1608146098846,1565,selenium_edit_issue,Success,True
.test_1_selenium_edit_issue,Total:299 Passed:299 Failed:0
1608146099177,329,selenium_save_comment:open_comment_form,Success,True
1608146100220,892,selenium_save_comment:submit_form,Success,True
1608146100220,1372,selenium_save_comment,Success,True
.test_1_selenium_save_comment,Total:300 Passed:300 Failed:0
1608146101712,1490,selenium_search_jql,Success,True
.test_1_selenium_search_jql,Total:301 Passed:301 Failed:0
1608146102500,786,selenium_view_scrum_board_backlog,Success,True
.test_1_selenium_view_backlog_for_scrum_board,Total:302 Passed:302 Failed:0
1608146103092,590,selenium_view_scrum_board,Success,True
.test_1_selenium_view_scrum_board,Total:303 Passed:303 Failed:0
1608146104418,1325,selenium_view_kanban_board,Success,True
.test_1_selenium_view_kanban_board,Total:304 Passed:304 Failed:0
1608146105126,705,selenium_view_dashboard,Success,True
.test_1_selenium_view_dashboard,Total:305 Passed:305 Failed:0
1608146105763,636,selenium_view_issue,Success,True
.test_1_selenium_view_issue,Total:306 Passed:306 Failed:0
1608146106123,359,selenium_project_summary,Success,True
.test_1_selenium_view_project_summary,Total:307 Passed:307 Failed:0
1608146106505,380,selenium_log_out,Success,True
.test_2_selenium_z_log_out,Total:308 Passed:308 Failed:0


=============================== warnings summary ===============================
../../usr/local/lib/python3.8/dist-packages/_pytest/config/__init__.py:1114
  /usr/local/lib/python3.8/dist-packages/_pytest/config/__init__.py:1114: PytestAssertRewriteWarning: Module already imported so cannot be rewritten: apiritif
    self._mark_plugins_for_rewrite(hook)

-- Docs: https://docs.pytest.org/en/stable/warnings.html
======================== 14 passed, 1 warning in 13.41s ========================
============================= test session starts ==============================
platform linux -- Python 3.8.0, pytest-6.1.1, py-1.9.0, pluggy-0.13.1
rootdir: /dc-app-performance-toolkit/app
plugins: apiritif-0.9.5
collected 14 items

selenium_ui/jira_ui.py get driver from global
1608146106675,119,selenium_login:open_login_page,Success,True
1608146107187,512,selenium_login:login_and_view_dashboard,Success,True
1608146107187,632,selenium_login,Success,True
.test_0_selenium_a_login,Total:309 Passed:309 Failed:0
1608146107545,346,selenium_browse_projects_list,Success,True
.test_1_selenium_browse_projects_list,Total:310 Passed:310 Failed:0
1608146107832,286,selenium_browse_boards_list,Success,True
.test_1_selenium_browse_boards_list,Total:311 Passed:311 Failed:0
1608146108570,729,selenium_create_issue:open_quick_create,Success,True
1608146109661,606,selenium_create_issue:fill_and_submit_issue_form:submit_issue_form,Success,True
1608146109661,1091,selenium_create_issue:fill_and_submit_issue_form,Success,True
1608146109661,1820,selenium_create_issue,Success,True
.test_1_selenium_create_issue,Total:312 Passed:312 Failed:0
1608146110268,595,selenium_edit_issue:open_edit_issue_form,Success,True
1608146111212,597,selenium_edit_issue:save_edit_issue_form,Success,True
1608146111212,1539,selenium_edit_issue,Success,True
.test_1_selenium_edit_issue,Total:313 Passed:313 Failed:0
1608146111561,347,selenium_save_comment:open_comment_form,Success,True
1608146112485,766,selenium_save_comment:submit_form,Success,True
1608146112485,1271,selenium_save_comment,Success,True
.test_1_selenium_save_comment,Total:314 Passed:314 Failed:0
1608146113935,1449,selenium_search_jql,Success,True
.test_1_selenium_search_jql,Total:315 Passed:315 Failed:0
1608146114567,629,selenium_view_scrum_board_backlog,Success,True
.test_1_selenium_view_backlog_for_scrum_board,Total:316 Passed:316 Failed:0
1608146115465,896,selenium_view_scrum_board,Success,True
.test_1_selenium_view_scrum_board,Total:317 Passed:317 Failed:0
1608146117531,2065,selenium_view_kanban_board,Success,True
.test_1_selenium_view_kanban_board,Total:318 Passed:318 Failed:0
1608146118163,630,selenium_view_dashboard,Success,True
.test_1_selenium_view_dashboard,Total:319 Passed:319 Failed:0
1608146118758,593,selenium_view_issue,Success,True
.test_1_selenium_view_issue,Total:320 Passed:320 Failed:0
1608146119271,512,selenium_project_summary,Success,True
.test_1_selenium_view_project_summary,Total:321 Passed:321 Failed:0
1608146119680,407,selenium_log_out,Success,True
.test_2_selenium_z_log_out,Total:322 Passed:322 Failed:0


=============================== warnings summary ===============================
../../usr/local/lib/python3.8/dist-packages/_pytest/config/__init__.py:1114
  /usr/local/lib/python3.8/dist-packages/_pytest/config/__init__.py:1114: PytestAssertRewriteWarning: Module already imported so cannot be rewritten: apiritif
    self._mark_plugins_for_rewrite(hook)

-- Docs: https://docs.pytest.org/en/stable/warnings.html
======================== 14 passed, 1 warning in 13.13s ========================
============================= test session starts ==============================
platform linux -- Python 3.8.0, pytest-6.1.1, py-1.9.0, pluggy-0.13.1
rootdir: /dc-app-performance-toolkit/app
plugins: apiritif-0.9.5
collected 14 items

selenium_ui/jira_ui.py get driver from global
1608146119892,163,selenium_login:open_login_page,Success,True
1608146120565,673,selenium_login:login_and_view_dashboard,Success,True
1608146120565,836,selenium_login,Success,True
.test_0_selenium_a_login,Total:323 Passed:323 Failed:0
1608146120944,367,selenium_browse_projects_list,Success,True
.test_1_selenium_browse_projects_list,Total:324 Passed:324 Failed:0
1608146121233,288,selenium_browse_boards_list,Success,True
.test_1_selenium_browse_boards_list,Total:325 Passed:325 Failed:0
1608146121959,717,selenium_create_issue:open_quick_create,Success,True
1608146123053,607,selenium_create_issue:fill_and_submit_issue_form:submit_issue_form,Success,True
1608146123053,1093,selenium_create_issue:fill_and_submit_issue_form,Success,True
1608146123053,1811,selenium_create_issue,Success,True
.test_1_selenium_create_issue,Total:326 Passed:326 Failed:0
1608146123724,659,selenium_edit_issue:open_edit_issue_form,Success,True
1608146124639,585,selenium_edit_issue:save_edit_issue_form,Success,True
1608146124640,1574,selenium_edit_issue,Success,True
.test_1_selenium_edit_issue,Total:327 Passed:327 Failed:0
1608146125046,405,selenium_save_comment:open_comment_form,Success,True
1608146126259,1060,selenium_save_comment:submit_form,Success,True
1608146126259,1618,selenium_save_comment,Success,True
.test_1_selenium_save_comment,Total:328 Passed:328 Failed:0
1608146127553,1292,selenium_search_jql,Success,True
.test_1_selenium_search_jql,Total:329 Passed:329 Failed:0
1608146128147,592,selenium_view_scrum_board_backlog,Success,True
.test_1_selenium_view_backlog_for_scrum_board,Total:330 Passed:330 Failed:0
1608146128616,467,selenium_view_scrum_board,Success,True
.test_1_selenium_view_scrum_board,Total:331 Passed:331 Failed:0
1608146130367,1749,selenium_view_kanban_board,Success,True
.test_1_selenium_view_kanban_board,Total:332 Passed:332 Failed:0
1608146130682,313,selenium_view_dashboard,Success,True
.test_1_selenium_view_dashboard,Total:333 Passed:333 Failed:0
1608146131279,596,selenium_view_issue,Success,True
.test_1_selenium_view_issue,Total:334 Passed:334 Failed:0
1608146131854,573,selenium_project_summary,Success,True
.test_1_selenium_view_project_summary,Total:335 Passed:335 Failed:0
1608146132183,328,selenium_log_out,Success,True
.test_2_selenium_z_log_out,Total:336 Passed:336 Failed:0


=============================== warnings summary ===============================
../../usr/local/lib/python3.8/dist-packages/_pytest/config/__init__.py:1114
  /usr/local/lib/python3.8/dist-packages/_pytest/config/__init__.py:1114: PytestAssertRewriteWarning: Module already imported so cannot be rewritten: apiritif
    self._mark_plugins_for_rewrite(hook)

-- Docs: https://docs.pytest.org/en/stable/warnings.html
======================== 14 passed, 1 warning in 12.47s ========================
============================= test session starts ==============================
platform linux -- Python 3.8.0, pytest-6.1.1, py-1.9.0, pluggy-0.13.1
rootdir: /dc-app-performance-toolkit/app
plugins: apiritif-0.9.5
collected 14 items

selenium_ui/jira_ui.py get driver from global
1608146132347,114,selenium_login:open_login_page,Success,True
1608146132866,518,selenium_login:login_and_view_dashboard,Success,True
1608146132866,633,selenium_login,Success,True
.test_0_selenium_a_login,Total:337 Passed:337 Failed:0
1608146133325,447,selenium_browse_projects_list,Success,True
.test_1_selenium_browse_projects_list,Total:338 Passed:338 Failed:0
1608146134125,798,selenium_browse_boards_list,Success,True
.test_1_selenium_browse_boards_list,Total:339 Passed:339 Failed:0
1608146134885,752,selenium_create_issue:open_quick_create,Success,True
1608146136534,1124,selenium_create_issue:fill_and_submit_issue_form:submit_issue_form,Success,True
1608146136534,1649,selenium_create_issue:fill_and_submit_issue_form,Success,True
1608146136534,2401,selenium_create_issue,Success,True
.test_1_selenium_create_issue,Total:340 Passed:340 Failed:0
1608146137141,595,selenium_edit_issue:open_edit_issue_form,Success,True
1608146138057,591,selenium_edit_issue:save_edit_issue_form,Success,True
1608146138057,1511,selenium_edit_issue,Success,True
.test_1_selenium_edit_issue,Total:341 Passed:341 Failed:0
1608146138434,375,selenium_save_comment:open_comment_form,Success,True
1608146139645,1059,selenium_save_comment:submit_form,Success,True
1608146139645,1586,selenium_save_comment,Success,True
.test_1_selenium_save_comment,Total:342 Passed:342 Failed:0
1608146140990,1343,selenium_search_jql,Success,True
.test_1_selenium_search_jql,Total:343 Passed:343 Failed:0
1608146141628,637,selenium_view_scrum_board_backlog,Success,True
.test_1_selenium_view_backlog_for_scrum_board,Total:344 Passed:344 Failed:0
1608146142052,422,selenium_view_scrum_board,Success,True
.test_1_selenium_view_scrum_board,Total:345 Passed:345 Failed:0
1608146143407,1353,selenium_view_kanban_board,Success,True
.test_1_selenium_view_kanban_board,Total:346 Passed:346 Failed:0
1608146144072,664,selenium_view_dashboard,Success,True
.test_1_selenium_view_dashboard,Total:347 Passed:347 Failed:0
1608146144636,562,selenium_view_issue,Success,True
.test_1_selenium_view_issue,Total:348 Passed:348 Failed:0
1608146145245,608,selenium_project_summary,Success,True
.test_1_selenium_view_project_summary,Total:349 Passed:349 Failed:0
1608146145641,394,selenium_log_out,Success,True
.test_2_selenium_z_log_out,Total:350 Passed:350 Failed:0


=============================== warnings summary ===============================
../../usr/local/lib/python3.8/dist-packages/_pytest/config/__init__.py:1114
  /usr/local/lib/python3.8/dist-packages/_pytest/config/__init__.py:1114: PytestAssertRewriteWarning: Module already imported so cannot be rewritten: apiritif
    self._mark_plugins_for_rewrite(hook)

-- Docs: https://docs.pytest.org/en/stable/warnings.html
======================== 14 passed, 1 warning in 13.42s ========================
============================= test session starts ==============================
platform linux -- Python 3.8.0, pytest-6.1.1, py-1.9.0, pluggy-0.13.1
rootdir: /dc-app-performance-toolkit/app
plugins: apiritif-0.9.5
collected 14 items

selenium_ui/jira_ui.py get driver from global
1608146145815,125,selenium_login:open_login_page,Success,True
1608146146437,621,selenium_login:login_and_view_dashboard,Success,True
1608146146437,747,selenium_login,Success,True
.test_0_selenium_a_login,Total:351 Passed:351 Failed:0
1608146146806,357,selenium_browse_projects_list,Success,True
.test_1_selenium_browse_projects_list,Total:352 Passed:352 Failed:0
1608146147086,278,selenium_browse_boards_list,Success,True
.test_1_selenium_browse_boards_list,Total:353 Passed:353 Failed:0
1608146147823,728,selenium_create_issue:open_quick_create,Success,True
1608146149489,1121,selenium_create_issue:fill_and_submit_issue_form:submit_issue_form,Success,True
1608146149489,1666,selenium_create_issue:fill_and_submit_issue_form,Success,True
1608146149489,2395,selenium_create_issue,Success,True
.test_1_selenium_create_issue,Total:354 Passed:354 Failed:0
1608146150095,591,selenium_edit_issue:open_edit_issue_form,Success,True
1608146150997,569,selenium_edit_issue:save_edit_issue_form,Success,True
1608146150997,1494,selenium_edit_issue,Success,True
.test_1_selenium_edit_issue,Total:355 Passed:355 Failed:0
1608146151376,377,selenium_save_comment:open_comment_form,Success,True
1608146152290,736,selenium_save_comment:submit_form,Success,True
1608146152290,1291,selenium_save_comment,Success,True
.test_1_selenium_save_comment,Total:356 Passed:356 Failed:0
1608146153785,1494,selenium_search_jql,Success,True
.test_1_selenium_search_jql,Total:357 Passed:357 Failed:0
1608146154296,508,selenium_view_scrum_board_backlog,Success,True
.test_1_selenium_view_backlog_for_scrum_board,Total:358 Passed:358 Failed:0
1608146155817,1520,selenium_view_scrum_board,Success,True
.test_1_selenium_view_scrum_board,Total:359 Passed:359 Failed:0
1608146157267,1449,selenium_view_kanban_board,Success,True
.test_1_selenium_view_kanban_board,Total:360 Passed:360 Failed:0
1608146157907,638,selenium_view_dashboard,Success,True
.test_1_selenium_view_dashboard,Total:361 Passed:361 Failed:0
1608146158527,617,selenium_view_issue,Success,True
.test_1_selenium_view_issue,Total:362 Passed:362 Failed:0
1608146159011,483,selenium_project_summary,Success,True
.test_1_selenium_view_project_summary,Total:363 Passed:363 Failed:0
1608146159363,350,selenium_log_out,Success,True
.test_2_selenium_z_log_out,Total:364 Passed:364 Failed:0


=============================== warnings summary ===============================
../../usr/local/lib/python3.8/dist-packages/_pytest/config/__init__.py:1114
  /usr/local/lib/python3.8/dist-packages/_pytest/config/__init__.py:1114: PytestAssertRewriteWarning: Module already imported so cannot be rewritten: apiritif
    self._mark_plugins_for_rewrite(hook)

-- Docs: https://docs.pytest.org/en/stable/warnings.html
[...]
.test_1_selenium_view_backlog_for_scrum_board,Total:2780 Passed:2780 Failed:0
1608148432732,1482,selenium_view_scrum_board,Success,True
.test_1_selenium_view_scrum_board,Total:2781 Passed:2781 Failed:0
1608148435008,2275,selenium_view_kanban_board,Success,True
.test_1_selenium_view_kanban_board,Total:2782 Passed:2782 Failed:0
1608148436231,1221,selenium_view_dashboard,Success,True
.test_1_selenium_view_dashboard,Total:2783 Passed:2783 Failed:0
1608148436877,644,selenium_view_issue,Success,True
.test_1_selenium_view_issue,Total:2784 Passed:2784 Failed:0
1608148437277,398,selenium_project_summary,Success,True
.test_1_selenium_view_project_summary,Total:2785 Passed:2785 Failed:0
1608148437594,316,selenium_log_out,Success,True
.test_2_selenium_z_log_out,Total:2786 Passed:2786 Failed:0


=============================== warnings summary ===============================
../../usr/local/lib/python3.8/dist-packages/_pytest/config/__init__.py:1114
  /usr/local/lib/python3.8/dist-packages/_pytest/config/__init__.py:1114: PytestAssertRewriteWarning: Module already imported so cannot be rewritten: apiritif
    self._mark_plugins_for_rewrite(hook)

-- Docs: https://docs.pytest.org/en/stable/warnings.html
======================== 14 passed, 1 warning in 15.36s ========================
============================= test session starts ==============================
platform linux -- Python 3.8.0, pytest-6.1.1, py-1.9.0, pluggy-0.13.1
rootdir: /dc-app-performance-toolkit/app
plugins: apiritif-0.9.5
collected 14 items

selenium_ui/jira_ui.py get driver from global
1608148437816,123,selenium_login:open_login_page,Success,True
1608148438566,749,selenium_login:login_and_view_dashboard,Success,True
1608148438566,873,selenium_login,Success,True
.test_0_selenium_a_login,Total:2787 Passed:2787 Failed:0
1608148438957,380,selenium_browse_projects_list,Success,True
.test_1_selenium_browse_projects_list,Total:2788 Passed:2788 Failed:0
1608148439243,284,selenium_browse_boards_list,Success,True
.test_1_selenium_browse_boards_list,Total:2789 Passed:2789 Failed:0
1608148439960,708,selenium_create_issue:open_quick_create,Success,True
1608148441108,605,selenium_create_issue:fill_and_submit_issue_form:submit_issue_form,Success,True
1608148441108,1147,selenium_create_issue:fill_and_submit_issue_form,Success,True
1608148441108,1856,selenium_create_issue,Success,True
.test_1_selenium_create_issue,Total:2790 Passed:2790 Failed:0
1608148441741,621,selenium_edit_issue:open_edit_issue_form,Success,True
1608148442827,736,selenium_edit_issue:save_edit_issue_form,Success,True
1608148442827,1707,selenium_edit_issue,Success,True
.test_1_selenium_edit_issue,Total:2791 Passed:2791 Failed:0
1608148443174,345,selenium_save_comment:open_comment_form,Success,True
1608148444068,753,selenium_save_comment:submit_form,Success,True
1608148444068,1239,selenium_save_comment,Success,True
.test_1_selenium_save_comment,Total:2792 Passed:2792 Failed:0
1608148445418,1349,selenium_search_jql,Success,True
.test_1_selenium_search_jql,Total:2793 Passed:2793 Failed:0
1608148445960,540,selenium_view_scrum_board_backlog,Success,True
.test_1_selenium_view_backlog_for_scrum_board,Total:2794 Passed:2794 Failed:0
1608148446943,982,selenium_view_scrum_board,Success,True
.test_1_selenium_view_scrum_board,Total:2795 Passed:2795 Failed:0
1608148448726,1781,selenium_view_kanban_board,Success,True
.test_1_selenium_view_kanban_board,Total:2796 Passed:2796 Failed:0
1608148449021,293,selenium_view_dashboard,Success,True
.test_1_selenium_view_dashboard,Total:2797 Passed:2797 Failed:0
1608148449689,666,selenium_view_issue,Success,True
.test_1_selenium_view_issue,Total:2798 Passed:2798 Failed:0
1608148450179,488,selenium_project_summary,Success,True
.test_1_selenium_view_project_summary,Total:2799 Passed:2799 Failed:0
1608148450514,333,selenium_log_out,Success,True
.test_2_selenium_z_log_out,Total:2800 Passed:2800 Failed:0


=============================== warnings summary ===============================
../../usr/local/lib/python3.8/dist-packages/_pytest/config/__init__.py:1114
  /usr/local/lib/python3.8/dist-packages/_pytest/config/__init__.py:1114: PytestAssertRewriteWarning: Module already imported so cannot be rewritten: apiritif
    self._mark_plugins_for_rewrite(hook)

-- Docs: https://docs.pytest.org/en/stable/warnings.html
======================== 14 passed, 1 warning in 12.83s ========================
============================= test session starts ==============================
platform linux -- Python 3.8.0, pytest-6.1.1, py-1.9.0, pluggy-0.13.1
rootdir: /dc-app-performance-toolkit/app
plugins: apiritif-0.9.5
collected 14 items

selenium_ui/jira_ui.py get driver from global
1608148450671,110,selenium_login:open_login_page,Success,True
1608148451237,565,selenium_login:login_and_view_dashboard,Success,True
1608148451237,676,selenium_login,Success,True
.test_0_selenium_a_login,Total:2801 Passed:2801 Failed:0
1608148451604,356,selenium_browse_projects_list,Success,True
.test_1_selenium_browse_projects_list,Total:2802 Passed:2802 Failed:0
1608148451903,298,selenium_browse_boards_list,Success,True
.test_1_selenium_browse_boards_list,Total:2803 Passed:2803 Failed:0
1608148452543,631,selenium_create_issue:open_quick_create,Success,True
1608148453704,609,selenium_create_issue:fill_and_submit_issue_form:submit_issue_form,Success,True
1608148453704,1160,selenium_create_issue:fill_and_submit_issue_form,Success,True
1608148453704,1792,selenium_create_issue,Success,True
.test_1_selenium_create_issue,Total:2804 Passed:2804 Failed:0
1608148454308,591,selenium_edit_issue:open_edit_issue_form,Success,True
1608148455397,742,selenium_edit_issue:save_edit_issue_form,Success,True
1608148455397,1680,selenium_edit_issue,Success,True
.test_1_selenium_edit_issue,Total:2805 Passed:2805 Failed:0
1608148455759,360,selenium_save_comment:open_comment_form,Success,True
1608148456754,816,selenium_save_comment:submit_form,Success,True
1608148456754,1354,selenium_save_comment,Success,True
.test_1_selenium_save_comment,Total:2806 Passed:2806 Failed:0
1608148458100,1345,selenium_search_jql,Success,True
.test_1_selenium_search_jql,Total:2807 Passed:2807 Failed:0
1608148459082,980,selenium_view_scrum_board_backlog,Success,True
.test_1_selenium_view_backlog_for_scrum_board,Total:2808 Passed:2808 Failed:0
1608148459477,394,selenium_view_scrum_board,Success,True
.test_1_selenium_view_scrum_board,Total:2809 Passed:2809 Failed:0
1608148460770,1291,selenium_view_kanban_board,Success,True
.test_1_selenium_view_kanban_board,Total:2810 Passed:2810 Failed:0
1608148461258,486,selenium_view_dashboard,Success,True
.test_1_selenium_view_dashboard,Total:2811 Passed:2811 Failed:0
1608148461824,564,selenium_view_issue,Success,True
.test_1_selenium_view_issue,Total:2812 Passed:2812 Failed:0
1608148462212,387,selenium_project_summary,Success,True
.test_1_selenium_view_project_summary,Total:2813 Passed:2813 Failed:0
1608148462617,403,selenium_log_out,Success,True
.test_2_selenium_z_log_out,Total:2814 Passed:2814 Failed:0


=============================== warnings summary ===============================
../../usr/local/lib/python3.8/dist-packages/_pytest/config/__init__.py:1114
  /usr/local/lib/python3.8/dist-packages/_pytest/config/__init__.py:1114: PytestAssertRewriteWarning: Module already imported so cannot be rewritten: apiritif
    self._mark_plugins_for_rewrite(hook)

-- Docs: https://docs.pytest.org/en/stable/warnings.html
======================== 14 passed, 1 warning in 12.06s ========================
============================= test session starts ==============================
platform linux -- Python 3.8.0, pytest-6.1.1, py-1.9.0, pluggy-0.13.1
rootdir: /dc-app-performance-toolkit/app
plugins: apiritif-0.9.5
collected 14 items

selenium_ui/jira_ui.py get driver from global
1608148462774,109,selenium_login:open_login_page,Success,True
1608148463252,477,selenium_login:login_and_view_dashboard,Success,True
1608148463252,587,selenium_login,Success,True
.test_0_selenium_a_login,Total:2815 Passed:2815 Failed:0
1608148463603,340,selenium_browse_projects_list,Success,True
.test_1_selenium_browse_projects_list,Total:2816 Passed:2816 Failed:0
1608148463893,288,selenium_browse_boards_list,Success,True
.test_1_selenium_browse_boards_list,Total:2817 Passed:2817 Failed:0
1608148464667,767,selenium_create_issue:open_quick_create,Success,True
1608148466304,1118,selenium_create_issue:fill_and_submit_issue_form:submit_issue_form,Success,True
1608148466304,1636,selenium_create_issue:fill_and_submit_issue_form,Success,True
1608148466304,2403,selenium_create_issue,Success,True
.test_1_selenium_create_issue,Total:2818 Passed:2818 Failed:0
1608148466927,611,selenium_edit_issue:open_edit_issue_form,Success,True
1608148467969,709,selenium_edit_issue:save_edit_issue_form,Success,True
1608148467969,1652,selenium_edit_issue,Success,True
.test_1_selenium_edit_issue,Total:2819 Passed:2819 Failed:0
1608148468350,380,selenium_save_comment:open_comment_form,Success,True
1608148469280,781,selenium_save_comment:submit_form,Success,True
1608148469280,1309,selenium_save_comment,Success,True
.test_1_selenium_save_comment,Total:2820 Passed:2820 Failed:0
1608148470524,1243,selenium_search_jql,Success,True
.test_1_selenium_search_jql,Total:2821 Passed:2821 Failed:0
1608148471147,621,selenium_view_scrum_board_backlog,Success,True
.test_1_selenium_view_backlog_for_scrum_board,Total:2822 Passed:2822 Failed:0
1608148472013,864,selenium_view_scrum_board,Success,True
.test_1_selenium_view_scrum_board,Total:2823 Passed:2823 Failed:0
1608148473576,1561,selenium_view_kanban_board,Success,True
.test_1_selenium_view_kanban_board,Total:2824 Passed:2824 Failed:0
1608148474249,672,selenium_view_dashboard,Success,True
.test_1_selenium_view_dashboard,Total:2825 Passed:2825 Failed:0
1608148474878,627,selenium_view_issue,Success,True
.test_1_selenium_view_issue,Total:2826 Passed:2826 Failed:0
1608148475358,478,selenium_project_summary,Success,True
.test_1_selenium_view_project_summary,Total:2827 Passed:2827 Failed:0
1608148475747,387,selenium_log_out,Success,True
.test_2_selenium_z_log_out,Total:2828 Passed:2828 Failed:0


=============================== warnings summary ===============================
../../usr/local/lib/python3.8/dist-packages/_pytest/config/__init__.py:1114
  /usr/local/lib/python3.8/dist-packages/_pytest/config/__init__.py:1114: PytestAssertRewriteWarning: Module already imported so cannot be rewritten: apiritif
    self._mark_plugins_for_rewrite(hook)

-- Docs: https://docs.pytest.org/en/stable/warnings.html
======================== 14 passed, 1 warning in 13.09s ========================
============================= test session starts ==============================
platform linux -- Python 3.8.0, pytest-6.1.1, py-1.9.0, pluggy-0.13.1
rootdir: /dc-app-performance-toolkit/app
plugins: apiritif-0.9.5
collected 14 items

selenium_ui/jira_ui.py get driver from global
1608148475903,107,selenium_login:open_login_page,Success,True
1608148476501,598,selenium_login:login_and_view_dashboard,Success,True
1608148476501,706,selenium_login,Success,True
.test_0_selenium_a_login,Total:2829 Passed:2829 Failed:0
1608148476849,337,selenium_browse_projects_list,Success,True
.test_1_selenium_browse_projects_list,Total:2830 Passed:2830 Failed:0
1608148477134,283,selenium_browse_boards_list,Success,True
.test_1_selenium_browse_boards_list,Total:2831 Passed:2831 Failed:0
1608148477818,675,selenium_create_issue:open_quick_create,Success,True
1608148479440,1119,selenium_create_issue:fill_and_submit_issue_form:submit_issue_form,Success,True
1608148479440,1622,selenium_create_issue:fill_and_submit_issue_form,Success,True
1608148479440,2298,selenium_create_issue,Success,True
.test_1_selenium_create_issue,Total:2832 Passed:2832 Failed:0
1608148480056,600,selenium_edit_issue:open_edit_issue_form,Success,True
1608148481003,606,selenium_edit_issue:save_edit_issue_form,Success,True
1608148481003,1547,selenium_edit_issue,Success,True
.test_1_selenium_edit_issue,Total:2833 Passed:2833 Failed:0
1608148481372,367,selenium_save_comment:open_comment_form,Success,True
1608148482374,830,selenium_save_comment:submit_form,Success,True
1608148482374,1370,selenium_save_comment,Success,True
.test_1_selenium_save_comment,Total:2834 Passed:2834 Failed:0
1608148483642,1266,selenium_search_jql,Success,True
.test_1_selenium_search_jql,Total:2835 Passed:2835 Failed:0
1608148484197,553,selenium_view_scrum_board_backlog,Success,True
.test_1_selenium_view_backlog_for_scrum_board,Total:2836 Passed:2836 Failed:0
1608148485060,862,selenium_view_scrum_board,Success,True
.test_1_selenium_view_scrum_board,Total:2837 Passed:2837 Failed:0
1608148486849,1787,selenium_view_kanban_board,Success,True
.test_1_selenium_view_kanban_board,Total:2838 Passed:2838 Failed:0
1608148487558,707,selenium_view_dashboard,Success,True
.test_1_selenium_view_dashboard,Total:2839 Passed:2839 Failed:0
1608148488227,667,selenium_view_issue,Success,True
.test_1_selenium_view_issue,Total:2840 Passed:2840 Failed:0
1608148488857,629,selenium_project_summary,Success,True
.test_1_selenium_view_project_summary,Total:2841 Passed:2841 Failed:0
1608148489211,352,selenium_log_out,Success,True
.test_2_selenium_z_log_out,Total:2842 Passed:2842 Failed:0


=============================== warnings summary ===============================
../../usr/local/lib/python3.8/dist-packages/_pytest/config/__init__.py:1114
  /usr/local/lib/python3.8/dist-packages/_pytest/config/__init__.py:1114: PytestAssertRewriteWarning: Module already imported so cannot be rewritten: apiritif
    self._mark_plugins_for_rewrite(hook)

-- Docs: https://docs.pytest.org/en/stable/warnings.html
======================== 14 passed, 1 warning in 13.42s ========================
============================= test session starts ==============================
platform linux -- Python 3.8.0, pytest-6.1.1, py-1.9.0, pluggy-0.13.1
rootdir: /dc-app-performance-toolkit/app
plugins: apiritif-0.9.5
collected 14 items

selenium_ui/jira_ui.py get driver from global
1608148489365,105,selenium_login:open_login_page,Success,True
1608148490064,699,selenium_login:login_and_view_dashboard,Success,True
1608148490065,805,selenium_login,Success,True
.test_0_selenium_a_login,Total:2843 Passed:2843 Failed:0
1608148490419,344,selenium_browse_projects_list,Success,True
.test_1_selenium_browse_projects_list,Total:2844 Passed:2844 Failed:0
1608148490766,345,selenium_browse_boards_list,Success,True
.test_1_selenium_browse_boards_list,Total:2845 Passed:2845 Failed:0
1608148491497,722,selenium_create_issue:open_quick_create,Success,True
1608148492606,611,selenium_create_issue:fill_and_submit_issue_form:submit_issue_form,Success,True
1608148492606,1109,selenium_create_issue:fill_and_submit_issue_form,Success,True
1608148492606,1831,selenium_create_issue,Success,True
.test_1_selenium_create_issue,Total:2846 Passed:2846 Failed:0
1608148493303,685,selenium_edit_issue:open_edit_issue_form,Success,True
1608148494133,549,selenium_edit_issue:save_edit_issue_form,Success,True
1608148494133,1514,selenium_edit_issue,Success,True
.test_1_selenium_edit_issue,Total:2847 Passed:2847 Failed:0
1608148494548,414,selenium_save_comment:open_comment_form,Success,True
1608148495438,790,selenium_save_comment:submit_form,Success,True
1608148495438,1304,selenium_save_comment,Success,True
.test_1_selenium_save_comment,Total:2848 Passed:2848 Failed:0
1608148496737,1297,selenium_search_jql,Success,True
.test_1_selenium_search_jql,Total:2849 Passed:2849 Failed:0
1608148497339,601,selenium_view_scrum_board_backlog,Success,True
.test_1_selenium_view_backlog_for_scrum_board,Total:2850 Passed:2850 Failed:0
1608148497846,505,selenium_view_scrum_board,Success,True
.test_1_selenium_view_scrum_board,Total:2851 Passed:2851 Failed:0
1608148499192,1345,selenium_view_kanban_board,Success,True
.test_1_selenium_view_kanban_board,Total:2852 Passed:2852 Failed:0
1608148499483,289,selenium_view_dashboard,Success,True
.test_1_selenium_view_dashboard,Total:2853 Passed:2853 Failed:0
1608148500123,639,selenium_view_issue,Success,True
.test_1_selenium_view_issue,Total:2854 Passed:2854 Failed:0
1608148500566,441,selenium_project_summary,Success,True
.test_1_selenium_view_project_summary,Total:2855 Passed:2855 Failed:0
1608148500919,352,selenium_log_out,Success,True
.test_2_selenium_z_log_out,Total:2856 Passed:2856 Failed:0


=============================== warnings summary ===============================
../../usr/local/lib/python3.8/dist-packages/_pytest/config/__init__.py:1114
  /usr/local/lib/python3.8/dist-packages/_pytest/config/__init__.py:1114: PytestAssertRewriteWarning: Module already imported so cannot be rewritten: apiritif
    self._mark_plugins_for_rewrite(hook)

-- Docs: https://docs.pytest.org/en/stable/warnings.html
======================== 14 passed, 1 warning in 11.67s ========================
============================= test session starts ==============================
platform linux -- Python 3.8.0, pytest-6.1.1, py-1.9.0, pluggy-0.13.1
rootdir: /dc-app-performance-toolkit/app
plugins: apiritif-0.9.5
collected 14 items

selenium_ui/jira_ui.py get driver from global
1608148501080,112,selenium_login:open_login_page,Success,True
1608148501581,501,selenium_login:login_and_view_dashboard,Success,True
1608148501581,613,selenium_login,Success,True
.test_0_selenium_a_login,Total:2857 Passed:2857 Failed:0
1608148501961,369,selenium_browse_projects_list,Success,True
.test_1_selenium_browse_projects_list,Total:2858 Passed:2858 Failed:0
1608148502238,276,selenium_browse_boards_list,Success,True
.test_1_selenium_browse_boards_list,Total:2859 Passed:2859 Failed:0
1608148502992,745,selenium_create_issue:open_quick_create,Success,True
1608148504114,603,selenium_create_issue:fill_and_submit_issue_form:submit_issue_form,Success,True
1608148504114,1121,selenium_create_issue:fill_and_submit_issue_form,Success,True
1608148504114,1867,selenium_create_issue,Success,True
.test_1_selenium_create_issue,Total:2860 Passed:2860 Failed:0
1608148504746,619,selenium_edit_issue:open_edit_issue_form,Success,True
1608148505714,618,selenium_edit_issue:save_edit_issue_form,Success,True
1608148505714,1587,selenium_edit_issue,Success,True
.test_1_selenium_edit_issue,Total:2861 Passed:2861 Failed:0
1608148506105,390,selenium_save_comment:open_comment_form,Success,True
1608148507011,737,selenium_save_comment:submit_form,Success,True
1608148507011,1296,selenium_save_comment,Success,True
.test_1_selenium_save_comment,Total:2862 Passed:2862 Failed:0
1608148508479,1466,selenium_search_jql,Success,True
.test_1_selenium_search_jql,Total:2863 Passed:2863 Failed:0
1608148509033,552,selenium_view_scrum_board_backlog,Success,True
.test_1_selenium_view_backlog_for_scrum_board,Total:2864 Passed:2864 Failed:0
1608148510025,990,selenium_view_scrum_board,Success,True
.test_1_selenium_view_scrum_board,Total:2865 Passed:2865 Failed:0
1608148511566,1540,selenium_view_kanban_board,Success,True
.test_1_selenium_view_kanban_board,Total:2866 Passed:2866 Failed:0
1608148512335,768,selenium_view_dashboard,Success,True
.test_1_selenium_view_dashboard,Total:2867 Passed:2867 Failed:0
1608148512857,520,selenium_view_issue,Success,True
.test_1_selenium_view_issue,Total:2868 Passed:2868 Failed:0
1608148513194,335,selenium_project_summary,Success,True
.test_1_selenium_view_project_summary,Total:2869 Passed:2869 Failed:0
1608148513539,343,selenium_log_out,Success,True
.test_2_selenium_z_log_out,Total:2870 Passed:2870 Failed:0


=============================== warnings summary ===============================
../../usr/local/lib/python3.8/dist-packages/_pytest/config/__init__.py:1114
  /usr/local/lib/python3.8/dist-packages/_pytest/config/__init__.py:1114: PytestAssertRewriteWarning: Module already imported so cannot be rewritten: apiritif
    self._mark_plugins_for_rewrite(hook)

-- Docs: https://docs.pytest.org/en/stable/warnings.html
======================== 14 passed, 1 warning in 12.58s ========================
