============================= test session starts ==============================
platform linux -- Python 3.8.0, pytest-6.1.1, py-1.9.0, pluggy-0.13.1
rootdir: /dc-app-performance-toolkit/app
plugins: apiritif-0.9.5
collected 14 items

selenium_ui/jira_ui.py first driver inits
1608208806475,3421,selenium_login:open_login_page,Success,True
1608208809693,3217,selenium_login:login_and_view_dashboard,Success,True
1608208809693,6639,selenium_login,Success,True
.test_0_selenium_a_login,Total:1 Passed:1 Failed:0
1608208810603,890,selenium_browse_projects_list,Success,True
.test_1_selenium_browse_projects_list,Total:2 Passed:2 Failed:0
1608208814207,3602,selenium_browse_boards_list,Success,True
.test_1_selenium_browse_boards_list,Total:3 Passed:3 Failed:0
1608208816866,2651,selenium_create_issue:open_quick_create,Success,True
1608208821168,3171,selenium_create_issue:fill_and_submit_issue_form:submit_issue_form,Success,True
1608208821168,4301,selenium_create_issue:fill_and_submit_issue_form,Success,True
1608208821168,6952,selenium_create_issue,Success,True
.test_1_selenium_create_issue,Total:4 Passed:4 Failed:0
1608208822582,1400,selenium_edit_issue:open_edit_issue_form,Success,True
1608208823768,636,selenium_edit_issue:save_edit_issue_form,Success,True
1608208823768,2586,selenium_edit_issue,Success,True
.test_1_selenium_edit_issue,Total:5 Passed:5 Failed:0
1608208824116,347,selenium_save_comment:open_comment_form,Success,True
1608208826969,2200,selenium_save_comment:submit_form,Success,True
1608208826969,3199,selenium_save_comment,Success,True
.test_1_selenium_save_comment,Total:6 Passed:6 Failed:0
1608208829439,2468,selenium_search_jql,Success,True
.test_1_selenium_search_jql,Total:7 Passed:7 Failed:0
1608208832618,3178,selenium_view_scrum_board_backlog,Success,True
.test_1_selenium_view_backlog_for_scrum_board,Total:8 Passed:8 Failed:0
1608208835452,2833,selenium_view_scrum_board,Success,True
.test_1_selenium_view_scrum_board,Total:9 Passed:9 Failed:0
1608208848945,13491,selenium_view_kanban_board,Success,True
.test_1_selenium_view_kanban_board,Total:10 Passed:10 Failed:0
1608208849742,795,selenium_view_dashboard,Success,True
.test_1_selenium_view_dashboard,Total:11 Passed:11 Failed:0
1608208851586,1842,selenium_view_issue,Success,True
.test_1_selenium_view_issue,Total:12 Passed:12 Failed:0
1608208854041,2453,selenium_project_summary,Success,True
.test_1_selenium_view_project_summary,Total:13 Passed:13 Failed:0
1608208854436,393,selenium_log_out,Success,True
.test_2_selenium_z_log_out,Total:14 Passed:14 Failed:0


=============================== warnings summary ===============================
../../usr/local/lib/python3.8/dist-packages/_pytest/config/__init__.py:1114
  /usr/local/lib/python3.8/dist-packages/_pytest/config/__init__.py:1114: PytestAssertRewriteWarning: Module already imported so cannot be rewritten: apiritif
    self._mark_plugins_for_rewrite(hook)

-- Docs: https://docs.pytest.org/en/stable/warnings.html
======================== 14 passed, 1 warning in 52.62s ========================
============================= test session starts ==============================
platform linux -- Python 3.8.0, pytest-6.1.1, py-1.9.0, pluggy-0.13.1
rootdir: /dc-app-performance-toolkit/app
plugins: apiritif-0.9.5
collected 14 items

selenium_ui/jira_ui.py get driver from global
1608208854607,111,selenium_login:open_login_page,Success,True
1608208855136,528,selenium_login:login_and_view_dashboard,Success,True
1608208855136,640,selenium_login,Success,True
.test_0_selenium_a_login,Total:15 Passed:15 Failed:0
1608208855465,318,selenium_browse_projects_list,Success,True
.test_1_selenium_browse_projects_list,Total:16 Passed:16 Failed:0
1608208855797,330,selenium_browse_boards_list,Success,True
.test_1_selenium_browse_boards_list,Total:17 Passed:17 Failed:0
1608208856517,711,selenium_create_issue:open_quick_create,Success,True
1608208857622,600,selenium_create_issue:fill_and_submit_issue_form:submit_issue_form,Success,True
1608208857622,1104,selenium_create_issue:fill_and_submit_issue_form,Success,True
1608208857622,1816,selenium_create_issue,Success,True
.test_1_selenium_create_issue,Total:18 Passed:18 Failed:0
1608208858308,673,selenium_edit_issue:open_edit_issue_form,Success,True
1608208859169,608,selenium_edit_issue:save_edit_issue_form,Success,True
1608208859169,1534,selenium_edit_issue,Success,True
.test_1_selenium_edit_issue,Total:19 Passed:19 Failed:0
1608208859560,389,selenium_save_comment:open_comment_form,Success,True
1608208860546,804,selenium_save_comment:submit_form,Success,True
1608208860547,1376,selenium_save_comment,Success,True
.test_1_selenium_save_comment,Total:20 Passed:20 Failed:0
1608208861296,748,selenium_search_jql,Success,True
.test_1_selenium_search_jql,Total:21 Passed:21 Failed:0
1608208861728,430,selenium_view_scrum_board_backlog,Success,True
.test_1_selenium_view_backlog_for_scrum_board,Total:22 Passed:22 Failed:0
1608208862079,349,selenium_view_scrum_board,Success,True
.test_1_selenium_view_scrum_board,Total:23 Passed:23 Failed:0
1608208862842,762,selenium_view_kanban_board,Success,True
.test_1_selenium_view_kanban_board,Total:24 Passed:24 Failed:0
1608208863059,215,selenium_view_dashboard,Success,True
.test_1_selenium_view_dashboard,Total:25 Passed:25 Failed:0
1608208863740,678,selenium_view_issue,Success,True
.test_1_selenium_view_issue,Total:26 Passed:26 Failed:0
1608208864194,452,selenium_project_summary,Success,True
.test_1_selenium_view_project_summary,Total:27 Passed:27 Failed:0
1608208864587,391,selenium_log_out,Success,True
.test_2_selenium_z_log_out,Total:28 Passed:28 Failed:0


=============================== warnings summary ===============================
../../usr/local/lib/python3.8/dist-packages/_pytest/config/__init__.py:1114
  /usr/local/lib/python3.8/dist-packages/_pytest/config/__init__.py:1114: PytestAssertRewriteWarning: Module already imported so cannot be rewritten: apiritif
    self._mark_plugins_for_rewrite(hook)

-- Docs: https://docs.pytest.org/en/stable/warnings.html
======================== 14 passed, 1 warning in 10.10s ========================
============================= test session starts ==============================
platform linux -- Python 3.8.0, pytest-6.1.1, py-1.9.0, pluggy-0.13.1
rootdir: /dc-app-performance-toolkit/app
plugins: apiritif-0.9.5
collected 14 items

selenium_ui/jira_ui.py get driver from global
1608208864743,105,selenium_login:open_login_page,Success,True
1608208865270,526,selenium_login:login_and_view_dashboard,Success,True
1608208865270,632,selenium_login,Success,True
.test_0_selenium_a_login,Total:29 Passed:29 Failed:0
1608208865615,333,selenium_browse_projects_list,Success,True
.test_1_selenium_browse_projects_list,Total:30 Passed:30 Failed:0
1608208865917,300,selenium_browse_boards_list,Success,True
.test_1_selenium_browse_boards_list,Total:31 Passed:31 Failed:0
1608208866726,800,selenium_create_issue:open_quick_create,Success,True
1608208867926,607,selenium_create_issue:fill_and_submit_issue_form:submit_issue_form,Success,True
1608208867926,1199,selenium_create_issue:fill_and_submit_issue_form,Success,True
1608208867926,2000,selenium_create_issue,Success,True
.test_1_selenium_create_issue,Total:32 Passed:32 Failed:0
1608208868611,673,selenium_edit_issue:open_edit_issue_form,Success,True
1608208869445,564,selenium_edit_issue:save_edit_issue_form,Success,True
1608208869445,1506,selenium_edit_issue,Success,True
.test_1_selenium_edit_issue,Total:33 Passed:33 Failed:0
1608208869784,337,selenium_save_comment:open_comment_form,Success,True
1608208870676,713,selenium_save_comment:submit_form,Success,True
1608208870676,1230,selenium_save_comment,Success,True
.test_1_selenium_save_comment,Total:34 Passed:34 Failed:0
1608208871242,564,selenium_search_jql,Success,True
.test_1_selenium_search_jql,Total:35 Passed:35 Failed:0
1608208872089,845,selenium_view_scrum_board_backlog,Success,True
.test_1_selenium_view_backlog_for_scrum_board,Total:36 Passed:36 Failed:0
1608208872419,328,selenium_view_scrum_board,Success,True
.test_1_selenium_view_scrum_board,Total:37 Passed:37 Failed:0
1608208873176,755,selenium_view_kanban_board,Success,True
.test_1_selenium_view_kanban_board,Total:38 Passed:38 Failed:0
1608208873429,251,selenium_view_dashboard,Success,True
.test_1_selenium_view_dashboard,Total:39 Passed:39 Failed:0
1608208875012,1581,selenium_view_issue,Success,True
.test_1_selenium_view_issue,Total:40 Passed:40 Failed:0
1608208875442,429,selenium_project_summary,Success,True
.test_1_selenium_view_project_summary,Total:41 Passed:41 Failed:0
1608208875782,338,selenium_log_out,Success,True
.test_2_selenium_z_log_out,Total:42 Passed:42 Failed:0


=============================== warnings summary ===============================
../../usr/local/lib/python3.8/dist-packages/_pytest/config/__init__.py:1114
  /usr/local/lib/python3.8/dist-packages/_pytest/config/__init__.py:1114: PytestAssertRewriteWarning: Module already imported so cannot be rewritten: apiritif
    self._mark_plugins_for_rewrite(hook)

-- Docs: https://docs.pytest.org/en/stable/warnings.html
======================== 14 passed, 1 warning in 11.15s ========================
============================= test session starts ==============================
platform linux -- Python 3.8.0, pytest-6.1.1, py-1.9.0, pluggy-0.13.1
rootdir: /dc-app-performance-toolkit/app
plugins: apiritif-0.9.5
collected 14 items

selenium_ui/jira_ui.py get driver from global
1608208875934,102,selenium_login:open_login_page,Success,True
1608208876368,433,selenium_login:login_and_view_dashboard,Success,True
1608208876368,537,selenium_login,Success,True
.test_0_selenium_a_login,Total:43 Passed:43 Failed:0
1608208876766,384,selenium_browse_projects_list,Success,True
.test_1_selenium_browse_projects_list,Total:44 Passed:44 Failed:0
1608208877033,265,selenium_browse_boards_list,Success,True
.test_1_selenium_browse_boards_list,Total:45 Passed:45 Failed:0
1608208877833,791,selenium_create_issue:open_quick_create,Success,True
1608208878975,602,selenium_create_issue:fill_and_submit_issue_form:submit_issue_form,Success,True
1608208878975,1141,selenium_create_issue:fill_and_submit_issue_form,Success,True
1608208878975,1933,selenium_create_issue,Success,True
.test_1_selenium_create_issue,Total:46 Passed:46 Failed:0
1608208879731,743,selenium_edit_issue:open_edit_issue_form,Success,True
1608208880641,648,selenium_edit_issue:save_edit_issue_form,Success,True
1608208880641,1654,selenium_edit_issue,Success,True
.test_1_selenium_edit_issue,Total:47 Passed:47 Failed:0
1608208881009,366,selenium_save_comment:open_comment_form,Success,True
1608208881936,723,selenium_save_comment:submit_form,Success,True
1608208881936,1293,selenium_save_comment,Success,True
.test_1_selenium_save_comment,Total:48 Passed:48 Failed:0
1608208882514,576,selenium_search_jql,Success,True
.test_1_selenium_search_jql,Total:49 Passed:49 Failed:0
1608208882869,353,selenium_view_scrum_board_backlog,Success,True
.test_1_selenium_view_backlog_for_scrum_board,Total:50 Passed:50 Failed:0
1608208883187,317,selenium_view_scrum_board,Success,True
.test_1_selenium_view_scrum_board,Total:51 Passed:51 Failed:0
1608208883937,748,selenium_view_kanban_board,Success,True
.test_1_selenium_view_kanban_board,Total:52 Passed:52 Failed:0
1608208884154,215,selenium_view_dashboard,Success,True
.test_1_selenium_view_dashboard,Total:53 Passed:53 Failed:0
1608208884746,590,selenium_view_issue,Success,True
.test_1_selenium_view_issue,Total:54 Passed:54 Failed:0
1608208885137,388,selenium_project_summary,Success,True
.test_1_selenium_view_project_summary,Total:55 Passed:55 Failed:0
1608208885488,350,selenium_log_out,Success,True
.test_2_selenium_z_log_out,Total:56 Passed:56 Failed:0


=============================== warnings summary ===============================
../../usr/local/lib/python3.8/dist-packages/_pytest/config/__init__.py:1114
  /usr/local/lib/python3.8/dist-packages/_pytest/config/__init__.py:1114: PytestAssertRewriteWarning: Module already imported so cannot be rewritten: apiritif
    self._mark_plugins_for_rewrite(hook)

-- Docs: https://docs.pytest.org/en/stable/warnings.html
======================== 14 passed, 1 warning in 9.67s =========================
============================= test session starts ==============================
platform linux -- Python 3.8.0, pytest-6.1.1, py-1.9.0, pluggy-0.13.1
rootdir: /dc-app-performance-toolkit/app
plugins: apiritif-0.9.5
collected 14 items

selenium_ui/jira_ui.py get driver from global
1608208885655,117,selenium_login:open_login_page,Success,True
1608208886180,525,selenium_login:login_and_view_dashboard,Success,True
1608208886180,642,selenium_login,Success,True
.test_0_selenium_a_login,Total:57 Passed:57 Failed:0
1608208886516,324,selenium_browse_projects_list,Success,True
.test_1_selenium_browse_projects_list,Total:58 Passed:58 Failed:0
1608208886786,268,selenium_browse_boards_list,Success,True
.test_1_selenium_browse_boards_list,Total:59 Passed:59 Failed:0
1608208887556,761,selenium_create_issue:open_quick_create,Success,True
1608208888719,626,selenium_create_issue:fill_and_submit_issue_form:submit_issue_form,Success,True
1608208888719,1162,selenium_create_issue:fill_and_submit_issue_form,Success,True
1608208888719,1924,selenium_create_issue,Success,True
.test_1_selenium_create_issue,Total:60 Passed:60 Failed:0
1608208889396,661,selenium_edit_issue:open_edit_issue_form,Success,True
1608208890274,612,selenium_edit_issue:save_edit_issue_form,Success,True
1608208890275,1540,selenium_edit_issue,Success,True
.test_1_selenium_edit_issue,Total:61 Passed:61 Failed:0
1608208890658,382,selenium_save_comment:open_comment_form,Success,True
1608208891511,704,selenium_save_comment:submit_form,Success,True
1608208891511,1234,selenium_save_comment,Success,True
.test_1_selenium_save_comment,Total:62 Passed:62 Failed:0
1608208892073,561,selenium_search_jql,Success,True
.test_1_selenium_search_jql,Total:63 Passed:63 Failed:0
1608208892412,337,selenium_view_scrum_board_backlog,Success,True
.test_1_selenium_view_backlog_for_scrum_board,Total:64 Passed:64 Failed:0
1608208892736,323,selenium_view_scrum_board,Success,True
.test_1_selenium_view_scrum_board,Total:65 Passed:65 Failed:0
1608208893519,781,selenium_view_kanban_board,Success,True
.test_1_selenium_view_kanban_board,Total:66 Passed:66 Failed:0
1608208893760,239,selenium_view_dashboard,Success,True
.test_1_selenium_view_dashboard,Total:67 Passed:67 Failed:0
1608208894375,612,selenium_view_issue,Success,True
.test_1_selenium_view_issue,Total:68 Passed:68 Failed:0
1608208894763,387,selenium_project_summary,Success,True
.test_1_selenium_view_project_summary,Total:69 Passed:69 Failed:0
1608208895147,383,selenium_log_out,Success,True
.test_2_selenium_z_log_out,Total:70 Passed:70 Failed:0


=============================== warnings summary ===============================
../../usr/local/lib/python3.8/dist-packages/_pytest/config/__init__.py:1114
  /usr/local/lib/python3.8/dist-packages/_pytest/config/__init__.py:1114: PytestAssertRewriteWarning: Module already imported so cannot be rewritten: apiritif
    self._mark_plugins_for_rewrite(hook)

-- Docs: https://docs.pytest.org/en/stable/warnings.html
======================== 14 passed, 1 warning in 9.62s =========================
============================= test session starts ==============================
platform linux -- Python 3.8.0, pytest-6.1.1, py-1.9.0, pluggy-0.13.1
rootdir: /dc-app-performance-toolkit/app
plugins: apiritif-0.9.5
collected 14 items

selenium_ui/jira_ui.py get driver from global
1608208895310,114,selenium_login:open_login_page,Success,True
1608208895797,486,selenium_login:login_and_view_dashboard,Success,True
1608208895797,601,selenium_login,Success,True
.test_0_selenium_a_login,Total:71 Passed:71 Failed:0
1608208896147,337,selenium_browse_projects_list,Success,True
.test_1_selenium_browse_projects_list,Total:72 Passed:72 Failed:0
1608208896417,267,selenium_browse_boards_list,Success,True
.test_1_selenium_browse_boards_list,Total:73 Passed:73 Failed:0
1608208897065,640,selenium_create_issue:open_quick_create,Success,True
1608208898212,610,selenium_create_issue:fill_and_submit_issue_form:submit_issue_form,Success,True
1608208898212,1146,selenium_create_issue:fill_and_submit_issue_form,Success,True
1608208898212,1787,selenium_create_issue,Success,True
.test_1_selenium_create_issue,Total:74 Passed:74 Failed:0
1608208898779,545,selenium_edit_issue:open_edit_issue_form,Success,True
1608208899674,541,selenium_edit_issue:save_edit_issue_form,Success,True
1608208899674,1440,selenium_edit_issue,Success,True
.test_1_selenium_edit_issue,Total:75 Passed:75 Failed:0
1608208900147,471,selenium_save_comment:open_comment_form,Success,True
1608208900910,658,selenium_save_comment:submit_form,Success,True
1608208900911,1235,selenium_save_comment,Success,True
.test_1_selenium_save_comment,Total:76 Passed:76 Failed:0
1608208901510,598,selenium_search_jql,Success,True
.test_1_selenium_search_jql,Total:77 Passed:77 Failed:0
1608208901901,389,selenium_view_scrum_board_backlog,Success,True
.test_1_selenium_view_backlog_for_scrum_board,Total:78 Passed:78 Failed:0
1608208902230,328,selenium_view_scrum_board,Success,True
.test_1_selenium_view_scrum_board,Total:79 Passed:79 Failed:0
1608208902995,763,selenium_view_kanban_board,Success,True
.test_1_selenium_view_kanban_board,Total:80 Passed:80 Failed:0
1608208903211,214,selenium_view_dashboard,Success,True
.test_1_selenium_view_dashboard,Total:81 Passed:81 Failed:0
1608208903726,513,selenium_view_issue,Success,True
.test_1_selenium_view_issue,Total:82 Passed:82 Failed:0
1608208904158,430,selenium_project_summary,Success,True
.test_1_selenium_view_project_summary,Total:83 Passed:83 Failed:0
1608208904535,376,selenium_log_out,Success,True
.test_2_selenium_z_log_out,Total:84 Passed:84 Failed:0


=============================== warnings summary ===============================
../../usr/local/lib/python3.8/dist-packages/_pytest/config/__init__.py:1114
  /usr/local/lib/python3.8/dist-packages/_pytest/config/__init__.py:1114: PytestAssertRewriteWarning: Module already imported so cannot be rewritten: apiritif
    self._mark_plugins_for_rewrite(hook)

-- Docs: https://docs.pytest.org/en/stable/warnings.html
======================== 14 passed, 1 warning in 9.35s =========================
============================= test session starts ==============================
platform linux -- Python 3.8.0, pytest-6.1.1, py-1.9.0, pluggy-0.13.1
rootdir: /dc-app-performance-toolkit/app
plugins: apiritif-0.9.5
collected 14 items

selenium_ui/jira_ui.py get driver from global
1608208904714,130,selenium_login:open_login_page,Success,True
1608208905182,467,selenium_login:login_and_view_dashboard,Success,True
1608208905182,598,selenium_login,Success,True
.test_0_selenium_a_login,Total:85 Passed:85 Failed:0
1608208905627,430,selenium_browse_projects_list,Success,True
.test_1_selenium_browse_projects_list,Total:86 Passed:86 Failed:0
1608208906417,788,selenium_browse_boards_list,Success,True
.test_1_selenium_browse_boards_list,Total:87 Passed:87 Failed:0
1608208907204,779,selenium_create_issue:open_quick_create,Success,True
1608208908400,610,selenium_create_issue:fill_and_submit_issue_form:submit_issue_form,Success,True
1608208908400,1195,selenium_create_issue:fill_and_submit_issue_form,Success,True
1608208908400,1974,selenium_create_issue,Success,True
.test_1_selenium_create_issue,Total:88 Passed:88 Failed:0
1608208909116,702,selenium_edit_issue:open_edit_issue_form,Success,True
1608208910012,635,selenium_edit_issue:save_edit_issue_form,Success,True
1608208910012,1598,selenium_edit_issue,Success,True
.test_1_selenium_edit_issue,Total:89 Passed:89 Failed:0
1608208910378,365,selenium_save_comment:open_comment_form,Success,True
1608208911303,753,selenium_save_comment:submit_form,Success,True
1608208911303,1290,selenium_save_comment,Success,True
.test_1_selenium_save_comment,Total:90 Passed:90 Failed:0
1608208911935,630,selenium_search_jql,Success,True
.test_1_selenium_search_jql,Total:91 Passed:91 Failed:0
1608208912281,344,selenium_view_scrum_board_backlog,Success,True
.test_1_selenium_view_backlog_for_scrum_board,Total:92 Passed:92 Failed:0
1608208912619,337,selenium_view_scrum_board,Success,True
.test_1_selenium_view_scrum_board,Total:93 Passed:93 Failed:0
1608208913373,752,selenium_view_kanban_board,Success,True
.test_1_selenium_view_kanban_board,Total:94 Passed:94 Failed:0
1608208913613,239,selenium_view_dashboard,Success,True
.test_1_selenium_view_dashboard,Total:95 Passed:95 Failed:0
1608208914234,618,selenium_view_issue,Success,True
.test_1_selenium_view_issue,Total:96 Passed:96 Failed:0
1608208914636,401,selenium_project_summary,Success,True
.test_1_selenium_view_project_summary,Total:97 Passed:97 Failed:0
1608208915036,399,selenium_log_out,Success,True
.test_2_selenium_z_log_out,Total:98 Passed:98 Failed:0


=============================== warnings summary ===============================
../../usr/local/lib/python3.8/dist-packages/_pytest/config/__init__.py:1114
  /usr/local/lib/python3.8/dist-packages/_pytest/config/__init__.py:1114: PytestAssertRewriteWarning: Module already imported so cannot be rewritten: apiritif
    self._mark_plugins_for_rewrite(hook)

-- Docs: https://docs.pytest.org/en/stable/warnings.html
======================== 14 passed, 1 warning in 10.46s ========================
============================= test session starts ==============================
platform linux -- Python 3.8.0, pytest-6.1.1, py-1.9.0, pluggy-0.13.1
rootdir: /dc-app-performance-toolkit/app
plugins: apiritif-0.9.5
collected 14 items

selenium_ui/jira_ui.py get driver from global
1608208915190,105,selenium_login:open_login_page,Success,True
1608208915693,502,selenium_login:login_and_view_dashboard,Success,True
1608208915693,608,selenium_login,Success,True
.test_0_selenium_a_login,Total:99 Passed:99 Failed:0
1608208916045,339,selenium_browse_projects_list,Success,True
.test_1_selenium_browse_projects_list,Total:100 Passed:100 Failed:0
1608208916339,292,selenium_browse_boards_list,Success,True
.test_1_selenium_browse_boards_list,Total:101 Passed:101 Failed:0
1608208917094,744,selenium_create_issue:open_quick_create,Success,True
1608208918319,615,selenium_create_issue:fill_and_submit_issue_form:submit_issue_form,Success,True
1608208918319,1225,selenium_create_issue:fill_and_submit_issue_form,Success,True
1608208918319,1969,selenium_create_issue,Success,True
.test_1_selenium_create_issue,Total:102 Passed:102 Failed:0
1608208919073,736,selenium_edit_issue:open_edit_issue_form,Success,True
1608208919918,565,selenium_edit_issue:save_edit_issue_form,Success,True
1608208919918,1582,selenium_edit_issue,Success,True
.test_1_selenium_edit_issue,Total:103 Passed:103 Failed:0
1608208920314,394,selenium_save_comment:open_comment_form,Success,True
1608208921218,748,selenium_save_comment:submit_form,Success,True
1608208921218,1298,selenium_save_comment,Success,True
.test_1_selenium_save_comment,Total:104 Passed:104 Failed:0
1608208921893,674,selenium_search_jql,Success,True
.test_1_selenium_search_jql,Total:105 Passed:105 Failed:0
1608208922251,357,selenium_view_scrum_board_backlog,Success,True
.test_1_selenium_view_backlog_for_scrum_board,Total:106 Passed:106 Failed:0
1608208923135,882,selenium_view_scrum_board,Success,True
.test_1_selenium_view_scrum_board,Total:107 Passed:107 Failed:0
1608208923885,749,selenium_view_kanban_board,Success,True
.test_1_selenium_view_kanban_board,Total:108 Passed:108 Failed:0
1608208924120,233,selenium_view_dashboard,Success,True
.test_1_selenium_view_dashboard,Total:109 Passed:109 Failed:0
1608208924814,692,selenium_view_issue,Success,True
.test_1_selenium_view_issue,Total:110 Passed:110 Failed:0
1608208925219,404,selenium_project_summary,Success,True
.test_1_selenium_view_project_summary,Total:111 Passed:111 Failed:0
1608208925576,355,selenium_log_out,Success,True
.test_2_selenium_z_log_out,Total:112 Passed:112 Failed:0


=============================== warnings summary ===============================
../../usr/local/lib/python3.8/dist-packages/_pytest/config/__init__.py:1114
  /usr/local/lib/python3.8/dist-packages/_pytest/config/__init__.py:1114: PytestAssertRewriteWarning: Module already imported so cannot be rewritten: apiritif
    self._mark_plugins_for_rewrite(hook)

-- Docs: https://docs.pytest.org/en/stable/warnings.html
======================== 14 passed, 1 warning in 10.50s ========================
============================= test session starts ==============================
platform linux -- Python 3.8.0, pytest-6.1.1, py-1.9.0, pluggy-0.13.1
rootdir: /dc-app-performance-toolkit/app
plugins: apiritif-0.9.5
collected 14 items

selenium_ui/jira_ui.py get driver from global
1608208925760,133,selenium_login:open_login_page,Success,True
1608208926240,479,selenium_login:login_and_view_dashboard,Success,True
1608208926240,613,selenium_login,Success,True
.test_0_selenium_a_login,Total:113 Passed:113 Failed:0
1608208926636,382,selenium_browse_projects_list,Success,True
.test_1_selenium_browse_projects_list,Total:114 Passed:114 Failed:0
1608208926915,276,selenium_browse_boards_list,Success,True
.test_1_selenium_browse_boards_list,Total:115 Passed:115 Failed:0
1608208927676,751,selenium_create_issue:open_quick_create,Success,True
1608208928770,603,selenium_create_issue:fill_and_submit_issue_form:submit_issue_form,Success,True
1608208928770,1093,selenium_create_issue:fill_and_submit_issue_form,Success,True
1608208928770,1845,selenium_create_issue,Success,True
.test_1_selenium_create_issue,Total:116 Passed:116 Failed:0
1608208929545,763,selenium_edit_issue:open_edit_issue_form,Success,True
1608208930471,653,selenium_edit_issue:save_edit_issue_form,Success,True
1608208930472,1689,selenium_edit_issue,Success,True
.test_1_selenium_edit_issue,Total:117 Passed:117 Failed:0
1608208930785,311,selenium_save_comment:open_comment_form,Success,True
1608208931668,739,selenium_save_comment:submit_form,Success,True
1608208931668,1194,selenium_save_comment,Success,True
.test_1_selenium_save_comment,Total:118 Passed:118 Failed:0
1608208932271,601,selenium_search_jql,Success,True
.test_1_selenium_search_jql,Total:119 Passed:119 Failed:0
1608208932629,356,selenium_view_scrum_board_backlog,Success,True
.test_1_selenium_view_backlog_for_scrum_board,Total:120 Passed:120 Failed:0
1608208933022,391,selenium_view_scrum_board,Success,True
.test_1_selenium_view_scrum_board,Total:121 Passed:121 Failed:0
1608208933794,771,selenium_view_kanban_board,Success,True
.test_1_selenium_view_kanban_board,Total:122 Passed:122 Failed:0
1608208934045,249,selenium_view_dashboard,Success,True
.test_1_selenium_view_dashboard,Total:123 Passed:123 Failed:0
1608208934604,557,selenium_view_issue,Success,True
.test_1_selenium_view_issue,Total:124 Passed:124 Failed:0
1608208935035,429,selenium_project_summary,Success,True
.test_1_selenium_view_project_summary,Total:125 Passed:125 Failed:0
1608208935492,456,selenium_log_out,Success,True
.test_2_selenium_z_log_out,Total:126 Passed:126 Failed:0


=============================== warnings summary ===============================
../../usr/local/lib/python3.8/dist-packages/_pytest/config/__init__.py:1114
  /usr/local/lib/python3.8/dist-packages/_pytest/config/__init__.py:1114: PytestAssertRewriteWarning: Module already imported so cannot be rewritten: apiritif
    self._mark_plugins_for_rewrite(hook)

-- Docs: https://docs.pytest.org/en/stable/warnings.html
======================== 14 passed, 1 warning in 9.88s =========================
============================= test session starts ==============================
platform linux -- Python 3.8.0, pytest-6.1.1, py-1.9.0, pluggy-0.13.1
rootdir: /dc-app-performance-toolkit/app
plugins: apiritif-0.9.5
collected 14 items

selenium_ui/jira_ui.py get driver from global
1608208935651,108,selenium_login:open_login_page,Success,True
1608208936130,478,selenium_login:login_and_view_dashboard,Success,True
1608208936130,587,selenium_login,Success,True
.test_0_selenium_a_login,Total:127 Passed:127 Failed:0
1608208936478,337,selenium_browse_projects_list,Success,True
.test_1_selenium_browse_projects_list,Total:128 Passed:128 Failed:0
1608208936767,287,selenium_browse_boards_list,Success,True
.test_1_selenium_browse_boards_list,Total:129 Passed:129 Failed:0
1608208937605,830,selenium_create_issue:open_quick_create,Success,True
1608208938790,613,selenium_create_issue:fill_and_submit_issue_form:submit_issue_form,Success,True
1608208938790,1184,selenium_create_issue:fill_and_submit_issue_form,Success,True
1608208938790,2015,selenium_create_issue,Success,True
.test_1_selenium_create_issue,Total:130 Passed:130 Failed:0
1608208939482,678,selenium_edit_issue:open_edit_issue_form,Success,True
1608208940363,604,selenium_edit_issue:save_edit_issue_form,Success,True
1608208940363,1560,selenium_edit_issue,Success,True
.test_1_selenium_edit_issue,Total:131 Passed:131 Failed:0
1608208940724,358,selenium_save_comment:open_comment_form,Success,True
1608208941693,793,selenium_save_comment:submit_form,Success,True
1608208941693,1328,selenium_save_comment,Success,True
.test_1_selenium_save_comment,Total:132 Passed:132 Failed:0
1608208942260,565,selenium_search_jql,Success,True
.test_1_selenium_search_jql,Total:133 Passed:133 Failed:0
1608208942640,379,selenium_view_scrum_board_backlog,Success,True
.test_1_selenium_view_backlog_for_scrum_board,Total:134 Passed:134 Failed:0
1608208943016,374,selenium_view_scrum_board,Success,True
.test_1_selenium_view_scrum_board,Total:135 Passed:135 Failed:0
1608208943775,757,selenium_view_kanban_board,Success,True
.test_1_selenium_view_kanban_board,Total:136 Passed:136 Failed:0
1608208943998,221,selenium_view_dashboard,Success,True
.test_1_selenium_view_dashboard,Total:137 Passed:137 Failed:0
1608208944680,680,selenium_view_issue,Success,True
.test_1_selenium_view_issue,Total:138 Passed:138 Failed:0
1608208945075,393,selenium_project_summary,Success,True
.test_1_selenium_view_project_summary,Total:139 Passed:139 Failed:0
1608208945449,372,selenium_log_out,Success,True
.test_2_selenium_z_log_out,Total:140 Passed:140 Failed:0


=============================== warnings summary ===============================
../../usr/local/lib/python3.8/dist-packages/_pytest/config/__init__.py:1114
  /usr/local/lib/python3.8/dist-packages/_pytest/config/__init__.py:1114: PytestAssertRewriteWarning: Module already imported so cannot be rewritten: apiritif
    self._mark_plugins_for_rewrite(hook)

-- Docs: https://docs.pytest.org/en/stable/warnings.html
======================== 14 passed, 1 warning in 9.92s =========================
============================= test session starts ==============================
platform linux -- Python 3.8.0, pytest-6.1.1, py-1.9.0, pluggy-0.13.1
rootdir: /dc-app-performance-toolkit/app
plugins: apiritif-0.9.5
collected 14 items

selenium_ui/jira_ui.py get driver from global
1608208945607,109,selenium_login:open_login_page,Success,True
1608208946038,430,selenium_login:login_and_view_dashboard,Success,True
1608208946038,539,selenium_login,Success,True
.test_0_selenium_a_login,Total:141 Passed:141 Failed:0
1608208946443,387,selenium_browse_projects_list,Success,True
.test_1_selenium_browse_projects_list,Total:142 Passed:142 Failed:0
1608208946720,276,selenium_browse_boards_list,Success,True
.test_1_selenium_browse_boards_list,Total:143 Passed:143 Failed:0
1608208947511,780,selenium_create_issue:open_quick_create,Success,True
1608208948678,613,selenium_create_issue:fill_and_submit_issue_form:submit_issue_form,Success,True
1608208948678,1167,selenium_create_issue:fill_and_submit_issue_form,Success,True
1608208948678,1948,selenium_create_issue,Success,True
.test_1_selenium_create_issue,Total:144 Passed:144 Failed:0
1608208949297,600,selenium_edit_issue:open_edit_issue_form,Success,True
1608208950219,589,selenium_edit_issue:save_edit_issue_form,Success,True
1608208950220,1523,selenium_edit_issue,Success,True
.test_1_selenium_edit_issue,Total:145 Passed:145 Failed:0
1608208950580,358,selenium_save_comment:open_comment_form,Success,True
1608208951489,735,selenium_save_comment:submit_form,Success,True
1608208951489,1268,selenium_save_comment,Success,True
.test_1_selenium_save_comment,Total:146 Passed:146 Failed:0
1608208952035,544,selenium_search_jql,Success,True
.test_1_selenium_search_jql,Total:147 Passed:147 Failed:0
1608208952389,352,selenium_view_scrum_board_backlog,Success,True
.test_1_selenium_view_backlog_for_scrum_board,Total:148 Passed:148 Failed:0
1608208952729,338,selenium_view_scrum_board,Success,True
.test_1_selenium_view_scrum_board,Total:149 Passed:149 Failed:0
1608208953475,744,selenium_view_kanban_board,Success,True
.test_1_selenium_view_kanban_board,Total:150 Passed:150 Failed:0
1608208953706,230,selenium_view_dashboard,Success,True
.test_1_selenium_view_dashboard,Total:151 Passed:151 Failed:0
1608208954264,556,selenium_view_issue,Success,True
.test_1_selenium_view_issue,Total:152 Passed:152 Failed:0
1608208954665,399,selenium_project_summary,Success,True
.test_1_selenium_view_project_summary,Total:153 Passed:153 Failed:0
1608208955070,403,selenium_log_out,Success,True
.test_2_selenium_z_log_out,Total:154 Passed:154 Failed:0


=============================== warnings summary ===============================
../../usr/local/lib/python3.8/dist-packages/_pytest/config/__init__.py:1114
  /usr/local/lib/python3.8/dist-packages/_pytest/config/__init__.py:1114: PytestAssertRewriteWarning: Module already imported so cannot be rewritten: apiritif
    self._mark_plugins_for_rewrite(hook)

-- Docs: https://docs.pytest.org/en/stable/warnings.html
======================== 14 passed, 1 warning in 9.58s =========================
============================= test session starts ==============================
platform linux -- Python 3.8.0, pytest-6.1.1, py-1.9.0, pluggy-0.13.1
rootdir: /dc-app-performance-toolkit/app
plugins: apiritif-0.9.5
collected 14 items

selenium_ui/jira_ui.py get driver from global
1608208955252,118,selenium_login:open_login_page,Success,True
1608208955721,469,selenium_login:login_and_view_dashboard,Success,True
1608208955721,588,selenium_login,Success,True
.test_0_selenium_a_login,Total:155 Passed:155 Failed:0
1608208956061,328,selenium_browse_projects_list,Success,True
.test_1_selenium_browse_projects_list,Total:156 Passed:156 Failed:0
1608208956329,266,selenium_browse_boards_list,Success,True
.test_1_selenium_browse_boards_list,Total:157 Passed:157 Failed:0
1608208957128,789,selenium_create_issue:open_quick_create,Success,True
1608208958261,608,selenium_create_issue:fill_and_submit_issue_form:submit_issue_form,Success,True
1608208958262,1133,selenium_create_issue:fill_and_submit_issue_form,Success,True
1608208958262,1923,selenium_create_issue,Success,True
.test_1_selenium_create_issue,Total:158 Passed:158 Failed:0
1608208959264,985,selenium_edit_issue:open_edit_issue_form,Success,True
1608208960120,585,selenium_edit_issue:save_edit_issue_form,Success,True
1608208960120,1841,selenium_edit_issue,Success,True
.test_1_selenium_edit_issue,Total:159 Passed:159 Failed:0
1608208960476,354,selenium_save_comment:open_comment_form,Success,True
1608208961468,812,selenium_save_comment:submit_form,Success,True
1608208961468,1346,selenium_save_comment,Success,True
.test_1_selenium_save_comment,Total:160 Passed:160 Failed:0
1608208962020,550,selenium_search_jql,Success,True
.test_1_selenium_search_jql,Total:161 Passed:161 Failed:0
1608208962392,370,selenium_view_scrum_board_backlog,Success,True
.test_1_selenium_view_backlog_for_scrum_board,Total:162 Passed:162 Failed:0
1608208962749,356,selenium_view_scrum_board,Success,True
.test_1_selenium_view_scrum_board,Total:163 Passed:163 Failed:0
1608208963509,758,selenium_view_kanban_board,Success,True
.test_1_selenium_view_kanban_board,Total:164 Passed:164 Failed:0
1608208963730,220,selenium_view_dashboard,Success,True
.test_1_selenium_view_dashboard,Total:165 Passed:165 Failed:0
1608208964343,611,selenium_view_issue,Success,True
.test_1_selenium_view_issue,Total:166 Passed:166 Failed:0
1608208964775,430,selenium_project_summary,Success,True
.test_1_selenium_view_project_summary,Total:167 Passed:167 Failed:0
1608208965168,391,selenium_log_out,Success,True
.test_2_selenium_z_log_out,Total:168 Passed:168 Failed:0


=============================== warnings summary ===============================
../../usr/local/lib/python3.8/dist-packages/_pytest/config/__init__.py:1114
  /usr/local/lib/python3.8/dist-packages/_pytest/config/__init__.py:1114: PytestAssertRewriteWarning: Module already imported so cannot be rewritten: apiritif
    self._mark_plugins_for_rewrite(hook)

-- Docs: https://docs.pytest.org/en/stable/warnings.html
======================== 14 passed, 1 warning in 10.04s ========================
============================= test session starts ==============================
platform linux -- Python 3.8.0, pytest-6.1.1, py-1.9.0, pluggy-0.13.1
rootdir: /dc-app-performance-toolkit/app
plugins: apiritif-0.9.5
collected 14 items

selenium_ui/jira_ui.py get driver from global
1608208965318,101,selenium_login:open_login_page,Success,True
1608208965808,489,selenium_login:login_and_view_dashboard,Success,True
1608208965808,591,selenium_login,Success,True
.test_0_selenium_a_login,Total:169 Passed:169 Failed:0
1608208966139,319,selenium_browse_projects_list,Success,True
.test_1_selenium_browse_projects_list,Total:170 Passed:170 Failed:0
1608208966501,360,selenium_browse_boards_list,Success,True
.test_1_selenium_browse_boards_list,Total:171 Passed:171 Failed:0
1608208967259,749,selenium_create_issue:open_quick_create,Success,True
1608208968472,606,selenium_create_issue:fill_and_submit_issue_form:submit_issue_form,Success,True
1608208968472,1213,selenium_create_issue:fill_and_submit_issue_form,Success,True
1608208968473,1963,selenium_create_issue,Success,True
.test_1_selenium_create_issue,Total:172 Passed:172 Failed:0
1608208969188,703,selenium_edit_issue:open_edit_issue_form,Success,True
1608208970062,580,selenium_edit_issue:save_edit_issue_form,Success,True
1608208970062,1577,selenium_edit_issue,Success,True
.test_1_selenium_edit_issue,Total:173 Passed:173 Failed:0
1608208970406,342,selenium_save_comment:open_comment_form,Success,True
1608208971325,738,selenium_save_comment:submit_form,Success,True
1608208971325,1262,selenium_save_comment,Success,True
.test_1_selenium_save_comment,Total:174 Passed:174 Failed:0
1608208971856,529,selenium_search_jql,Success,True
.test_1_selenium_search_jql,Total:175 Passed:175 Failed:0
1608208972198,340,selenium_view_scrum_board_backlog,Success,True
.test_1_selenium_view_backlog_for_scrum_board,Total:176 Passed:176 Failed:0
1608208972534,335,selenium_view_scrum_board,Success,True
.test_1_selenium_view_scrum_board,Total:177 Passed:177 Failed:0
1608208973291,755,selenium_view_kanban_board,Success,True
.test_1_selenium_view_kanban_board,Total:178 Passed:178 Failed:0
1608208973506,213,selenium_view_dashboard,Success,True
.test_1_selenium_view_dashboard,Total:179 Passed:179 Failed:0
1608208974149,642,selenium_view_issue,Success,True
.test_1_selenium_view_issue,Total:180 Passed:180 Failed:0
1608208974532,381,selenium_project_summary,Success,True
.test_1_selenium_view_project_summary,Total:181 Passed:181 Failed:0
1608208974908,374,selenium_log_out,Success,True
.test_2_selenium_z_log_out,Total:182 Passed:182 Failed:0


=============================== warnings summary ===============================
../../usr/local/lib/python3.8/dist-packages/_pytest/config/__init__.py:1114
  /usr/local/lib/python3.8/dist-packages/_pytest/config/__init__.py:1114: PytestAssertRewriteWarning: Module already imported so cannot be rewritten: apiritif
    self._mark_plugins_for_rewrite(hook)

-- Docs: https://docs.pytest.org/en/stable/warnings.html
======================== 14 passed, 1 warning in 9.70s =========================
============================= test session starts ==============================
platform linux -- Python 3.8.0, pytest-6.1.1, py-1.9.0, pluggy-0.13.1
rootdir: /dc-app-performance-toolkit/app
plugins: apiritif-0.9.5
collected 14 items

selenium_ui/jira_ui.py get driver from global
1608208975056,100,selenium_login:open_login_page,Success,True
1608208975596,539,selenium_login:login_and_view_dashboard,Success,True
1608208975596,639,selenium_login,Success,True
.test_0_selenium_a_login,Total:183 Passed:183 Failed:0
1608208975948,340,selenium_browse_projects_list,Success,True
.test_1_selenium_browse_projects_list,Total:184 Passed:184 Failed:0
1608208976219,269,selenium_browse_boards_list,Success,True
.test_1_selenium_browse_boards_list,Total:185 Passed:185 Failed:0
1608208977007,779,selenium_create_issue:open_quick_create,Success,True
1608208978143,607,selenium_create_issue:fill_and_submit_issue_form:submit_issue_form,Success,True
1608208978143,1136,selenium_create_issue:fill_and_submit_issue_form,Success,True
1608208978143,1915,selenium_create_issue,Success,True
.test_1_selenium_create_issue,Total:186 Passed:186 Failed:0
1608208978782,623,selenium_edit_issue:open_edit_issue_form,Success,True
1608208979710,575,selenium_edit_issue:save_edit_issue_form,Success,True
1608208979710,1551,selenium_edit_issue,Success,True
.test_1_selenium_edit_issue,Total:187 Passed:187 Failed:0
1608208980038,325,selenium_save_comment:open_comment_form,Success,True
1608208981365,671,selenium_save_comment:submit_form,Success,True
1608208981365,1653,selenium_save_comment,Success,True
.test_1_selenium_save_comment,Total:188 Passed:188 Failed:0
1608208981923,556,selenium_search_jql,Success,True
.test_1_selenium_search_jql,Total:189 Passed:189 Failed:0
1608208982270,346,selenium_view_scrum_board_backlog,Success,True
.test_1_selenium_view_backlog_for_scrum_board,Total:190 Passed:190 Failed:0
1608208982590,318,selenium_view_scrum_board,Success,True
.test_1_selenium_view_scrum_board,Total:191 Passed:191 Failed:0
1608208983374,782,selenium_view_kanban_board,Success,True
.test_1_selenium_view_kanban_board,Total:192 Passed:192 Failed:0
1608208983641,266,selenium_view_dashboard,Success,True
.test_1_selenium_view_dashboard,Total:193 Passed:193 Failed:0
1608208984144,501,selenium_view_issue,Success,True
.test_1_selenium_view_issue,Total:194 Passed:194 Failed:0
1608208984540,395,selenium_project_summary,Success,True
.test_1_selenium_view_project_summary,Total:195 Passed:195 Failed:0
1608208984919,377,selenium_log_out,Success,True
.test_2_selenium_z_log_out,Total:196 Passed:196 Failed:0


=============================== warnings summary ===============================
../../usr/local/lib/python3.8/dist-packages/_pytest/config/__init__.py:1114
  /usr/local/lib/python3.8/dist-packages/_pytest/config/__init__.py:1114: PytestAssertRewriteWarning: Module already imported so cannot be rewritten: apiritif
    self._mark_plugins_for_rewrite(hook)

-- Docs: https://docs.pytest.org/en/stable/warnings.html
======================== 14 passed, 1 warning in 9.97s =========================
============================= test session starts ==============================
platform linux -- Python 3.8.0, pytest-6.1.1, py-1.9.0, pluggy-0.13.1
rootdir: /dc-app-performance-toolkit/app
plugins: apiritif-0.9.5
collected 14 items

selenium_ui/jira_ui.py get driver from global
1608208985093,107,selenium_login:open_login_page,Success,True
1608208985618,524,selenium_login:login_and_view_dashboard,Success,True
1608208985618,631,selenium_login,Success,True
.test_0_selenium_a_login,Total:197 Passed:197 Failed:0
1608208986032,401,selenium_browse_projects_list,Success,True
.test_1_selenium_browse_projects_list,Total:198 Passed:198 Failed:0
1608208986309,276,selenium_browse_boards_list,Success,True
.test_1_selenium_browse_boards_list,Total:199 Passed:199 Failed:0
1608208986969,650,selenium_create_issue:open_quick_create,Success,True
1608208988067,609,selenium_create_issue:fill_and_submit_issue_form:submit_issue_form,Success,True
1608208988067,1097,selenium_create_issue:fill_and_submit_issue_form,Success,True
1608208988067,1748,selenium_create_issue,Success,True
.test_1_selenium_create_issue,Total:200 Passed:200 Failed:0
1608208988655,574,selenium_edit_issue:open_edit_issue_form,Success,True
1608208989575,547,selenium_edit_issue:save_edit_issue_form,Success,True
1608208989575,1495,selenium_edit_issue,Success,True
.test_1_selenium_edit_issue,Total:201 Passed:201 Failed:0
1608208989887,310,selenium_save_comment:open_comment_form,Success,True
1608208990746,685,selenium_save_comment:submit_form,Success,True
1608208990746,1170,selenium_save_comment,Success,True
.test_1_selenium_save_comment,Total:202 Passed:202 Failed:0
1608208991300,552,selenium_search_jql,Success,True
.test_1_selenium_search_jql,Total:203 Passed:203 Failed:0
1608208991640,338,selenium_view_scrum_board_backlog,Success,True
.test_1_selenium_view_backlog_for_scrum_board,Total:204 Passed:204 Failed:0
1608208991972,331,selenium_view_scrum_board,Success,True
.test_1_selenium_view_scrum_board,Total:205 Passed:205 Failed:0
1608208992772,798,selenium_view_kanban_board,Success,True
.test_1_selenium_view_kanban_board,Total:206 Passed:206 Failed:0
1608208993008,234,selenium_view_dashboard,Success,True
.test_1_selenium_view_dashboard,Total:207 Passed:207 Failed:0
1608208993567,557,selenium_view_issue,Success,True
.test_1_selenium_view_issue,Total:208 Passed:208 Failed:0
1608208994054,485,selenium_project_summary,Success,True
.test_1_selenium_view_project_summary,Total:209 Passed:209 Failed:0
1608208994422,365,selenium_log_out,Success,True
.test_2_selenium_z_log_out,Total:210 Passed:210 Failed:0


=============================== warnings summary ===============================
../../usr/local/lib/python3.8/dist-packages/_pytest/config/__init__.py:1114
  /usr/local/lib/python3.8/dist-packages/_pytest/config/__init__.py:1114: PytestAssertRewriteWarning: Module already imported so cannot be rewritten: apiritif
    self._mark_plugins_for_rewrite(hook)

-- Docs: https://docs.pytest.org/en/stable/warnings.html
======================== 14 passed, 1 warning in 9.44s =========================
============================= test session starts ==============================
platform linux -- Python 3.8.0, pytest-6.1.1, py-1.9.0, pluggy-0.13.1
rootdir: /dc-app-performance-toolkit/app
plugins: apiritif-0.9.5
collected 14 items

selenium_ui/jira_ui.py get driver from global
1608208994587,113,selenium_login:open_login_page,Success,True
1608208995107,519,selenium_login:login_and_view_dashboard,Success,True
1608208995107,633,selenium_login,Success,True
.test_0_selenium_a_login,Total:211 Passed:211 Failed:0
1608208995426,306,selenium_browse_projects_list,Success,True
.test_1_selenium_browse_projects_list,Total:212 Passed:212 Failed:0
1608208995682,255,selenium_browse_boards_list,Success,True
.test_1_selenium_browse_boards_list,Total:213 Passed:213 Failed:0
1608208996542,851,selenium_create_issue:open_quick_create,Success,True
1608208997654,608,selenium_create_issue:fill_and_submit_issue_form:submit_issue_form,Success,True
1608208997654,1111,selenium_create_issue:fill_and_submit_issue_form,Success,True
1608208997654,1963,selenium_create_issue,Success,True
.test_1_selenium_create_issue,Total:214 Passed:214 Failed:0
1608208998344,678,selenium_edit_issue:open_edit_issue_form,Success,True
1608208999215,586,selenium_edit_issue:save_edit_issue_form,Success,True
1608208999215,1548,selenium_edit_issue,Success,True
.test_1_selenium_edit_issue,Total:215 Passed:215 Failed:0
1608208999608,392,selenium_save_comment:open_comment_form,Success,True
1608209000568,755,selenium_save_comment:submit_form,Success,True
1608209000568,1352,selenium_save_comment,Success,True
.test_1_selenium_save_comment,Total:216 Passed:216 Failed:0
1608209001201,631,selenium_search_jql,Success,True
.test_1_selenium_search_jql,Total:217 Passed:217 Failed:0
1608209001591,389,selenium_view_scrum_board_backlog,Success,True
.test_1_selenium_view_backlog_for_scrum_board,Total:218 Passed:218 Failed:0
1608209001920,327,selenium_view_scrum_board,Success,True
.test_1_selenium_view_scrum_board,Total:219 Passed:219 Failed:0
1608209002692,770,selenium_view_kanban_board,Success,True
.test_1_selenium_view_kanban_board,Total:220 Passed:220 Failed:0
1608209002914,220,selenium_view_dashboard,Success,True
.test_1_selenium_view_dashboard,Total:221 Passed:221 Failed:0
1608209003467,552,selenium_view_issue,Success,True
.test_1_selenium_view_issue,Total:222 Passed:222 Failed:0
1608209003879,410,selenium_project_summary,Success,True
.test_1_selenium_view_project_summary,Total:223 Passed:223 Failed:0
1608209004254,373,selenium_log_out,Success,True
.test_2_selenium_z_log_out,Total:224 Passed:224 Failed:0


=============================== warnings summary ===============================
../../usr/local/lib/python3.8/dist-packages/_pytest/config/__init__.py:1114
  /usr/local/lib/python3.8/dist-packages/_pytest/config/__init__.py:1114: PytestAssertRewriteWarning: Module already imported so cannot be rewritten: apiritif
    self._mark_plugins_for_rewrite(hook)

-- Docs: https://docs.pytest.org/en/stable/warnings.html
======================== 14 passed, 1 warning in 9.79s =========================
============================= test session starts ==============================
platform linux -- Python 3.8.0, pytest-6.1.1, py-1.9.0, pluggy-0.13.1
rootdir: /dc-app-performance-toolkit/app
plugins: apiritif-0.9.5
collected 14 items

selenium_ui/jira_ui.py get driver from global
1608209004408,105,selenium_login:open_login_page,Success,True
1608209004892,483,selenium_login:login_and_view_dashboard,Success,True
1608209004892,589,selenium_login,Success,True
.test_0_selenium_a_login,Total:225 Passed:225 Failed:0
1608209005256,353,selenium_browse_projects_list,Success,True
.test_1_selenium_browse_projects_list,Total:226 Passed:226 Failed:0
1608209005529,272,selenium_browse_boards_list,Success,True
.test_1_selenium_browse_boards_list,Total:227 Passed:227 Failed:0
1608209006201,663,selenium_create_issue:open_quick_create,Success,True
1608209007300,609,selenium_create_issue:fill_and_submit_issue_form:submit_issue_form,Success,True
1608209007300,1098,selenium_create_issue:fill_and_submit_issue_form,Success,True
1608209007300,1762,selenium_create_issue,Success,True
.test_1_selenium_create_issue,Total:228 Passed:228 Failed:0
1608209007905,589,selenium_edit_issue:open_edit_issue_form,Success,True
1608209008853,583,selenium_edit_issue:save_edit_issue_form,Success,True
1608209008853,1537,selenium_edit_issue,Success,True
.test_1_selenium_edit_issue,Total:229 Passed:229 Failed:0
1608209009195,340,selenium_save_comment:open_comment_form,Success,True
1608209010091,721,selenium_save_comment:submit_form,Success,True
1608209010091,1237,selenium_save_comment,Success,True
.test_1_selenium_save_comment,Total:230 Passed:230 Failed:0
1608209010711,618,selenium_search_jql,Success,True
.test_1_selenium_search_jql,Total:231 Passed:231 Failed:0
1608209011055,342,selenium_view_scrum_board_backlog,Success,True
.test_1_selenium_view_backlog_for_scrum_board,Total:232 Passed:232 Failed:0
1608209011408,351,selenium_view_scrum_board,Success,True
.test_1_selenium_view_scrum_board,Total:233 Passed:233 Failed:0
1608209012153,743,selenium_view_kanban_board,Success,True
.test_1_selenium_view_kanban_board,Total:234 Passed:234 Failed:0
1608209012380,226,selenium_view_dashboard,Success,True
.test_1_selenium_view_dashboard,Total:235 Passed:235 Failed:0
1608209012908,527,selenium_view_issue,Success,True
.test_1_selenium_view_issue,Total:236 Passed:236 Failed:0
1608209013303,393,selenium_project_summary,Success,True
.test_1_selenium_view_project_summary,Total:237 Passed:237 Failed:0
1608209013700,396,selenium_log_out,Success,True
.test_2_selenium_z_log_out,Total:238 Passed:238 Failed:0


=============================== warnings summary ===============================
../../usr/local/lib/python3.8/dist-packages/_pytest/config/__init__.py:1114
  /usr/local/lib/python3.8/dist-packages/_pytest/config/__init__.py:1114: PytestAssertRewriteWarning: Module already imported so cannot be rewritten: apiritif
    self._mark_plugins_for_rewrite(hook)

-- Docs: https://docs.pytest.org/en/stable/warnings.html
======================== 14 passed, 1 warning in 9.41s =========================
============================= test session starts ==============================
platform linux -- Python 3.8.0, pytest-6.1.1, py-1.9.0, pluggy-0.13.1
rootdir: /dc-app-performance-toolkit/app
plugins: apiritif-0.9.5
collected 14 items

selenium_ui/jira_ui.py get driver from global
1608209013858,101,selenium_login:open_login_page,Success,True
1608209014339,480,selenium_login:login_and_view_dashboard,Success,True
1608209014339,582,selenium_login,Success,True
.test_0_selenium_a_login,Total:239 Passed:239 Failed:0
1608209014667,316,selenium_browse_projects_list,Success,True
.test_1_selenium_browse_projects_list,Total:240 Passed:240 Failed:0
1608209015434,766,selenium_browse_boards_list,Success,True
.test_1_selenium_browse_boards_list,Total:241 Passed:241 Failed:0
1608209016194,751,selenium_create_issue:open_quick_create,Success,True
1608209017324,608,selenium_create_issue:fill_and_submit_issue_form:submit_issue_form,Success,True
1608209017324,1130,selenium_create_issue:fill_and_submit_issue_form,Success,True
1608209017324,1881,selenium_create_issue,Success,True
.test_1_selenium_create_issue,Total:242 Passed:242 Failed:0
1608209017922,580,selenium_edit_issue:open_edit_issue_form,Success,True
1608209018841,577,selenium_edit_issue:save_edit_issue_form,Success,True
1608209018841,1499,selenium_edit_issue,Success,True
.test_1_selenium_edit_issue,Total:243 Passed:243 Failed:0
1608209019227,384,selenium_save_comment:open_comment_form,Success,True
1608209020272,850,selenium_save_comment:submit_form,Success,True
1608209020272,1429,selenium_save_comment,Success,True
.test_1_selenium_save_comment,Total:244 Passed:244 Failed:0
1608209020849,576,selenium_search_jql,Success,True
.test_1_selenium_search_jql,Total:245 Passed:245 Failed:0
1608209021203,352,selenium_view_scrum_board_backlog,Success,True
.test_1_selenium_view_backlog_for_scrum_board,Total:246 Passed:246 Failed:0
1608209021524,320,selenium_view_scrum_board,Success,True
.test_1_selenium_view_scrum_board,Total:247 Passed:247 Failed:0
1608209022400,874,selenium_view_kanban_board,Success,True
.test_1_selenium_view_kanban_board,Total:248 Passed:248 Failed:0
1608209022620,218,selenium_view_dashboard,Success,True
.test_1_selenium_view_dashboard,Total:249 Passed:249 Failed:0
1608209023277,655,selenium_view_issue,Success,True
.test_1_selenium_view_issue,Total:250 Passed:250 Failed:0
1608209023721,443,selenium_project_summary,Success,True
.test_1_selenium_view_project_summary,Total:251 Passed:251 Failed:0
1608209024085,362,selenium_log_out,Success,True
.test_2_selenium_z_log_out,Total:252 Passed:252 Failed:0


=============================== warnings summary ===============================
../../usr/local/lib/python3.8/dist-packages/_pytest/config/__init__.py:1114
  /usr/local/lib/python3.8/dist-packages/_pytest/config/__init__.py:1114: PytestAssertRewriteWarning: Module already imported so cannot be rewritten: apiritif
    self._mark_plugins_for_rewrite(hook)

-- Docs: https://docs.pytest.org/en/stable/warnings.html
======================== 14 passed, 1 warning in 10.34s ========================
============================= test session starts ==============================
platform linux -- Python 3.8.0, pytest-6.1.1, py-1.9.0, pluggy-0.13.1
rootdir: /dc-app-performance-toolkit/app
plugins: apiritif-0.9.5
collected 14 items

selenium_ui/jira_ui.py get driver from global
1608209024241,109,selenium_login:open_login_page,Success,True
1608209024703,461,selenium_login:login_and_view_dashboard,Success,True
1608209024703,571,selenium_login,Success,True
.test_0_selenium_a_login,Total:253 Passed:253 Failed:0
1608209025105,387,selenium_browse_projects_list,Success,True
.test_1_selenium_browse_projects_list,Total:254 Passed:254 Failed:0
1608209025375,269,selenium_browse_boards_list,Success,True
.test_1_selenium_browse_boards_list,Total:255 Passed:255 Failed:0
1608209026187,803,selenium_create_issue:open_quick_create,Success,True
1608209027357,607,selenium_create_issue:fill_and_submit_issue_form:submit_issue_form,Success,True
1608209027357,1169,selenium_create_issue:fill_and_submit_issue_form,Success,True
1608209027357,1973,selenium_create_issue,Success,True
.test_1_selenium_create_issue,Total:256 Passed:256 Failed:0
1608209028023,652,selenium_edit_issue:open_edit_issue_form,Success,True
1608209028883,595,selenium_edit_issue:save_edit_issue_form,Success,True
1608209028884,1513,selenium_edit_issue,Success,True
.test_1_selenium_edit_issue,Total:257 Passed:257 Failed:0
1608209029279,393,selenium_save_comment:open_comment_form,Success,True
1608209030225,787,selenium_save_comment:submit_form,Success,True
1608209030225,1340,selenium_save_comment,Success,True
.test_1_selenium_save_comment,Total:258 Passed:258 Failed:0
1608209030773,546,selenium_search_jql,Success,True
.test_1_selenium_search_jql,Total:259 Passed:259 Failed:0
1608209031117,342,selenium_view_scrum_board_backlog,Success,True
.test_1_selenium_view_backlog_for_scrum_board,Total:260 Passed:260 Failed:0
1608209031435,317,selenium_view_scrum_board,Success,True
.test_1_selenium_view_scrum_board,Total:261 Passed:261 Failed:0
1608209032240,803,selenium_view_kanban_board,Success,True
.test_1_selenium_view_kanban_board,Total:262 Passed:262 Failed:0
1608209032463,221,selenium_view_dashboard,Success,True
.test_1_selenium_view_dashboard,Total:263 Passed:263 Failed:0
1608209033106,642,selenium_view_issue,Success,True
.test_1_selenium_view_issue,Total:264 Passed:264 Failed:0
1608209033499,391,selenium_project_summary,Success,True
.test_1_selenium_view_project_summary,Total:265 Passed:265 Failed:0
1608209033865,364,selenium_log_out,Success,True
.test_2_selenium_z_log_out,Total:266 Passed:266 Failed:0


=============================== warnings summary ===============================
../../usr/local/lib/python3.8/dist-packages/_pytest/config/__init__.py:1114
  /usr/local/lib/python3.8/dist-packages/_pytest/config/__init__.py:1114: PytestAssertRewriteWarning: Module already imported so cannot be rewritten: apiritif
    self._mark_plugins_for_rewrite(hook)

-- Docs: https://docs.pytest.org/en/stable/warnings.html
======================== 14 passed, 1 warning in 9.74s =========================
============================= test session starts ==============================
platform linux -- Python 3.8.0, pytest-6.1.1, py-1.9.0, pluggy-0.13.1
rootdir: /dc-app-performance-toolkit/app
plugins: apiritif-0.9.5
collected 14 items

selenium_ui/jira_ui.py get driver from global
1608209034025,110,selenium_login:open_login_page,Success,True
1608209034563,537,selenium_login:login_and_view_dashboard,Success,True
1608209034563,648,selenium_login,Success,True
.test_0_selenium_a_login,Total:267 Passed:267 Failed:0
1608209034909,333,selenium_browse_projects_list,Success,True
.test_1_selenium_browse_projects_list,Total:268 Passed:268 Failed:0
1608209035170,260,selenium_browse_boards_list,Success,True
.test_1_selenium_browse_boards_list,Total:269 Passed:269 Failed:0
1608209035927,748,selenium_create_issue:open_quick_create,Success,True
1608209037078,608,selenium_create_issue:fill_and_submit_issue_form:submit_issue_form,Success,True
1608209037078,1150,selenium_create_issue:fill_and_submit_issue_form,Success,True
1608209037078,1899,selenium_create_issue,Success,True
.test_1_selenium_create_issue,Total:270 Passed:270 Failed:0
1608209037679,588,selenium_edit_issue:open_edit_issue_form,Success,True
1608209038689,647,selenium_edit_issue:save_edit_issue_form,Success,True
1608209038689,1598,selenium_edit_issue,Success,True
.test_1_selenium_edit_issue,Total:271 Passed:271 Failed:0
1608209039058,367,selenium_save_comment:open_comment_form,Success,True
1608209039972,735,selenium_save_comment:submit_form,Success,True
1608209039972,1281,selenium_save_comment,Success,True
.test_1_selenium_save_comment,Total:272 Passed:272 Failed:0
1608209040564,590,selenium_search_jql,Success,True
.test_1_selenium_search_jql,Total:273 Passed:273 Failed:0
1608209040956,390,selenium_view_scrum_board_backlog,Success,True
.test_1_selenium_view_backlog_for_scrum_board,Total:274 Passed:274 Failed:0
1608209041316,357,selenium_view_scrum_board,Success,True
.test_1_selenium_view_scrum_board,Total:275 Passed:275 Failed:0
1608209042055,738,selenium_view_kanban_board,Success,True
.test_1_selenium_view_kanban_board,Total:276 Passed:276 Failed:0
1608209042269,213,selenium_view_dashboard,Success,True
.test_1_selenium_view_dashboard,Total:277 Passed:277 Failed:0
1608209042890,619,selenium_view_issue,Success,True
.test_1_selenium_view_issue,Total:278 Passed:278 Failed:0
1608209043305,413,selenium_project_summary,Success,True
.test_1_selenium_view_project_summary,Total:279 Passed:279 Failed:0
1608209043688,382,selenium_log_out,Success,True
.test_2_selenium_z_log_out,Total:280 Passed:280 Failed:0


=============================== warnings summary ===============================
../../usr/local/lib/python3.8/dist-packages/_pytest/config/__init__.py:1114
  /usr/local/lib/python3.8/dist-packages/_pytest/config/__init__.py:1114: PytestAssertRewriteWarning: Module already imported so cannot be rewritten: apiritif
    self._mark_plugins_for_rewrite(hook)

-- Docs: https://docs.pytest.org/en/stable/warnings.html
======================== 14 passed, 1 warning in 9.78s =========================
============================= test session starts ==============================
platform linux -- Python 3.8.0, pytest-6.1.1, py-1.9.0, pluggy-0.13.1
rootdir: /dc-app-performance-toolkit/app
plugins: apiritif-0.9.5
collected 14 items

selenium_ui/jira_ui.py get driver from global
1608209043844,106,selenium_login:open_login_page,Success,True
1608209044356,511,selenium_login:login_and_view_dashboard,Success,True
1608209044356,617,selenium_login,Success,True
.test_0_selenium_a_login,Total:281 Passed:281 Failed:0
1608209044693,325,selenium_browse_projects_list,Success,True
.test_1_selenium_browse_projects_list,Total:282 Passed:282 Failed:0
1608209044979,284,selenium_browse_boards_list,Success,True
.test_1_selenium_browse_boards_list,Total:283 Passed:283 Failed:0
1608209045735,747,selenium_create_issue:open_quick_create,Success,True
1608209046936,609,selenium_create_issue:fill_and_submit_issue_form:submit_issue_form,Success,True
1608209046936,1200,selenium_create_issue:fill_and_submit_issue_form,Success,True
1608209046936,1948,selenium_create_issue,Success,True
.test_1_selenium_create_issue,Total:284 Passed:284 Failed:0
1608209047571,622,selenium_edit_issue:open_edit_issue_form,Success,True
1608209048629,689,selenium_edit_issue:save_edit_issue_form,Success,True
1608209048629,1680,selenium_edit_issue,Success,True
.test_1_selenium_edit_issue,Total:285 Passed:285 Failed:0
1608209049003,372,selenium_save_comment:open_comment_form,Success,True
1608209049914,741,selenium_save_comment:submit_form,Success,True
1608209049914,1283,selenium_save_comment,Success,True
.test_1_selenium_save_comment,Total:286 Passed:286 Failed:0
1608209050452,537,selenium_search_jql,Success,True
.test_1_selenium_search_jql,Total:287 Passed:287 Failed:0
1608209050805,351,selenium_view_scrum_board_backlog,Success,True
.test_1_selenium_view_backlog_for_scrum_board,Total:288 Passed:288 Failed:0
1608209051147,341,selenium_view_scrum_board,Success,True
.test_1_selenium_view_scrum_board,Total:289 Passed:289 Failed:0
1608209051906,757,selenium_view_kanban_board,Success,True
.test_1_selenium_view_kanban_board,Total:290 Passed:290 Failed:0
1608209052151,243,selenium_view_dashboard,Success,True
.test_1_selenium_view_dashboard,Total:291 Passed:291 Failed:0
1608209052771,618,selenium_view_issue,Success,True
.test_1_selenium_view_issue,Total:292 Passed:292 Failed:0
1608209053178,405,selenium_project_summary,Success,True
.test_1_selenium_view_project_summary,Total:293 Passed:293 Failed:0
1608209053531,351,selenium_log_out,Success,True
.test_2_selenium_z_log_out,Total:294 Passed:294 Failed:0


=============================== warnings summary ===============================
../../usr/local/lib/python3.8/dist-packages/_pytest/config/__init__.py:1114
  /usr/local/lib/python3.8/dist-packages/_pytest/config/__init__.py:1114: PytestAssertRewriteWarning: Module already imported so cannot be rewritten: apiritif
    self._mark_plugins_for_rewrite(hook)

-- Docs: https://docs.pytest.org/en/stable/warnings.html
======================== 14 passed, 1 warning in 9.80s =========================
============================= test session starts ==============================
platform linux -- Python 3.8.0, pytest-6.1.1, py-1.9.0, pluggy-0.13.1
rootdir: /dc-app-performance-toolkit/app
plugins: apiritif-0.9.5
collected 14 items

selenium_ui/jira_ui.py get driver from global
1608209053685,106,selenium_login:open_login_page,Success,True
1608209054197,511,selenium_login:login_and_view_dashboard,Success,True
1608209054197,618,selenium_login,Success,True
.test_0_selenium_a_login,Total:295 Passed:295 Failed:0
1608209054526,318,selenium_browse_projects_list,Success,True
.test_1_selenium_browse_projects_list,Total:296 Passed:296 Failed:0
1608209054802,274,selenium_browse_boards_list,Success,True
.test_1_selenium_browse_boards_list,Total:297 Passed:297 Failed:0
1608209055923,1113,selenium_create_issue:open_quick_create,Success,True
1608209057218,610,selenium_create_issue:fill_and_submit_issue_form:submit_issue_form,Success,True
1608209057218,1295,selenium_create_issue:fill_and_submit_issue_form,Success,True
1608209057218,2408,selenium_create_issue,Success,True
.test_1_selenium_create_issue,Total:298 Passed:298 Failed:0
1608209057866,635,selenium_edit_issue:open_edit_issue_form,Success,True
1608209058783,569,selenium_edit_issue:save_edit_issue_form,Success,True
1608209058783,1552,selenium_edit_issue,Success,True
.test_1_selenium_edit_issue,Total:299 Passed:299 Failed:0
1608209059159,374,selenium_save_comment:open_comment_form,Success,True
1608209060043,727,selenium_save_comment:submit_form,Success,True
1608209060043,1259,selenium_save_comment,Success,True
.test_1_selenium_save_comment,Total:300 Passed:300 Failed:0
1608209060696,651,selenium_search_jql,Success,True
.test_1_selenium_search_jql,Total:301 Passed:301 Failed:0
1608209061067,369,selenium_view_scrum_board_backlog,Success,True
.test_1_selenium_view_backlog_for_scrum_board,Total:302 Passed:302 Failed:0
1608209061402,333,selenium_view_scrum_board,Success,True
.test_1_selenium_view_scrum_board,Total:303 Passed:303 Failed:0
1608209062164,760,selenium_view_kanban_board,Success,True
.test_1_selenium_view_kanban_board,Total:304 Passed:304 Failed:0
1608209062382,217,selenium_view_dashboard,Success,True
.test_1_selenium_view_dashboard,Total:305 Passed:305 Failed:0
1608209062984,600,selenium_view_issue,Success,True
.test_1_selenium_view_issue,Total:306 Passed:306 Failed:0
1608209063480,494,selenium_project_summary,Success,True
.test_1_selenium_view_project_summary,Total:307 Passed:307 Failed:0
1608209063846,364,selenium_log_out,Success,True
.test_2_selenium_z_log_out,Total:308 Passed:308 Failed:0


=============================== warnings summary ===============================
../../usr/local/lib/python3.8/dist-packages/_pytest/config/__init__.py:1114
  /usr/local/lib/python3.8/dist-packages/_pytest/config/__init__.py:1114: PytestAssertRewriteWarning: Module already imported so cannot be rewritten: apiritif
    self._mark_plugins_for_rewrite(hook)

-- Docs: https://docs.pytest.org/en/stable/warnings.html
======================== 14 passed, 1 warning in 10.28s ========================
============================= test session starts ==============================
platform linux -- Python 3.8.0, pytest-6.1.1, py-1.9.0, pluggy-0.13.1
rootdir: /dc-app-performance-toolkit/app
plugins: apiritif-0.9.5
collected 14 items

selenium_ui/jira_ui.py get driver from global
1608209063997,101,selenium_login:open_login_page,Success,True
1608209064493,495,selenium_login:login_and_view_dashboard,Success,True
1608209064493,597,selenium_login,Success,True
.test_0_selenium_a_login,Total:309 Passed:309 Failed:0
1608209064827,321,selenium_browse_projects_list,Success,True
.test_1_selenium_browse_projects_list,Total:310 Passed:310 Failed:0
1608209065107,279,selenium_browse_boards_list,Success,True
.test_1_selenium_browse_boards_list,Total:311 Passed:311 Failed:0
1608209065866,749,selenium_create_issue:open_quick_create,Success,True
1608209067067,612,selenium_create_issue:fill_and_submit_issue_form:submit_issue_form,Success,True
1608209067067,1201,selenium_create_issue:fill_and_submit_issue_form,Success,True
1608209067067,1950,selenium_create_issue,Success,True
.test_1_selenium_create_issue,Total:312 Passed:312 Failed:0
1608209067786,699,selenium_edit_issue:open_edit_issue_form,Success,True
1608209068674,635,selenium_edit_issue:save_edit_issue_form,Success,True
1608209068674,1587,selenium_edit_issue,Success,True
.test_1_selenium_edit_issue,Total:313 Passed:313 Failed:0
1608209069013,337,selenium_save_comment:open_comment_form,Success,True
1608209069966,765,selenium_save_comment:submit_form,Success,True
1608209069967,1291,selenium_save_comment,Success,True
.test_1_selenium_save_comment,Total:314 Passed:314 Failed:0
1608209070529,561,selenium_search_jql,Success,True
.test_1_selenium_search_jql,Total:315 Passed:315 Failed:0
1608209070879,348,selenium_view_scrum_board_backlog,Success,True
.test_1_selenium_view_backlog_for_scrum_board,Total:316 Passed:316 Failed:0
1608209071212,331,selenium_view_scrum_board,Success,True
.test_1_selenium_view_scrum_board,Total:317 Passed:317 Failed:0
1608209071977,763,selenium_view_kanban_board,Success,True
.test_1_selenium_view_kanban_board,Total:318 Passed:318 Failed:0
1608209072203,224,selenium_view_dashboard,Success,True
.test_1_selenium_view_dashboard,Total:319 Passed:319 Failed:0
1608209072770,566,selenium_view_issue,Success,True
.test_1_selenium_view_issue,Total:320 Passed:320 Failed:0
1608209073177,405,selenium_project_summary,Success,True
.test_1_selenium_view_project_summary,Total:321 Passed:321 Failed:0
1608209073577,399,selenium_log_out,Success,True
.test_2_selenium_z_log_out,Total:322 Passed:322 Failed:0


=============================== warnings summary ===============================
../../usr/local/lib/python3.8/dist-packages/_pytest/config/__init__.py:1114
  /usr/local/lib/python3.8/dist-packages/_pytest/config/__init__.py:1114: PytestAssertRewriteWarning: Module already imported so cannot be rewritten: apiritif
    self._mark_plugins_for_rewrite(hook)

-- Docs: https://docs.pytest.org/en/stable/warnings.html
======================== 14 passed, 1 warning in 9.69s =========================
============================= test session starts ==============================
platform linux -- Python 3.8.0, pytest-6.1.1, py-1.9.0, pluggy-0.13.1
rootdir: /dc-app-performance-toolkit/app
plugins: apiritif-0.9.5
collected 14 items

selenium_ui/jira_ui.py get driver from global
1608209073731,104,selenium_login:open_login_page,Success,True
1608209074230,499,selenium_login:login_and_view_dashboard,Success,True
1608209074230,604,selenium_login,Success,True
.test_0_selenium_a_login,Total:323 Passed:323 Failed:0
1608209074543,302,selenium_browse_projects_list,Success,True
.test_1_selenium_browse_projects_list,Total:324 Passed:324 Failed:0
1608209074791,246,selenium_browse_boards_list,Success,True
.test_1_selenium_browse_boards_list,Total:325 Passed:325 Failed:0
1608209075573,773,selenium_create_issue:open_quick_create,Success,True
1608209076735,607,selenium_create_issue:fill_and_submit_issue_form:submit_issue_form,Success,True
1608209076735,1161,selenium_create_issue:fill_and_submit_issue_form,Success,True
1608209076735,1935,selenium_create_issue,Success,True
.test_1_selenium_create_issue,Total:326 Passed:326 Failed:0
1608209077376,629,selenium_edit_issue:open_edit_issue_form,Success,True
1608209078384,715,selenium_edit_issue:save_edit_issue_form,Success,True
1608209078384,1637,selenium_edit_issue,Success,True
.test_1_selenium_edit_issue,Total:327 Passed:327 Failed:0
1608209078708,322,selenium_save_comment:open_comment_form,Success,True
1608209079594,738,selenium_save_comment:submit_form,Success,True
1608209079594,1208,selenium_save_comment,Success,True
.test_1_selenium_save_comment,Total:328 Passed:328 Failed:0
1608209080169,573,selenium_search_jql,Success,True
.test_1_selenium_search_jql,Total:329 Passed:329 Failed:0
1608209080519,348,selenium_view_scrum_board_backlog,Success,True
.test_1_selenium_view_backlog_for_scrum_board,Total:330 Passed:330 Failed:0
1608209080860,339,selenium_view_scrum_board,Success,True
.test_1_selenium_view_scrum_board,Total:331 Passed:331 Failed:0
1608209081616,755,selenium_view_kanban_board,Success,True
.test_1_selenium_view_kanban_board,Total:332 Passed:332 Failed:0
1608209081841,223,selenium_view_dashboard,Success,True
.test_1_selenium_view_dashboard,Total:333 Passed:333 Failed:0
1608209082453,610,selenium_view_issue,Success,True
.test_1_selenium_view_issue,Total:334 Passed:334 Failed:0
1608209082953,499,selenium_project_summary,Success,True
.test_1_selenium_view_project_summary,Total:335 Passed:335 Failed:0
1608209083363,408,selenium_log_out,Success,True
.test_2_selenium_z_log_out,Total:336 Passed:336 Failed:0


=============================== warnings summary ===============================
../../usr/local/lib/python3.8/dist-packages/_pytest/config/__init__.py:1114
  /usr/local/lib/python3.8/dist-packages/_pytest/config/__init__.py:1114: PytestAssertRewriteWarning: Module already imported so cannot be rewritten: apiritif
    self._mark_plugins_for_rewrite(hook)

-- Docs: https://docs.pytest.org/en/stable/warnings.html
======================== 14 passed, 1 warning in 9.75s =========================
============================= test session starts ==============================
platform linux -- Python 3.8.0, pytest-6.1.1, py-1.9.0, pluggy-0.13.1
rootdir: /dc-app-performance-toolkit/app
plugins: apiritif-0.9.5
collected 14 items

selenium_ui/jira_ui.py get driver from global
1608209083518,107,selenium_login:open_login_page,Success,True
1608209084046,528,selenium_login:login_and_view_dashboard,Success,True
1608209084046,635,selenium_login,Success,True
.test_0_selenium_a_login,Total:337 Passed:337 Failed:0
1608209084394,335,selenium_browse_projects_list,Success,True
.test_1_selenium_browse_projects_list,Total:338 Passed:338 Failed:0
1608209084679,283,selenium_browse_boards_list,Success,True
.test_1_selenium_browse_boards_list,Total:339 Passed:339 Failed:0
1608209085446,757,selenium_create_issue:open_quick_create,Success,True
1608209086618,613,selenium_create_issue:fill_and_submit_issue_form:submit_issue_form,Success,True
1608209086618,1172,selenium_create_issue:fill_and_submit_issue_form,Success,True
1608209086618,1930,selenium_create_issue,Success,True
.test_1_selenium_create_issue,Total:340 Passed:340 Failed:0
1608209087215,584,selenium_edit_issue:open_edit_issue_form,Success,True
1608209088141,574,selenium_edit_issue:save_edit_issue_form,Success,True
1608209088141,1510,selenium_edit_issue,Success,True
.test_1_selenium_edit_issue,Total:341 Passed:341 Failed:0
1608209088512,368,selenium_save_comment:open_comment_form,Success,True
1608209089490,801,selenium_save_comment:submit_form,Success,True
1608209089490,1347,selenium_save_comment,Success,True
.test_1_selenium_save_comment,Total:342 Passed:342 Failed:0
1608209090056,565,selenium_search_jql,Success,True
.test_1_selenium_search_jql,Total:343 Passed:343 Failed:0
1608209090403,345,selenium_view_scrum_board_backlog,Success,True
.test_1_selenium_view_backlog_for_scrum_board,Total:344 Passed:344 Failed:0
1608209090755,350,selenium_view_scrum_board,Success,True
.test_1_selenium_view_scrum_board,Total:345 Passed:345 Failed:0
1608209091532,776,selenium_view_kanban_board,Success,True
.test_1_selenium_view_kanban_board,Total:346 Passed:346 Failed:0
1608209091765,231,selenium_view_dashboard,Success,True
.test_1_selenium_view_dashboard,Total:347 Passed:347 Failed:0
1608209092393,626,selenium_view_issue,Success,True
.test_1_selenium_view_issue,Total:348 Passed:348 Failed:0
1608209092786,391,selenium_project_summary,Success,True
.test_1_selenium_view_project_summary,Total:349 Passed:349 Failed:0
1608209093163,376,selenium_log_out,Success,True
.test_2_selenium_z_log_out,Total:350 Passed:350 Failed:0


=============================== warnings summary ===============================
../../usr/local/lib/python3.8/dist-packages/_pytest/config/__init__.py:1114
  /usr/local/lib/python3.8/dist-packages/_pytest/config/__init__.py:1114: PytestAssertRewriteWarning: Module already imported so cannot be rewritten: apiritif
    self._mark_plugins_for_rewrite(hook)

-- Docs: https://docs.pytest.org/en/stable/warnings.html
======================== 14 passed, 1 warning in 9.76s =========================
============================= test session starts ==============================
platform linux -- Python 3.8.0, pytest-6.1.1, py-1.9.0, pluggy-0.13.1
rootdir: /dc-app-performance-toolkit/app
plugins: apiritif-0.9.5
collected 14 items

selenium_ui/jira_ui.py get driver from global
1608209093316,103,selenium_login:open_login_page,Success,True
1608209093873,556,selenium_login:login_and_view_dashboard,Success,True
1608209093873,660,selenium_login,Success,True
.test_0_selenium_a_login,Total:351 Passed:351 Failed:0
1608209094221,336,selenium_browse_projects_list,Success,True
.test_1_selenium_browse_projects_list,Total:352 Passed:352 Failed:0
1608209094481,259,selenium_browse_boards_list,Success,True
.test_1_selenium_browse_boards_list,Total:353 Passed:353 Failed:0
1608209095252,761,selenium_create_issue:open_quick_create,Success,True
1608209096467,616,selenium_create_issue:fill_and_submit_issue_form:submit_issue_form,Success,True
1608209096467,1215,selenium_create_issue:fill_and_submit_issue_form,Success,True
1608209096467,1977,selenium_create_issue,Success,True
.test_1_selenium_create_issue,Total:354 Passed:354 Failed:0
1608209097182,701,selenium_edit_issue:open_edit_issue_form,Success,True
1608209098057,609,selenium_edit_issue:save_edit_issue_form,Success,True
1608209098057,1576,selenium_edit_issue,Success,True
.test_1_selenium_edit_issue,Total:355 Passed:355 Failed:0
1608209098448,390,selenium_save_comment:open_comment_form,Success,True
1608209099369,772,selenium_save_comment:submit_form,Success,True
1608209099369,1311,selenium_save_comment,Success,True
.test_1_selenium_save_comment,Total:356 Passed:356 Failed:0
1608209099955,584,selenium_search_jql,Success,True
.test_1_selenium_search_jql,Total:357 Passed:357 Failed:0
1608209100367,411,selenium_view_scrum_board_backlog,Success,True
.test_1_selenium_view_backlog_for_scrum_board,Total:358 Passed:358 Failed:0
1608209100724,355,selenium_view_scrum_board,Success,True
.test_1_selenium_view_scrum_board,Total:359 Passed:359 Failed:0
1608209101456,731,selenium_view_kanban_board,Success,True
.test_1_selenium_view_kanban_board,Total:360 Passed:360 Failed:0
1608209101668,210,selenium_view_dashboard,Success,True
.test_1_selenium_view_dashboard,Total:361 Passed:361 Failed:0
1608209102235,565,selenium_view_issue,Success,True
.test_1_selenium_view_issue,Total:362 Passed:362 Failed:0
1608209102714,477,selenium_project_summary,Success,True
.test_1_selenium_view_project_summary,Total:363 Passed:363 Failed:0
1608209103090,374,selenium_log_out,Success,True
.test_2_selenium_z_log_out,Total:364 Passed:364 Failed:0


=============================== warnings summary ===============================
../../usr/local/lib/python3.8/dist-packages/_pytest/config/__init__.py:1114
  /usr/local/lib/python3.8/dist-packages/_pytest/config/__init__.py:1114: PytestAssertRewriteWarning: Module already imported so cannot be rewritten: apiritif
    self._mark_plugins_for_rewrite(hook)

-- Docs: https://docs.pytest.org/en/stable/warnings.html
[...]
.test_1_selenium_view_backlog_for_scrum_board,Total:3620 Passed:3620 Failed:0
1608211444527,343,selenium_view_scrum_board,Success,True
.test_1_selenium_view_scrum_board,Total:3621 Passed:3621 Failed:0
1608211445271,742,selenium_view_kanban_board,Success,True
.test_1_selenium_view_kanban_board,Total:3622 Passed:3622 Failed:0
1608211445501,228,selenium_view_dashboard,Success,True
.test_1_selenium_view_dashboard,Total:3623 Passed:3623 Failed:0
1608211446071,568,selenium_view_issue,Success,True
.test_1_selenium_view_issue,Total:3624 Passed:3624 Failed:0
1608211446453,380,selenium_project_summary,Success,True
.test_1_selenium_view_project_summary,Total:3625 Passed:3625 Failed:0
1608211446826,371,selenium_log_out,Success,True
.test_2_selenium_z_log_out,Total:3626 Passed:3626 Failed:0


=============================== warnings summary ===============================
../../usr/local/lib/python3.8/dist-packages/_pytest/config/__init__.py:1114
  /usr/local/lib/python3.8/dist-packages/_pytest/config/__init__.py:1114: PytestAssertRewriteWarning: Module already imported so cannot be rewritten: apiritif
    self._mark_plugins_for_rewrite(hook)

-- Docs: https://docs.pytest.org/en/stable/warnings.html
======================== 14 passed, 1 warning in 10.22s ========================
============================= test session starts ==============================
platform linux -- Python 3.8.0, pytest-6.1.1, py-1.9.0, pluggy-0.13.1
rootdir: /dc-app-performance-toolkit/app
plugins: apiritif-0.9.5
collected 14 items

selenium_ui/jira_ui.py get driver from global
1608211446976,102,selenium_login:open_login_page,Success,True
1608211447431,454,selenium_login:login_and_view_dashboard,Success,True
1608211447431,557,selenium_login,Success,True
.test_0_selenium_a_login,Total:3627 Passed:3627 Failed:0
1608211447825,374,selenium_browse_projects_list,Success,True
.test_1_selenium_browse_projects_list,Total:3628 Passed:3628 Failed:0
1608211448091,265,selenium_browse_boards_list,Success,True
.test_1_selenium_browse_boards_list,Total:3629 Passed:3629 Failed:0
1608211448755,654,selenium_create_issue:open_quick_create,Success,True
1608211449919,602,selenium_create_issue:fill_and_submit_issue_form:submit_issue_form,Success,True
1608211449919,1164,selenium_create_issue:fill_and_submit_issue_form,Success,True
1608211449919,1819,selenium_create_issue,Success,True
.test_1_selenium_create_issue,Total:3630 Passed:3630 Failed:0
1608211450599,667,selenium_edit_issue:open_edit_issue_form,Success,True
1608211451417,533,selenium_edit_issue:save_edit_issue_form,Success,True
1608211451417,1485,selenium_edit_issue,Success,True
.test_1_selenium_edit_issue,Total:3631 Passed:3631 Failed:0
1608211451759,341,selenium_save_comment:open_comment_form,Success,True
1608211452698,755,selenium_save_comment:submit_form,Success,True
1608211452698,1279,selenium_save_comment,Success,True
.test_1_selenium_save_comment,Total:3632 Passed:3632 Failed:0
1608211453834,1134,selenium_search_jql,Success,True
.test_1_selenium_search_jql,Total:3633 Passed:3633 Failed:0
1608211454217,381,selenium_view_scrum_board_backlog,Success,True
.test_1_selenium_view_backlog_for_scrum_board,Total:3634 Passed:3634 Failed:0
1608211454574,355,selenium_view_scrum_board,Success,True
.test_1_selenium_view_scrum_board,Total:3635 Passed:3635 Failed:0
1608211455315,739,selenium_view_kanban_board,Success,True
.test_1_selenium_view_kanban_board,Total:3636 Passed:3636 Failed:0
1608211455534,218,selenium_view_dashboard,Success,True
.test_1_selenium_view_dashboard,Total:3637 Passed:3637 Failed:0
1608211456107,571,selenium_view_issue,Success,True
.test_1_selenium_view_issue,Total:3638 Passed:3638 Failed:0
1608211456549,441,selenium_project_summary,Success,True
.test_1_selenium_view_project_summary,Total:3639 Passed:3639 Failed:0
1608211456925,374,selenium_log_out,Success,True
.test_2_selenium_z_log_out,Total:3640 Passed:3640 Failed:0


=============================== warnings summary ===============================
../../usr/local/lib/python3.8/dist-packages/_pytest/config/__init__.py:1114
  /usr/local/lib/python3.8/dist-packages/_pytest/config/__init__.py:1114: PytestAssertRewriteWarning: Module already imported so cannot be rewritten: apiritif
    self._mark_plugins_for_rewrite(hook)

-- Docs: https://docs.pytest.org/en/stable/warnings.html
======================== 14 passed, 1 warning in 10.06s ========================
============================= test session starts ==============================
platform linux -- Python 3.8.0, pytest-6.1.1, py-1.9.0, pluggy-0.13.1
rootdir: /dc-app-performance-toolkit/app
plugins: apiritif-0.9.5
collected 14 items

selenium_ui/jira_ui.py get driver from global
1608211457073,99,selenium_login:open_login_page,Success,True
1608211457572,499,selenium_login:login_and_view_dashboard,Success,True
1608211457573,598,selenium_login,Success,True
.test_0_selenium_a_login,Total:3641 Passed:3641 Failed:0
1608211457893,309,selenium_browse_projects_list,Success,True
.test_1_selenium_browse_projects_list,Total:3642 Passed:3642 Failed:0
1608211458186,292,selenium_browse_boards_list,Success,True
.test_1_selenium_browse_boards_list,Total:3643 Passed:3643 Failed:0
1608211458966,771,selenium_create_issue:open_quick_create,Success,True
1608211460135,605,selenium_create_issue:fill_and_submit_issue_form:submit_issue_form,Success,True
1608211460135,1168,selenium_create_issue:fill_and_submit_issue_form,Success,True
1608211460135,1940,selenium_create_issue,Success,True
.test_1_selenium_create_issue,Total:3644 Passed:3644 Failed:0
1608211460832,682,selenium_edit_issue:open_edit_issue_form,Success,True
1608211461677,572,selenium_edit_issue:save_edit_issue_form,Success,True
1608211461677,1528,selenium_edit_issue,Success,True
.test_1_selenium_edit_issue,Total:3645 Passed:3645 Failed:0
1608211462025,347,selenium_save_comment:open_comment_form,Success,True
1608211462934,719,selenium_save_comment:submit_form,Success,True
1608211462934,1255,selenium_save_comment,Success,True
.test_1_selenium_save_comment,Total:3646 Passed:3646 Failed:0
1608211463995,1059,selenium_search_jql,Success,True
.test_1_selenium_search_jql,Total:3647 Passed:3647 Failed:0
1608211464367,371,selenium_view_scrum_board_backlog,Success,True
.test_1_selenium_view_backlog_for_scrum_board,Total:3648 Passed:3648 Failed:0
1608211464686,317,selenium_view_scrum_board,Success,True
.test_1_selenium_view_scrum_board,Total:3649 Passed:3649 Failed:0
1608211465452,764,selenium_view_kanban_board,Success,True
.test_1_selenium_view_kanban_board,Total:3650 Passed:3650 Failed:0
1608211465692,238,selenium_view_dashboard,Success,True
.test_1_selenium_view_dashboard,Total:3651 Passed:3651 Failed:0
1608211466323,628,selenium_view_issue,Success,True
.test_1_selenium_view_issue,Total:3652 Passed:3652 Failed:0
1608211466788,463,selenium_project_summary,Success,True
.test_1_selenium_view_project_summary,Total:3653 Passed:3653 Failed:0
1608211467198,408,selenium_log_out,Success,True
.test_2_selenium_z_log_out,Total:3654 Passed:3654 Failed:0


=============================== warnings summary ===============================
../../usr/local/lib/python3.8/dist-packages/_pytest/config/__init__.py:1114
  /usr/local/lib/python3.8/dist-packages/_pytest/config/__init__.py:1114: PytestAssertRewriteWarning: Module already imported so cannot be rewritten: apiritif
    self._mark_plugins_for_rewrite(hook)

-- Docs: https://docs.pytest.org/en/stable/warnings.html
======================== 14 passed, 1 warning in 10.23s ========================
============================= test session starts ==============================
platform linux -- Python 3.8.0, pytest-6.1.1, py-1.9.0, pluggy-0.13.1
rootdir: /dc-app-performance-toolkit/app
plugins: apiritif-0.9.5
collected 14 items

selenium_ui/jira_ui.py get driver from global
1608211467350,103,selenium_login:open_login_page,Success,True
1608211467829,478,selenium_login:login_and_view_dashboard,Success,True
1608211467829,581,selenium_login,Success,True
.test_0_selenium_a_login,Total:3655 Passed:3655 Failed:0
1608211468154,314,selenium_browse_projects_list,Success,True
.test_1_selenium_browse_projects_list,Total:3656 Passed:3656 Failed:0
1608211468432,277,selenium_browse_boards_list,Success,True
.test_1_selenium_browse_boards_list,Total:3657 Passed:3657 Failed:0
1608211469226,785,selenium_create_issue:open_quick_create,Success,True
1608211470388,605,selenium_create_issue:fill_and_submit_issue_form:submit_issue_form,Success,True
1608211470388,1161,selenium_create_issue:fill_and_submit_issue_form,Success,True
1608211470388,1946,selenium_create_issue,Success,True
.test_1_selenium_create_issue,Total:3658 Passed:3658 Failed:0
1608211471048,648,selenium_edit_issue:open_edit_issue_form,Success,True
1608211471922,595,selenium_edit_issue:save_edit_issue_form,Success,True
1608211471922,1522,selenium_edit_issue,Success,True
.test_1_selenium_edit_issue,Total:3659 Passed:3659 Failed:0
1608211472346,423,selenium_save_comment:open_comment_form,Success,True
1608211473226,710,selenium_save_comment:submit_form,Success,True
1608211473226,1302,selenium_save_comment,Success,True
.test_1_selenium_save_comment,Total:3660 Passed:3660 Failed:0
1608211474360,1132,selenium_search_jql,Success,True
.test_1_selenium_search_jql,Total:3661 Passed:3661 Failed:0
1608211474725,364,selenium_view_scrum_board_backlog,Success,True
.test_1_selenium_view_backlog_for_scrum_board,Total:3662 Passed:3662 Failed:0
1608211475046,319,selenium_view_scrum_board,Success,True
.test_1_selenium_view_scrum_board,Total:3663 Passed:3663 Failed:0
1608211475803,755,selenium_view_kanban_board,Success,True
.test_1_selenium_view_kanban_board,Total:3664 Passed:3664 Failed:0
1608211476026,221,selenium_view_dashboard,Success,True
.test_1_selenium_view_dashboard,Total:3665 Passed:3665 Failed:0
1608211476599,571,selenium_view_issue,Success,True
.test_1_selenium_view_issue,Total:3666 Passed:3666 Failed:0
1608211477012,410,selenium_project_summary,Success,True
.test_1_selenium_view_project_summary,Total:3667 Passed:3667 Failed:0
1608211477430,417,selenium_log_out,Success,True
.test_2_selenium_z_log_out,Total:3668 Passed:3668 Failed:0


=============================== warnings summary ===============================
../../usr/local/lib/python3.8/dist-packages/_pytest/config/__init__.py:1114
  /usr/local/lib/python3.8/dist-packages/_pytest/config/__init__.py:1114: PytestAssertRewriteWarning: Module already imported so cannot be rewritten: apiritif
    self._mark_plugins_for_rewrite(hook)

-- Docs: https://docs.pytest.org/en/stable/warnings.html
======================== 14 passed, 1 warning in 10.19s ========================
============================= test session starts ==============================
platform linux -- Python 3.8.0, pytest-6.1.1, py-1.9.0, pluggy-0.13.1
rootdir: /dc-app-performance-toolkit/app
plugins: apiritif-0.9.5
collected 14 items

selenium_ui/jira_ui.py get driver from global
1608211477589,108,selenium_login:open_login_page,Success,True
1608211478110,520,selenium_login:login_and_view_dashboard,Success,True
1608211478110,629,selenium_login,Success,True
.test_0_selenium_a_login,Total:3669 Passed:3669 Failed:0
1608211478465,341,selenium_browse_projects_list,Success,True
.test_1_selenium_browse_projects_list,Total:3670 Passed:3670 Failed:0
1608211478725,258,selenium_browse_boards_list,Success,True
.test_1_selenium_browse_boards_list,Total:3671 Passed:3671 Failed:0
1608211479539,805,selenium_create_issue:open_quick_create,Success,True
1608211480638,601,selenium_create_issue:fill_and_submit_issue_form:submit_issue_form,Success,True
1608211480638,1099,selenium_create_issue:fill_and_submit_issue_form,Success,True
1608211480638,1904,selenium_create_issue,Success,True
.test_1_selenium_create_issue,Total:3672 Passed:3672 Failed:0
1608211481303,652,selenium_edit_issue:open_edit_issue_form,Success,True
1608211482271,620,selenium_edit_issue:save_edit_issue_form,Success,True
1608211482271,1620,selenium_edit_issue,Success,True
.test_1_selenium_edit_issue,Total:3673 Passed:3673 Failed:0
1608211482700,428,selenium_save_comment:open_comment_form,Success,True
1608211483597,731,selenium_save_comment:submit_form,Success,True
1608211483597,1325,selenium_save_comment,Success,True
.test_1_selenium_save_comment,Total:3674 Passed:3674 Failed:0
1608211484663,1064,selenium_search_jql,Success,True
.test_1_selenium_search_jql,Total:3675 Passed:3675 Failed:0
1608211485033,369,selenium_view_scrum_board_backlog,Success,True
.test_1_selenium_view_backlog_for_scrum_board,Total:3676 Passed:3676 Failed:0
1608211485389,354,selenium_view_scrum_board,Success,True
.test_1_selenium_view_scrum_board,Total:3677 Passed:3677 Failed:0
1608211486139,748,selenium_view_kanban_board,Success,True
.test_1_selenium_view_kanban_board,Total:3678 Passed:3678 Failed:0
1608211486387,246,selenium_view_dashboard,Success,True
.test_1_selenium_view_dashboard,Total:3679 Passed:3679 Failed:0
1608211487040,651,selenium_view_issue,Success,True
.test_1_selenium_view_issue,Total:3680 Passed:3680 Failed:0
1608211487522,480,selenium_project_summary,Success,True
.test_1_selenium_view_project_summary,Total:3681 Passed:3681 Failed:0
1608211487913,390,selenium_log_out,Success,True
.test_2_selenium_z_log_out,Total:3682 Passed:3682 Failed:0


=============================== warnings summary ===============================
../../usr/local/lib/python3.8/dist-packages/_pytest/config/__init__.py:1114
  /usr/local/lib/python3.8/dist-packages/_pytest/config/__init__.py:1114: PytestAssertRewriteWarning: Module already imported so cannot be rewritten: apiritif
    self._mark_plugins_for_rewrite(hook)

-- Docs: https://docs.pytest.org/en/stable/warnings.html
======================== 14 passed, 1 warning in 10.44s ========================
============================= test session starts ==============================
platform linux -- Python 3.8.0, pytest-6.1.1, py-1.9.0, pluggy-0.13.1
rootdir: /dc-app-performance-toolkit/app
plugins: apiritif-0.9.5
collected 14 items

selenium_ui/jira_ui.py get driver from global
1608211488063,100,selenium_login:open_login_page,Success,True
1608211488592,529,selenium_login:login_and_view_dashboard,Success,True
1608211488592,629,selenium_login,Success,True
.test_0_selenium_a_login,Total:3683 Passed:3683 Failed:0
1608211488925,322,selenium_browse_projects_list,Success,True
.test_1_selenium_browse_projects_list,Total:3684 Passed:3684 Failed:0
1608211489183,256,selenium_browse_boards_list,Success,True
.test_1_selenium_browse_boards_list,Total:3685 Passed:3685 Failed:0
1608211489940,747,selenium_create_issue:open_quick_create,Success,True
1608211491109,603,selenium_create_issue:fill_and_submit_issue_form:submit_issue_form,Success,True
1608211491109,1168,selenium_create_issue:fill_and_submit_issue_form,Success,True
1608211491109,1915,selenium_create_issue,Success,True
.test_1_selenium_create_issue,Total:3686 Passed:3686 Failed:0
1608211491801,679,selenium_edit_issue:open_edit_issue_form,Success,True
1608211492656,563,selenium_edit_issue:save_edit_issue_form,Success,True
1608211492656,1534,selenium_edit_issue,Success,True
.test_1_selenium_edit_issue,Total:3687 Passed:3687 Failed:0
1608211493052,394,selenium_save_comment:open_comment_form,Success,True
1608211493957,738,selenium_save_comment:submit_form,Success,True
1608211493957,1300,selenium_save_comment,Success,True
.test_1_selenium_save_comment,Total:3688 Passed:3688 Failed:0
1608211495038,1079,selenium_search_jql,Success,True
.test_1_selenium_search_jql,Total:3689 Passed:3689 Failed:0
1608211495412,372,selenium_view_scrum_board_backlog,Success,True
.test_1_selenium_view_backlog_for_scrum_board,Total:3690 Passed:3690 Failed:0
1608211495778,364,selenium_view_scrum_board,Success,True
.test_1_selenium_view_scrum_board,Total:3691 Passed:3691 Failed:0
1608211496523,743,selenium_view_kanban_board,Success,True
.test_1_selenium_view_kanban_board,Total:3692 Passed:3692 Failed:0
1608211496763,238,selenium_view_dashboard,Success,True
.test_1_selenium_view_dashboard,Total:3693 Passed:3693 Failed:0
1608211497359,595,selenium_view_issue,Success,True
.test_1_selenium_view_issue,Total:3694 Passed:3694 Failed:0
1608211497768,407,selenium_project_summary,Success,True
.test_1_selenium_view_project_summary,Total:3695 Passed:3695 Failed:0
1608211498143,374,selenium_log_out,Success,True
.test_2_selenium_z_log_out,Total:3696 Passed:3696 Failed:0


=============================== warnings summary ===============================
../../usr/local/lib/python3.8/dist-packages/_pytest/config/__init__.py:1114
  /usr/local/lib/python3.8/dist-packages/_pytest/config/__init__.py:1114: PytestAssertRewriteWarning: Module already imported so cannot be rewritten: apiritif
    self._mark_plugins_for_rewrite(hook)

-- Docs: https://docs.pytest.org/en/stable/warnings.html
======================== 14 passed, 1 warning in 10.19s ========================
============================= test session starts ==============================
platform linux -- Python 3.8.0, pytest-6.1.1, py-1.9.0, pluggy-0.13.1
rootdir: /dc-app-performance-toolkit/app
plugins: apiritif-0.9.5
collected 14 items

selenium_ui/jira_ui.py get driver from global
1608211498295,101,selenium_login:open_login_page,Success,True
1608211498783,487,selenium_login:login_and_view_dashboard,Success,True
1608211498783,589,selenium_login,Success,True
.test_0_selenium_a_login,Total:3697 Passed:3697 Failed:0
1608211499100,306,selenium_browse_projects_list,Success,True
.test_1_selenium_browse_projects_list,Total:3698 Passed:3698 Failed:0
1608211499362,260,selenium_browse_boards_list,Success,True
.test_1_selenium_browse_boards_list,Total:3699 Passed:3699 Failed:0
1608211500107,736,selenium_create_issue:open_quick_create,Success,True
1608211501319,606,selenium_create_issue:fill_and_submit_issue_form:submit_issue_form,Success,True
1608211501319,1212,selenium_create_issue:fill_and_submit_issue_form,Success,True
1608211501320,1949,selenium_create_issue,Success,True
.test_1_selenium_create_issue,Total:3700 Passed:3700 Failed:0
1608211501887,555,selenium_edit_issue:open_edit_issue_form,Success,True
1608211502836,570,selenium_edit_issue:save_edit_issue_form,Success,True
1608211502836,1504,selenium_edit_issue,Success,True
.test_1_selenium_edit_issue,Total:3701 Passed:3701 Failed:0
1608211503215,376,selenium_save_comment:open_comment_form,Success,True
1608211504157,756,selenium_save_comment:submit_form,Success,True
1608211504158,1319,selenium_save_comment,Success,True
.test_1_selenium_save_comment,Total:3702 Passed:3702 Failed:0
1608211505255,1096,selenium_search_jql,Success,True
.test_1_selenium_search_jql,Total:3703 Passed:3703 Failed:0
1608211505638,381,selenium_view_scrum_board_backlog,Success,True
.test_1_selenium_view_backlog_for_scrum_board,Total:3704 Passed:3704 Failed:0
1608211506032,393,selenium_view_scrum_board,Success,True
.test_1_selenium_view_scrum_board,Total:3705 Passed:3705 Failed:0
1608211506787,753,selenium_view_kanban_board,Success,True
.test_1_selenium_view_kanban_board,Total:3706 Passed:3706 Failed:0
1608211507012,223,selenium_view_dashboard,Success,True
.test_1_selenium_view_dashboard,Total:3707 Passed:3707 Failed:0
1608211507612,598,selenium_view_issue,Success,True
.test_1_selenium_view_issue,Total:3708 Passed:3708 Failed:0
1608211508081,468,selenium_project_summary,Success,True
.test_1_selenium_view_project_summary,Total:3709 Passed:3709 Failed:0
1608211508490,407,selenium_log_out,Success,True
.test_2_selenium_z_log_out,Total:3710 Passed:3710 Failed:0


=============================== warnings summary ===============================
../../usr/local/lib/python3.8/dist-packages/_pytest/config/__init__.py:1114
  /usr/local/lib/python3.8/dist-packages/_pytest/config/__init__.py:1114: PytestAssertRewriteWarning: Module already imported so cannot be rewritten: apiritif
    self._mark_plugins_for_rewrite(hook)

-- Docs: https://docs.pytest.org/en/stable/warnings.html
======================== 14 passed, 1 warning in 10.31s ========================
